<html xmlns:lxslt="http://xml.apache.org/xslt" xmlns:stringutils="xalan://org.apache.tools.ant.util.StringUtils">
<head>
<META http-equiv="Content-Type" content="text/html; charset=UTF-8">
<title>Unit Test Results: All Tests</title>
<link rel="stylesheet" type="text/css" title="Style" href="stylesheet.css">
</head>
<body onload="open('allclasses-frame.html','classListFrame')">
<h1>Unit Test Results.</h1>
<table width="100%">
<tr>
<td align="left"></td><td align="right">Designed for use with <a href="http://www.junit.org/">JUnit</a> and <a href="http://ant.apache.org/">Ant</a>.</td>
</tr>
</table>
<hr size="1">
<h2>All Tests</h2>
<table class="details" border="0" cellpadding="5" cellspacing="2" width="95%">
<tr valign="top">
<th>Class</th><th>Name</th><th>Status</th><th width="80%">Type</th><th nowrap>Time(s)</th>
</tr>
<tr valign="top" class="Error">
<td><a href="activiti/activities/0_CallActivity_GlobalTask.html">CallActivity_GlobalTask</a></td><td><a name="test1AssertSCRIPT_task1SCRIPT_task2"></a><a href="activiti/activities/0_CallActivity_GlobalTask.html#test1AssertSCRIPT_task1SCRIPT_task2">test1AssertSCRIPT_task1SCRIPT_task2</a></td><td>Error</td><td>expected [SCRIPT_task1, SCRIPT_task2] but got [ERROR_runtime]: array lengths differed, expected.length=2 actual.length=1<br>
<br>
<code>java.lang.AssertionError: expected [SCRIPT_task1, SCRIPT_task2] but got [ERROR_runtime]: array lengths differed, expected.length=2 actual.length=1<br>	at activiti.activities.CallActivity_GlobalTask.test1AssertSCRIPT_task1SCRIPT_task2(Unknown Source)<br>
</code></td><td>0.013</td>
</tr>
<tr valign="top" class="Error">
<td><a href="activiti/activities/1_CallActivity_Process.html">CallActivity_Process</a></td><td><a name="test1AssertSCRIPT_task1SCRIPT_task2"></a><a href="activiti/activities/1_CallActivity_Process.html#test1AssertSCRIPT_task1SCRIPT_task2">test1AssertSCRIPT_task1SCRIPT_task2</a></td><td>Error</td><td>expected [SCRIPT_task1, SCRIPT_task2] but got [ERROR_runtime]: array lengths differed, expected.length=2 actual.length=1<br>
<br>
<code>java.lang.AssertionError: expected [SCRIPT_task1, SCRIPT_task2] but got [ERROR_runtime]: array lengths differed, expected.length=2 actual.length=1<br>	at activiti.activities.CallActivity_Process.test1AssertSCRIPT_task1SCRIPT_task2(Unknown Source)<br>
</code></td><td>0.012</td>
</tr>
<tr valign="top" class="Error">
<td><a href="activiti/activities/2_LoopTask_LoopMaximum.html">LoopTask_LoopMaximum</a></td><td><a name="test1AssertSCRIPT_task1SCRIPT_task1SCRIPT_task1SCRIPT_task2"></a><a href="activiti/activities/2_LoopTask_LoopMaximum.html#test1AssertSCRIPT_task1SCRIPT_task1SCRIPT_task1SCRIPT_task2">test1AssertSCRIPT_task1SCRIPT_task1SCRIPT_task1SCRIPT_task2</a></td><td>Error</td><td>expected [SCRIPT_task1, SCRIPT_task1, SCRIPT_task1, SCRIPT_task2] but got [SCRIPT_task1, SCRIPT_task2]: array lengths differed, expected.length=4 actual.length=2<br>
<br>
<code>java.lang.AssertionError: expected [SCRIPT_task1, SCRIPT_task1, SCRIPT_task1, SCRIPT_task2] but got [SCRIPT_task1, SCRIPT_task2]: array lengths differed, expected.length=4 actual.length=2<br>	at activiti.activities.LoopTask_LoopMaximum.test1AssertSCRIPT_task1SCRIPT_task1SCRIPT_task1SCRIPT_task2(Unknown Source)<br>
</code></td><td>0.012</td>
</tr>
<tr valign="top" class="TableRowColor">
<td><a href="activiti/activities/3_LoopTask_NoIteration_TestBeforeFalse.html">LoopTask_NoIteration_TestBeforeFalse</a></td><td><a name="test1AssertSCRIPT_task1SCRIPT_task2"></a><a href="activiti/activities/3_LoopTask_NoIteration_TestBeforeFalse.html#test1AssertSCRIPT_task1SCRIPT_task2">test1AssertSCRIPT_task1SCRIPT_task2</a></td><td>Success</td><td></td><td>0.008</td>
</tr>
<tr valign="top" class="Error">
<td><a href="activiti/activities/4_LoopTask_NoIteration_TestBeforeTrue.html">LoopTask_NoIteration_TestBeforeTrue</a></td><td><a name="test1AssertSCRIPT_task2"></a><a href="activiti/activities/4_LoopTask_NoIteration_TestBeforeTrue.html#test1AssertSCRIPT_task2">test1AssertSCRIPT_task2</a></td><td>Error</td><td>expected [SCRIPT_task2] but got [SCRIPT_task1, SCRIPT_task2]: array lengths differed, expected.length=1 actual.length=2<br>
<br>
<code>java.lang.AssertionError: expected [SCRIPT_task2] but got [SCRIPT_task1, SCRIPT_task2]: array lengths differed, expected.length=1 actual.length=2<br>	at activiti.activities.LoopTask_NoIteration_TestBeforeTrue.test1AssertSCRIPT_task2(Unknown Source)<br>
</code></td><td>0.012</td>
</tr>
<tr valign="top" class="TableRowColor">
<td><a href="activiti/activities/5_MultiInstanceTask_AllBehavior.html">MultiInstanceTask_AllBehavior</a></td><td><a name="test1AssertSCRIPT_task1SCRIPT_task1SCRIPT_task1SCRIPT_task2"></a><a href="activiti/activities/5_MultiInstanceTask_AllBehavior.html#test1AssertSCRIPT_task1SCRIPT_task1SCRIPT_task1SCRIPT_task2">test1AssertSCRIPT_task1SCRIPT_task1SCRIPT_task1SCRIPT_task2</a></td><td>Success</td><td></td><td>0.008</td>
</tr>
<tr valign="top" class="Error">
<td><a href="activiti/activities/6_MultiInstanceTask_NoneBehavior.html">MultiInstanceTask_NoneBehavior</a></td><td><a name="test1AssertSCRIPT_task1SCRIPT_task3SCRIPT_task1SCRIPT_task3SCRIPT_task1SCRIPT_task3SCRIPT_task2"></a><a href="activiti/activities/6_MultiInstanceTask_NoneBehavior.html#test1AssertSCRIPT_task1SCRIPT_task3SCRIPT_task1SCRIPT_task3SCRIPT_task1SCRIPT_task3SCRIPT_task2">test1AssertSCRIPT_task1SCRIPT_task3SCRIPT_task1SCRIPT_task3SCRIPT_task1SCRIPT_task3SCRIPT_task2</a></td><td>Error</td><td>expected [SCRIPT_task1, SCRIPT_task1, SCRIPT_task1, SCRIPT_task2, SCRIPT_task3, SCRIPT_task3, SCRIPT_task3] but got [SCRIPT_task1, SCRIPT_task1, SCRIPT_task1, SCRIPT_task2]: array lengths differed, expected.length=7 actual.length=4<br>
<br>
<code>java.lang.AssertionError: expected [SCRIPT_task1, SCRIPT_task1, SCRIPT_task1, SCRIPT_task2, SCRIPT_task3, SCRIPT_task3, SCRIPT_task3] but got [SCRIPT_task1, SCRIPT_task1, SCRIPT_task1, SCRIPT_task2]: array lengths differed, expected.length=7 actual.length=4<br>	at activiti.activities.MultiInstanceTask_NoneBehavior.test1AssertSCRIPT_task1SCRIPT_task3SCRIPT_task1SCRIPT_task3SCRIPT_task1SCRIPT_task3SCRIPT_task2(Unknown Source)<br>
</code></td><td>0.012</td>
</tr>
<tr valign="top" class="Error">
<td><a href="activiti/activities/7_MultiInstanceTask_OneBehavior.html">MultiInstanceTask_OneBehavior</a></td><td><a name="test1AssertSCRIPT_task1SCRIPT_task3SCRIPT_task1SCRIPT_task1SCRIPT_task2"></a><a href="activiti/activities/7_MultiInstanceTask_OneBehavior.html#test1AssertSCRIPT_task1SCRIPT_task3SCRIPT_task1SCRIPT_task1SCRIPT_task2">test1AssertSCRIPT_task1SCRIPT_task3SCRIPT_task1SCRIPT_task1SCRIPT_task2</a></td><td>Error</td><td>expected [SCRIPT_task1, SCRIPT_task1, SCRIPT_task1, SCRIPT_task2, SCRIPT_task3] but got [SCRIPT_task1, SCRIPT_task1, SCRIPT_task1, SCRIPT_task2]: array lengths differed, expected.length=5 actual.length=4<br>
<br>
<code>java.lang.AssertionError: expected [SCRIPT_task1, SCRIPT_task1, SCRIPT_task1, SCRIPT_task2, SCRIPT_task3] but got [SCRIPT_task1, SCRIPT_task1, SCRIPT_task1, SCRIPT_task2]: array lengths differed, expected.length=5 actual.length=4<br>	at activiti.activities.MultiInstanceTask_OneBehavior.test1AssertSCRIPT_task1SCRIPT_task3SCRIPT_task1SCRIPT_task1SCRIPT_task2(Unknown Source)<br>
</code></td><td>0.012</td>
</tr>
<tr valign="top" class="TableRowColor">
<td><a href="activiti/activities/8_MultiInstanceTask_Parallel.html">MultiInstanceTask_Parallel</a></td><td><a name="test1AssertSCRIPT_task1SCRIPT_task1SCRIPT_task1SCRIPT_task2"></a><a href="activiti/activities/8_MultiInstanceTask_Parallel.html#test1AssertSCRIPT_task1SCRIPT_task1SCRIPT_task1SCRIPT_task2">test1AssertSCRIPT_task1SCRIPT_task1SCRIPT_task1SCRIPT_task2</a></td><td>Success</td><td></td><td>0.008</td>
</tr>
<tr valign="top" class="TableRowColor">
<td><a href="activiti/activities/9_MultiInstanceTask_Sequential.html">MultiInstanceTask_Sequential</a></td><td><a name="test1AssertSCRIPT_task1SCRIPT_task1SCRIPT_task1SCRIPT_task2"></a><a href="activiti/activities/9_MultiInstanceTask_Sequential.html#test1AssertSCRIPT_task1SCRIPT_task1SCRIPT_task1SCRIPT_task2">test1AssertSCRIPT_task1SCRIPT_task1SCRIPT_task1SCRIPT_task2</a></td><td>Success</td><td></td><td>0.008</td>
</tr>
<tr valign="top" class="TableRowColor">
<td><a href="activiti/activities/10_SubProcess.html">SubProcess</a></td><td><a name="test1AssertSCRIPT_task1SCRIPT_task2"></a><a href="activiti/activities/10_SubProcess.html#test1AssertSCRIPT_task1SCRIPT_task2">test1AssertSCRIPT_task1SCRIPT_task2</a></td><td>Success</td><td></td><td>0.008</td>
</tr>
<tr valign="top" class="TableRowColor">
<td><a href="activiti/activities/11_Transaction.html">Transaction</a></td><td><a name="test1AssertSCRIPT_task1SCRIPT_task2"></a><a href="activiti/activities/11_Transaction.html#test1AssertSCRIPT_task1SCRIPT_task2">test1AssertSCRIPT_task1SCRIPT_task2</a></td><td>Success</td><td></td><td>0.007</td>
</tr>
<tr valign="top" class="TableRowColor">
<td><a href="activiti/basics/12_Lanes.html">Lanes</a></td><td><a name="test1AssertSCRIPT_task1SCRIPT_task2SCRIPT_task3"></a><a href="activiti/basics/12_Lanes.html#test1AssertSCRIPT_task1SCRIPT_task2SCRIPT_task3">test1AssertSCRIPT_task1SCRIPT_task2SCRIPT_task3</a></td><td>Success</td><td></td><td>0.008</td>
</tr>
<tr valign="top" class="TableRowColor">
<td><a href="activiti/basics/13_Participant.html">Participant</a></td><td><a name="test1AssertSCRIPT_task1"></a><a href="activiti/basics/13_Participant.html#test1AssertSCRIPT_task1">test1AssertSCRIPT_task1</a></td><td>Success</td><td></td><td>0.007</td>
</tr>
<tr valign="top" class="TableRowColor">
<td><a href="activiti/basics/14_SequenceFlow.html">SequenceFlow</a></td><td><a name="test1AssertSCRIPT_task1"></a><a href="activiti/basics/14_SequenceFlow.html#test1AssertSCRIPT_task1">test1AssertSCRIPT_task1</a></td><td>Success</td><td></td><td>0.007</td>
</tr>
<tr valign="top" class="TableRowColor">
<td><a href="activiti/basics/15_SequenceFlow_ConditionalDefault.html">SequenceFlow_ConditionalDefault</a></td><td><a name="test1AssertSCRIPT_task1"></a><a href="activiti/basics/15_SequenceFlow_ConditionalDefault.html#test1AssertSCRIPT_task1">test1AssertSCRIPT_task1</a></td><td>Success</td><td></td><td>0.008</td>
</tr>
<tr valign="top" class="TableRowColor">
<td><a href="activiti/basics/15_SequenceFlow_ConditionalDefault.html">SequenceFlow_ConditionalDefault</a></td><td><a name="test2AssertSCRIPT_task2"></a><a href="activiti/basics/15_SequenceFlow_ConditionalDefault.html#test2AssertSCRIPT_task2">test2AssertSCRIPT_task2</a></td><td>Success</td><td></td><td>0.008</td>
</tr>
<tr valign="top" class="Error">
<td><a href="activiti/basics/16_SequenceFlow_ConditionalDefault_Normal.html">SequenceFlow_ConditionalDefault_Normal</a></td><td><a name="test1AssertSCRIPT_task2SCRIPT_task3"></a><a href="activiti/basics/16_SequenceFlow_ConditionalDefault_Normal.html#test1AssertSCRIPT_task2SCRIPT_task3">test1AssertSCRIPT_task2SCRIPT_task3</a></td><td>Error</td><td>expected [SCRIPT_task2, SCRIPT_task3] but got [SCRIPT_task3]: array lengths differed, expected.length=2 actual.length=1<br>
<br>
<code>java.lang.AssertionError: expected [SCRIPT_task2, SCRIPT_task3] but got [SCRIPT_task3]: array lengths differed, expected.length=2 actual.length=1<br>	at activiti.basics.SequenceFlow_ConditionalDefault_Normal.test1AssertSCRIPT_task2SCRIPT_task3(Unknown Source)<br>
</code></td><td>0.012</td>
</tr>
<tr valign="top" class="TableRowColor">
<td><a href="activiti/basics/17_SequenceFlow_Conditional.html">SequenceFlow_Conditional</a></td><td><a name="test1AssertSCRIPT_task1SCRIPT_task2"></a><a href="activiti/basics/17_SequenceFlow_Conditional.html#test1AssertSCRIPT_task1SCRIPT_task2">test1AssertSCRIPT_task1SCRIPT_task2</a></td><td>Success</td><td></td><td>0.008</td>
</tr>
<tr valign="top" class="TableRowColor">
<td><a href="activiti/basics/17_SequenceFlow_Conditional.html">SequenceFlow_Conditional</a></td><td><a name="test2AssertSCRIPT_task2"></a><a href="activiti/basics/17_SequenceFlow_Conditional.html#test2AssertSCRIPT_task2">test2AssertSCRIPT_task2</a></td><td>Success</td><td></td><td>0.007</td>
</tr>
<tr valign="top" class="TableRowColor">
<td><a href="activiti/errors/18_ExclusiveDiverging_ParallelConverging.html">ExclusiveDiverging_ParallelConverging</a></td><td><a name="test1AssertSCRIPT_task1"></a><a href="activiti/errors/18_ExclusiveDiverging_ParallelConverging.html#test1AssertSCRIPT_task1">test1AssertSCRIPT_task1</a></td><td>Success</td><td></td><td>0.008</td>
</tr>
<tr valign="top" class="TableRowColor">
<td><a href="activiti/errors/18_ExclusiveDiverging_ParallelConverging.html">ExclusiveDiverging_ParallelConverging</a></td><td><a name="test2AssertSCRIPT_task2"></a><a href="activiti/errors/18_ExclusiveDiverging_ParallelConverging.html#test2AssertSCRIPT_task2">test2AssertSCRIPT_task2</a></td><td>Success</td><td></td><td>0.008</td>
</tr>
<tr valign="top" class="TableRowColor">
<td><a href="activiti/errors/18_ExclusiveDiverging_ParallelConverging.html">ExclusiveDiverging_ParallelConverging</a></td><td><a name="test3AssertSCRIPT_task1"></a><a href="activiti/errors/18_ExclusiveDiverging_ParallelConverging.html#test3AssertSCRIPT_task1">test3AssertSCRIPT_task1</a></td><td>Success</td><td></td><td>0.007</td>
</tr>
<tr valign="top" class="TableRowColor">
<td><a href="activiti/errors/19_InclusiveDiverging_ParallelConverging.html">InclusiveDiverging_ParallelConverging</a></td><td><a name="test1AssertSCRIPT_task1"></a><a href="activiti/errors/19_InclusiveDiverging_ParallelConverging.html#test1AssertSCRIPT_task1">test1AssertSCRIPT_task1</a></td><td>Success</td><td></td><td>0.008</td>
</tr>
<tr valign="top" class="TableRowColor">
<td><a href="activiti/errors/19_InclusiveDiverging_ParallelConverging.html">InclusiveDiverging_ParallelConverging</a></td><td><a name="test2AssertSCRIPT_task2"></a><a href="activiti/errors/19_InclusiveDiverging_ParallelConverging.html#test2AssertSCRIPT_task2">test2AssertSCRIPT_task2</a></td><td>Success</td><td></td><td>0.008</td>
</tr>
<tr valign="top" class="TableRowColor">
<td><a href="activiti/errors/19_InclusiveDiverging_ParallelConverging.html">InclusiveDiverging_ParallelConverging</a></td><td><a name="test3AssertSCRIPT_task1SCRIPT_task2SCRIPT_task3"></a><a href="activiti/errors/19_InclusiveDiverging_ParallelConverging.html#test3AssertSCRIPT_task1SCRIPT_task2SCRIPT_task3">test3AssertSCRIPT_task1SCRIPT_task2SCRIPT_task3</a></td><td>Success</td><td></td><td>0.008</td>
</tr>
<tr valign="top" class="TableRowColor">
<td><a href="activiti/errors/20_ParallelGateway_Conditions.html">ParallelGateway_Conditions</a></td><td><a name="test1AssertSCRIPT_task1SCRIPT_task2SCRIPT_task3"></a><a href="activiti/errors/20_ParallelGateway_Conditions.html#test1AssertSCRIPT_task1SCRIPT_task2SCRIPT_task3">test1AssertSCRIPT_task1SCRIPT_task2SCRIPT_task3</a></td><td>Success</td><td></td><td>0.008</td>
</tr>
<tr valign="top" class="TableRowColor">
<td><a href="activiti/errors/20_ParallelGateway_Conditions.html">ParallelGateway_Conditions</a></td><td><a name="test2AssertSCRIPT_task1SCRIPT_task2SCRIPT_task3"></a><a href="activiti/errors/20_ParallelGateway_Conditions.html#test2AssertSCRIPT_task1SCRIPT_task2SCRIPT_task3">test2AssertSCRIPT_task1SCRIPT_task2SCRIPT_task3</a></td><td>Success</td><td></td><td>0.007</td>
</tr>
<tr valign="top" class="TableRowColor">
<td><a href="activiti/errors/20_ParallelGateway_Conditions.html">ParallelGateway_Conditions</a></td><td><a name="test3AssertSCRIPT_task1SCRIPT_task2SCRIPT_task3"></a><a href="activiti/errors/20_ParallelGateway_Conditions.html#test3AssertSCRIPT_task1SCRIPT_task2SCRIPT_task3">test3AssertSCRIPT_task1SCRIPT_task2SCRIPT_task3</a></td><td>Success</td><td></td><td>0.007</td>
</tr>
<tr valign="top" class="TableRowColor">
<td><a href="activiti/errors/20_ParallelGateway_Conditions.html">ParallelGateway_Conditions</a></td><td><a name="test4AssertSCRIPT_task1SCRIPT_task2SCRIPT_task3"></a><a href="activiti/errors/20_ParallelGateway_Conditions.html#test4AssertSCRIPT_task1SCRIPT_task2SCRIPT_task3">test4AssertSCRIPT_task1SCRIPT_task2SCRIPT_task3</a></td><td>Success</td><td></td><td>0.008</td>
</tr>
<tr valign="top" class="TableRowColor">
<td><a href="activiti/events/21_Cancel_Event.html">Cancel_Event</a></td><td><a name="test1AssertSCRIPT_task1SCRIPT_task2"></a><a href="activiti/events/21_Cancel_Event.html#test1AssertSCRIPT_task1SCRIPT_task2">test1AssertSCRIPT_task1SCRIPT_task2</a></td><td>Success</td><td></td><td>0.008</td>
</tr>
<tr valign="top" class="Error">
<td><a href="activiti/events/22_Compensation_BoundaryEvent_SubProcess.html">Compensation_BoundaryEvent_SubProcess</a></td><td><a name="test1AssertSCRIPT_task1"></a><a href="activiti/events/22_Compensation_BoundaryEvent_SubProcess.html#test1AssertSCRIPT_task1">test1AssertSCRIPT_task1</a></td><td>Error</td><td>expected [SCRIPT_task1] but got []: array lengths differed, expected.length=1 actual.length=0<br>
<br>
<code>java.lang.AssertionError: expected [SCRIPT_task1] but got []: array lengths differed, expected.length=1 actual.length=0<br>	at activiti.events.Compensation_BoundaryEvent_SubProcess.test1AssertSCRIPT_task1(Unknown Source)<br>
</code></td><td>0.012</td>
</tr>
<tr valign="top" class="Error">
<td><a href="activiti/events/23_Compensation_EndEvent_SubProcess.html">Compensation_EndEvent_SubProcess</a></td><td><a name="test1AssertSCRIPT_task1"></a><a href="activiti/events/23_Compensation_EndEvent_SubProcess.html#test1AssertSCRIPT_task1">test1AssertSCRIPT_task1</a></td><td>Error</td><td>expected [SCRIPT_task1] but got [ERROR_runtime]: arrays first differed at element [0]; expected:&lt;[SCRIPT_task1]&gt; but was:&lt;[ERROR_runtime]&gt;<br>
<br>
<code>expected [SCRIPT_task1] but got [ERROR_runtime]: arrays first differed at element [0]; expected:&lt;[SCRIPT_task1]&gt; but was:&lt;[ERROR_runtime]&gt;<br>	at activiti.events.Compensation_EndEvent_SubProcess.test1AssertSCRIPT_task1(Unknown Source)<br>
</code></td><td>0.013</td>
</tr>
<tr valign="top" class="Error">
<td><a href="activiti/events/24_Compensation_EndEvent_TopLevel.html">Compensation_EndEvent_TopLevel</a></td><td><a name="test1AssertSCRIPT_task1"></a><a href="activiti/events/24_Compensation_EndEvent_TopLevel.html#test1AssertSCRIPT_task1">test1AssertSCRIPT_task1</a></td><td>Error</td><td>expected [SCRIPT_task1] but got [ERROR_runtime]: arrays first differed at element [0]; expected:&lt;[SCRIPT_task1]&gt; but was:&lt;[ERROR_runtime]&gt;<br>
<br>
<code>expected [SCRIPT_task1] but got [ERROR_runtime]: arrays first differed at element [0]; expected:&lt;[SCRIPT_task1]&gt; but was:&lt;[ERROR_runtime]&gt;<br>	at activiti.events.Compensation_EndEvent_TopLevel.test1AssertSCRIPT_task1(Unknown Source)<br>
</code></td><td>0.013</td>
</tr>
<tr valign="top" class="TableRowColor">
<td><a href="activiti/events/25_Compensation_IntermediateEvent.html">Compensation_IntermediateEvent</a></td><td><a name="test1AssertSCRIPT_task1"></a><a href="activiti/events/25_Compensation_IntermediateEvent.html#test1AssertSCRIPT_task1">test1AssertSCRIPT_task1</a></td><td>Success</td><td></td><td>0.008</td>
</tr>
<tr valign="top" class="Error">
<td><a href="activiti/events/26_Compensation_StartEvent_EventSubProcess.html">Compensation_StartEvent_EventSubProcess</a></td><td><a name="test1AssertSCRIPT_task1"></a><a href="activiti/events/26_Compensation_StartEvent_EventSubProcess.html#test1AssertSCRIPT_task1">test1AssertSCRIPT_task1</a></td><td>Error</td><td>expected [SCRIPT_task1] but got [ERROR_deployment, ERROR_runtime]: array lengths differed, expected.length=1 actual.length=2<br>
<br>
<code>java.lang.AssertionError: expected [SCRIPT_task1] but got [ERROR_deployment, ERROR_runtime]: array lengths differed, expected.length=1 actual.length=2<br>	at activiti.events.Compensation_StartEvent_EventSubProcess.test1AssertSCRIPT_task1(Unknown Source)<br>
</code></td><td>0.012</td>
</tr>
<tr valign="top" class="TableRowColor">
<td><a href="activiti/events/27_Compensation_TriggeredByCancel.html">Compensation_TriggeredByCancel</a></td><td><a name="test1AssertSCRIPT_task1"></a><a href="activiti/events/27_Compensation_TriggeredByCancel.html#test1AssertSCRIPT_task1">test1AssertSCRIPT_task1</a></td><td>Success</td><td></td><td>0.008</td>
</tr>
<tr valign="top" class="Error">
<td><a href="activiti/events/28_Conditional_BoundaryEvent_SubProcess_Interrupting.html">Conditional_BoundaryEvent_SubProcess_Interrupting</a></td><td><a name="test1AssertSCRIPT_task3"></a><a href="activiti/events/28_Conditional_BoundaryEvent_SubProcess_Interrupting.html#test1AssertSCRIPT_task3">test1AssertSCRIPT_task3</a></td><td>Error</td><td>expected [SCRIPT_task3] but got [ERROR_deployment, ERROR_runtime]: array lengths differed, expected.length=1 actual.length=2<br>
<br>
<code>java.lang.AssertionError: expected [SCRIPT_task3] but got [ERROR_deployment, ERROR_runtime]: array lengths differed, expected.length=1 actual.length=2<br>	at activiti.events.Conditional_BoundaryEvent_SubProcess_Interrupting.test1AssertSCRIPT_task3(Unknown Source)<br>
</code></td><td>0.012</td>
</tr>
<tr valign="top" class="Error">
<td><a href="activiti/events/28_Conditional_BoundaryEvent_SubProcess_Interrupting.html">Conditional_BoundaryEvent_SubProcess_Interrupting</a></td><td><a name="test2AssertSCRIPT_task1SCRIPT_task2"></a><a href="activiti/events/28_Conditional_BoundaryEvent_SubProcess_Interrupting.html#test2AssertSCRIPT_task1SCRIPT_task2">test2AssertSCRIPT_task1SCRIPT_task2</a></td><td>Error</td><td>expected [SCRIPT_task1, SCRIPT_task2] but got [ERROR_deployment, ERROR_runtime]: arrays first differed at element [0]; expected:&lt;[SCRIPT_task1]&gt; but was:&lt;[ERROR_deployment]&gt;<br>
<br>
<code>expected [SCRIPT_task1, SCRIPT_task2] but got [ERROR_deployment, ERROR_runtime]: arrays first differed at element [0]; expected:&lt;[SCRIPT_task1]&gt; but was:&lt;[ERROR_deployment]&gt;<br>	at activiti.events.Conditional_BoundaryEvent_SubProcess_Interrupting.test2AssertSCRIPT_task1SCRIPT_task2(Unknown Source)<br>
</code></td><td>0.013</td>
</tr>
<tr valign="top" class="Error">
<td><a href="activiti/events/29_Conditional_BoundaryEvent_SubProcess_NonInterrupting.html">Conditional_BoundaryEvent_SubProcess_NonInterrupting</a></td><td><a name="test1AssertSCRIPT_task1SCRIPT_task2SCRIPT_task3"></a><a href="activiti/events/29_Conditional_BoundaryEvent_SubProcess_NonInterrupting.html#test1AssertSCRIPT_task1SCRIPT_task2SCRIPT_task3">test1AssertSCRIPT_task1SCRIPT_task2SCRIPT_task3</a></td><td>Error</td><td>expected [SCRIPT_task1, SCRIPT_task2, SCRIPT_task3] but got [ERROR_deployment, ERROR_runtime]: array lengths differed, expected.length=3 actual.length=2<br>
<br>
<code>java.lang.AssertionError: expected [SCRIPT_task1, SCRIPT_task2, SCRIPT_task3] but got [ERROR_deployment, ERROR_runtime]: array lengths differed, expected.length=3 actual.length=2<br>	at activiti.events.Conditional_BoundaryEvent_SubProcess_NonInterrupting.test1AssertSCRIPT_task1SCRIPT_task2SCRIPT_task3(Unknown Source)<br>
</code></td><td>0.012</td>
</tr>
<tr valign="top" class="Error">
<td><a href="activiti/events/29_Conditional_BoundaryEvent_SubProcess_NonInterrupting.html">Conditional_BoundaryEvent_SubProcess_NonInterrupting</a></td><td><a name="test2AssertSCRIPT_task1SCRIPT_task2"></a><a href="activiti/events/29_Conditional_BoundaryEvent_SubProcess_NonInterrupting.html#test2AssertSCRIPT_task1SCRIPT_task2">test2AssertSCRIPT_task1SCRIPT_task2</a></td><td>Error</td><td>expected [SCRIPT_task1, SCRIPT_task2] but got [ERROR_deployment, ERROR_runtime]: arrays first differed at element [0]; expected:&lt;[SCRIPT_task1]&gt; but was:&lt;[ERROR_deployment]&gt;<br>
<br>
<code>expected [SCRIPT_task1, SCRIPT_task2] but got [ERROR_deployment, ERROR_runtime]: arrays first differed at element [0]; expected:&lt;[SCRIPT_task1]&gt; but was:&lt;[ERROR_deployment]&gt;<br>	at activiti.events.Conditional_BoundaryEvent_SubProcess_NonInterrupting.test2AssertSCRIPT_task1SCRIPT_task2(Unknown Source)<br>
</code></td><td>0.013</td>
</tr>
<tr valign="top" class="Error">
<td><a href="activiti/events/30_Conditional_IntermediateEvent.html">Conditional_IntermediateEvent</a></td><td><a name="test1AssertSCRIPT_task1"></a><a href="activiti/events/30_Conditional_IntermediateEvent.html#test1AssertSCRIPT_task1">test1AssertSCRIPT_task1</a></td><td>Error</td><td>expected [SCRIPT_task1] but got [ERROR_deployment, ERROR_runtime]: array lengths differed, expected.length=1 actual.length=2<br>
<br>
<code>java.lang.AssertionError: expected [SCRIPT_task1] but got [ERROR_deployment, ERROR_runtime]: array lengths differed, expected.length=1 actual.length=2<br>	at activiti.events.Conditional_IntermediateEvent.test1AssertSCRIPT_task1(Unknown Source)<br>
</code></td><td>0.013</td>
</tr>
<tr valign="top" class="Error">
<td><a href="activiti/events/30_Conditional_IntermediateEvent.html">Conditional_IntermediateEvent</a></td><td><a name="test2Assert"></a><a href="activiti/events/30_Conditional_IntermediateEvent.html#test2Assert">test2Assert</a></td><td>Error</td><td>expected [] but got [ERROR_deployment, ERROR_runtime]: array lengths differed, expected.length=0 actual.length=2<br>
<br>
<code>java.lang.AssertionError: expected [] but got [ERROR_deployment, ERROR_runtime]: array lengths differed, expected.length=0 actual.length=2<br>	at activiti.events.Conditional_IntermediateEvent.test2Assert(Unknown Source)<br>
</code></td><td>0.012</td>
</tr>
<tr valign="top" class="Error">
<td><a href="activiti/events/31_Conditional_StartEvent_EventSubProcess_Interrupting.html">Conditional_StartEvent_EventSubProcess_Interrupting</a></td><td><a name="test1AssertSCRIPT_task1"></a><a href="activiti/events/31_Conditional_StartEvent_EventSubProcess_Interrupting.html#test1AssertSCRIPT_task1">test1AssertSCRIPT_task1</a></td><td>Error</td><td>expected [SCRIPT_task1] but got [SCRIPT_task2]: arrays first differed at element [0]; expected:&lt;SCRIPT_task[1]&gt; but was:&lt;SCRIPT_task[2]&gt;<br>
<br>
<code>expected [SCRIPT_task1] but got [SCRIPT_task2]: arrays first differed at element [0]; expected:&lt;SCRIPT_task[1]&gt; but was:&lt;SCRIPT_task[2]&gt;<br>	at activiti.events.Conditional_StartEvent_EventSubProcess_Interrupting.test1AssertSCRIPT_task1(Unknown Source)<br>
</code></td><td>0.013</td>
</tr>
<tr valign="top" class="Error">
<td><a href="activiti/events/32_Conditional_StartEvent_EventSubProcess_NonInterrupting.html">Conditional_StartEvent_EventSubProcess_NonInterrupting</a></td><td><a name="test1AssertSCRIPT_task1SCRIPT_task2"></a><a href="activiti/events/32_Conditional_StartEvent_EventSubProcess_NonInterrupting.html#test1AssertSCRIPT_task1SCRIPT_task2">test1AssertSCRIPT_task1SCRIPT_task2</a></td><td>Error</td><td>expected [SCRIPT_task1, SCRIPT_task2] but got [SCRIPT_task2]: array lengths differed, expected.length=2 actual.length=1<br>
<br>
<code>java.lang.AssertionError: expected [SCRIPT_task1, SCRIPT_task2] but got [SCRIPT_task2]: array lengths differed, expected.length=2 actual.length=1<br>	at activiti.events.Conditional_StartEvent_EventSubProcess_NonInterrupting.test1AssertSCRIPT_task1SCRIPT_task2(Unknown Source)<br>
</code></td><td>0.012</td>
</tr>
<tr valign="top" class="TableRowColor">
<td><a href="activiti/events/33_Error_BoundaryEvent_SubProcess_Interrupting.html">Error_BoundaryEvent_SubProcess_Interrupting</a></td><td><a name="test1AssertSCRIPT_task1SCRIPT_task2"></a><a href="activiti/events/33_Error_BoundaryEvent_SubProcess_Interrupting.html#test1AssertSCRIPT_task1SCRIPT_task2">test1AssertSCRIPT_task1SCRIPT_task2</a></td><td>Success</td><td></td><td>0.007</td>
</tr>
<tr valign="top" class="TableRowColor">
<td><a href="activiti/events/34_Error_BoundaryEvent_Transaction_Interrupting.html">Error_BoundaryEvent_Transaction_Interrupting</a></td><td><a name="test1AssertSCRIPT_task1SCRIPT_task2"></a><a href="activiti/events/34_Error_BoundaryEvent_Transaction_Interrupting.html#test1AssertSCRIPT_task1SCRIPT_task2">test1AssertSCRIPT_task1SCRIPT_task2</a></td><td>Success</td><td></td><td>0.008</td>
</tr>
<tr valign="top" class="TableRowColor">
<td><a href="activiti/events/35_Error_EndEvent_TopLevel.html">Error_EndEvent_TopLevel</a></td><td><a name="test1AssertSCRIPT_task1ERROR_thrownErrorEvent"></a><a href="activiti/events/35_Error_EndEvent_TopLevel.html#test1AssertSCRIPT_task1ERROR_thrownErrorEvent">test1AssertSCRIPT_task1ERROR_thrownErrorEvent</a></td><td>Success</td><td></td><td>0.007</td>
</tr>
<tr valign="top" class="TableRowColor">
<td><a href="activiti/events/36_Error_StartEvent_EventSubProcess_Interrupting.html">Error_StartEvent_EventSubProcess_Interrupting</a></td><td><a name="test1AssertSCRIPT_task1SCRIPT_task2SCRIPT_task3"></a><a href="activiti/events/36_Error_StartEvent_EventSubProcess_Interrupting.html#test1AssertSCRIPT_task1SCRIPT_task2SCRIPT_task3">test1AssertSCRIPT_task1SCRIPT_task2SCRIPT_task3</a></td><td>Success</td><td></td><td>0.007</td>
</tr>
<tr valign="top" class="Error">
<td><a href="activiti/events/37_Escalation_BoundaryEvent_SubProcess_Interrupting.html">Escalation_BoundaryEvent_SubProcess_Interrupting</a></td><td><a name="test1AssertSCRIPT_task1SCRIPT_task3"></a><a href="activiti/events/37_Escalation_BoundaryEvent_SubProcess_Interrupting.html#test1AssertSCRIPT_task1SCRIPT_task3">test1AssertSCRIPT_task1SCRIPT_task3</a></td><td>Error</td><td>expected [SCRIPT_task1, SCRIPT_task3] but got [ERROR_deployment, ERROR_runtime]: arrays first differed at element [0]; expected:&lt;[SCRIPT_task1]&gt; but was:&lt;[ERROR_deployment]&gt;<br>
<br>
<code>expected [SCRIPT_task1, SCRIPT_task3] but got [ERROR_deployment, ERROR_runtime]: arrays first differed at element [0]; expected:&lt;[SCRIPT_task1]&gt; but was:&lt;[ERROR_deployment]&gt;<br>	at activiti.events.Escalation_BoundaryEvent_SubProcess_Interrupting.test1AssertSCRIPT_task1SCRIPT_task3(Unknown Source)<br>
</code></td><td>0.012</td>
</tr>
<tr valign="top" class="Error">
<td><a href="activiti/events/38_Escalation_BoundaryEvent_SubProcess_NonInterrupting.html">Escalation_BoundaryEvent_SubProcess_NonInterrupting</a></td><td><a name="test1AssertSCRIPT_task1SCRIPT_task2SCRIPT_task3SCRIPT_task4"></a><a href="activiti/events/38_Escalation_BoundaryEvent_SubProcess_NonInterrupting.html#test1AssertSCRIPT_task1SCRIPT_task2SCRIPT_task3SCRIPT_task4">test1AssertSCRIPT_task1SCRIPT_task2SCRIPT_task3SCRIPT_task4</a></td><td>Error</td><td>expected [SCRIPT_task1, SCRIPT_task2, SCRIPT_task3, SCRIPT_task4] but got [ERROR_deployment, ERROR_runtime]: array lengths differed, expected.length=4 actual.length=2<br>
<br>
<code>java.lang.AssertionError: expected [SCRIPT_task1, SCRIPT_task2, SCRIPT_task3, SCRIPT_task4] but got [ERROR_deployment, ERROR_runtime]: array lengths differed, expected.length=4 actual.length=2<br>	at activiti.events.Escalation_BoundaryEvent_SubProcess_NonInterrupting.test1AssertSCRIPT_task1SCRIPT_task2SCRIPT_task3SCRIPT_task4(Unknown Source)<br>
</code></td><td>0.012</td>
</tr>
<tr valign="top" class="Error">
<td><a href="activiti/events/39_Escalation_EndEvent_SubProcess.html">Escalation_EndEvent_SubProcess</a></td><td><a name="test1AssertSCRIPT_task1"></a><a href="activiti/events/39_Escalation_EndEvent_SubProcess.html#test1AssertSCRIPT_task1">test1AssertSCRIPT_task1</a></td><td>Error</td><td>expected [SCRIPT_task1] but got [ERROR_deployment, ERROR_runtime]: array lengths differed, expected.length=1 actual.length=2<br>
<br>
<code>java.lang.AssertionError: expected [SCRIPT_task1] but got [ERROR_deployment, ERROR_runtime]: array lengths differed, expected.length=1 actual.length=2<br>	at activiti.events.Escalation_EndEvent_SubProcess.test1AssertSCRIPT_task1(Unknown Source)<br>
</code></td><td>0.012</td>
</tr>
<tr valign="top" class="Error">
<td><a href="activiti/events/40_Escalation_EndEvent_TopLevel.html">Escalation_EndEvent_TopLevel</a></td><td><a name="test1AssertSCRIPT_task1ERROR_thrownEscalationEvent"></a><a href="activiti/events/40_Escalation_EndEvent_TopLevel.html#test1AssertSCRIPT_task1ERROR_thrownEscalationEvent">test1AssertSCRIPT_task1ERROR_thrownEscalationEvent</a></td><td>Error</td><td>expected [ERROR_thrownEscalationEvent, SCRIPT_task1] but got [SCRIPT_task1]: array lengths differed, expected.length=2 actual.length=1<br>
<br>
<code>java.lang.AssertionError: expected [ERROR_thrownEscalationEvent, SCRIPT_task1] but got [SCRIPT_task1]: array lengths differed, expected.length=2 actual.length=1<br>	at activiti.events.Escalation_EndEvent_TopLevel.test1AssertSCRIPT_task1ERROR_thrownEscalationEvent(Unknown Source)<br>
</code></td><td>0.012</td>
</tr>
<tr valign="top" class="Error">
<td><a href="activiti/events/41_Escalation_IntermediateThrowEvent.html">Escalation_IntermediateThrowEvent</a></td><td><a name="test1AssertSCRIPT_task1"></a><a href="activiti/events/41_Escalation_IntermediateThrowEvent.html#test1AssertSCRIPT_task1">test1AssertSCRIPT_task1</a></td><td>Error</td><td>expected [SCRIPT_task1] but got [ERROR_deployment, ERROR_runtime]: array lengths differed, expected.length=1 actual.length=2<br>
<br>
<code>java.lang.AssertionError: expected [SCRIPT_task1] but got [ERROR_deployment, ERROR_runtime]: array lengths differed, expected.length=1 actual.length=2<br>	at activiti.events.Escalation_IntermediateThrowEvent.test1AssertSCRIPT_task1(Unknown Source)<br>
</code></td><td>0.013</td>
</tr>
<tr valign="top" class="Error">
<td><a href="activiti/events/42_Escalation_StartEvent_EventSubProcess_Interrupting.html">Escalation_StartEvent_EventSubProcess_Interrupting</a></td><td><a name="test1AssertSCRIPT_task2"></a><a href="activiti/events/42_Escalation_StartEvent_EventSubProcess_Interrupting.html#test1AssertSCRIPT_task2">test1AssertSCRIPT_task2</a></td><td>Error</td><td>expected [SCRIPT_task2] but got [SCRIPT_task1]: arrays first differed at element [0]; expected:&lt;SCRIPT_task[2]&gt; but was:&lt;SCRIPT_task[1]&gt;<br>
<br>
<code>expected [SCRIPT_task2] but got [SCRIPT_task1]: arrays first differed at element [0]; expected:&lt;SCRIPT_task[2]&gt; but was:&lt;SCRIPT_task[1]&gt;<br>	at activiti.events.Escalation_StartEvent_EventSubProcess_Interrupting.test1AssertSCRIPT_task2(Unknown Source)<br>
</code></td><td>0.013</td>
</tr>
<tr valign="top" class="Error">
<td><a href="activiti/events/43_Escalation_StartEvent_EventSubProcess_NonInterrupting.html">Escalation_StartEvent_EventSubProcess_NonInterrupting</a></td><td><a name="test1AssertSCRIPT_task1SCRIPT_task2SCRIPT_task3"></a><a href="activiti/events/43_Escalation_StartEvent_EventSubProcess_NonInterrupting.html#test1AssertSCRIPT_task1SCRIPT_task2SCRIPT_task3">test1AssertSCRIPT_task1SCRIPT_task2SCRIPT_task3</a></td><td>Error</td><td>expected [SCRIPT_task1, SCRIPT_task2, SCRIPT_task3] but got [SCRIPT_task1, SCRIPT_task3]: array lengths differed, expected.length=3 actual.length=2<br>
<br>
<code>java.lang.AssertionError: expected [SCRIPT_task1, SCRIPT_task2, SCRIPT_task3] but got [SCRIPT_task1, SCRIPT_task3]: array lengths differed, expected.length=3 actual.length=2<br>	at activiti.events.Escalation_StartEvent_EventSubProcess_NonInterrupting.test1AssertSCRIPT_task1SCRIPT_task2SCRIPT_task3(Unknown Source)<br>
</code></td><td>0.012</td>
</tr>
<tr valign="top" class="Error">
<td><a href="activiti/events/44_Link_Event.html">Link_Event</a></td><td><a name="test1AssertSCRIPT_task1"></a><a href="activiti/events/44_Link_Event.html#test1AssertSCRIPT_task1">test1AssertSCRIPT_task1</a></td><td>Error</td><td>expected [SCRIPT_task1] but got [ERROR_deployment, ERROR_runtime]: array lengths differed, expected.length=1 actual.length=2<br>
<br>
<code>java.lang.AssertionError: expected [SCRIPT_task1] but got [ERROR_deployment, ERROR_runtime]: array lengths differed, expected.length=1 actual.length=2<br>	at activiti.events.Link_Event.test1AssertSCRIPT_task1(Unknown Source)<br>
</code></td><td>0.012</td>
</tr>
<tr valign="top" class="Error">
<td><a href="activiti/events/45_Signal_BoundaryEvent_SubProcess_Interrupting.html">Signal_BoundaryEvent_SubProcess_Interrupting</a></td><td><a name="test1AssertSCRIPT_task1SCRIPT_task3"></a><a href="activiti/events/45_Signal_BoundaryEvent_SubProcess_Interrupting.html#test1AssertSCRIPT_task1SCRIPT_task3">test1AssertSCRIPT_task1SCRIPT_task3</a></td><td>Error</td><td>expected [SCRIPT_task1, SCRIPT_task3] but got [ERROR_runtime, SCRIPT_task1, SCRIPT_task3]: array lengths differed, expected.length=2 actual.length=3<br>
<br>
<code>java.lang.AssertionError: expected [SCRIPT_task1, SCRIPT_task3] but got [ERROR_runtime, SCRIPT_task1, SCRIPT_task3]: array lengths differed, expected.length=2 actual.length=3<br>	at activiti.events.Signal_BoundaryEvent_SubProcess_Interrupting.test1AssertSCRIPT_task1SCRIPT_task3(Unknown Source)<br>
</code></td><td>0.012</td>
</tr>
<tr valign="top" class="TableRowColor">
<td><a href="activiti/events/46_Signal_BoundaryEvent_SubProcess_NonInterrupting.html">Signal_BoundaryEvent_SubProcess_NonInterrupting</a></td><td><a name="test1AssertSCRIPT_task1SCRIPT_task2SCRIPT_task3SCRIPT_task4"></a><a href="activiti/events/46_Signal_BoundaryEvent_SubProcess_NonInterrupting.html#test1AssertSCRIPT_task1SCRIPT_task2SCRIPT_task3SCRIPT_task4">test1AssertSCRIPT_task1SCRIPT_task2SCRIPT_task3SCRIPT_task4</a></td><td>Success</td><td></td><td>0.008</td>
</tr>
<tr valign="top" class="Error">
<td><a href="activiti/events/47_Signal_EndEvent_SubProcess.html">Signal_EndEvent_SubProcess</a></td><td><a name="test1AssertSCRIPT_task1"></a><a href="activiti/events/47_Signal_EndEvent_SubProcess.html#test1AssertSCRIPT_task1">test1AssertSCRIPT_task1</a></td><td>Error</td><td>expected [SCRIPT_task1] but got [ERROR_runtime]: arrays first differed at element [0]; expected:&lt;[SCRIPT_task1]&gt; but was:&lt;[ERROR_runtime]&gt;<br>
<br>
<code>expected [SCRIPT_task1] but got [ERROR_runtime]: arrays first differed at element [0]; expected:&lt;[SCRIPT_task1]&gt; but was:&lt;[ERROR_runtime]&gt;<br>	at activiti.events.Signal_EndEvent_SubProcess.test1AssertSCRIPT_task1(Unknown Source)<br>
</code></td><td>0.013</td>
</tr>
<tr valign="top" class="TableRowColor">
<td><a href="activiti/events/48_Signal_IntermediateEvent_ThrowAndCatch.html">Signal_IntermediateEvent_ThrowAndCatch</a></td><td><a name="test1AssertSCRIPT_task1"></a><a href="activiti/events/48_Signal_IntermediateEvent_ThrowAndCatch.html#test1AssertSCRIPT_task1">test1AssertSCRIPT_task1</a></td><td>Success</td><td></td><td>0.008</td>
</tr>
<tr valign="top" class="Error">
<td><a href="activiti/events/49_Signal_StartEvent_EventSubProcess_Interrupting.html">Signal_StartEvent_EventSubProcess_Interrupting</a></td><td><a name="test1AssertSCRIPT_task2"></a><a href="activiti/events/49_Signal_StartEvent_EventSubProcess_Interrupting.html#test1AssertSCRIPT_task2">test1AssertSCRIPT_task2</a></td><td>Error</td><td>expected [SCRIPT_task2] but got [SCRIPT_task1]: arrays first differed at element [0]; expected:&lt;SCRIPT_task[2]&gt; but was:&lt;SCRIPT_task[1]&gt;<br>
<br>
<code>expected [SCRIPT_task2] but got [SCRIPT_task1]: arrays first differed at element [0]; expected:&lt;SCRIPT_task[2]&gt; but was:&lt;SCRIPT_task[1]&gt;<br>	at activiti.events.Signal_StartEvent_EventSubProcess_Interrupting.test1AssertSCRIPT_task2(Unknown Source)<br>
</code></td><td>0.012</td>
</tr>
<tr valign="top" class="Error">
<td><a href="activiti/events/50_Signal_StartEvent_EventSubProcess_NonInterrupting.html">Signal_StartEvent_EventSubProcess_NonInterrupting</a></td><td><a name="test1AssertSCRIPT_task1SCRIPT_task2SCRIPT_task3"></a><a href="activiti/events/50_Signal_StartEvent_EventSubProcess_NonInterrupting.html#test1AssertSCRIPT_task1SCRIPT_task2SCRIPT_task3">test1AssertSCRIPT_task1SCRIPT_task2SCRIPT_task3</a></td><td>Error</td><td>expected [SCRIPT_task1, SCRIPT_task2, SCRIPT_task3] but got [SCRIPT_task1, SCRIPT_task3]: array lengths differed, expected.length=3 actual.length=2<br>
<br>
<code>java.lang.AssertionError: expected [SCRIPT_task1, SCRIPT_task2, SCRIPT_task3] but got [SCRIPT_task1, SCRIPT_task3]: array lengths differed, expected.length=3 actual.length=2<br>	at activiti.events.Signal_StartEvent_EventSubProcess_NonInterrupting.test1AssertSCRIPT_task1SCRIPT_task2SCRIPT_task3(Unknown Source)<br>
</code></td><td>0.012</td>
</tr>
<tr valign="top" class="TableRowColor">
<td><a href="activiti/events/51_Terminate_Event.html">Terminate_Event</a></td><td><a name="test1Assert"></a><a href="activiti/events/51_Terminate_Event.html#test1Assert">test1Assert</a></td><td>Success</td><td></td><td>0.007</td>
</tr>
<tr valign="top" class="TableRowColor">
<td><a href="activiti/events/52_Timer_BoundaryEvent_SubProcess_Interrupting.html">Timer_BoundaryEvent_SubProcess_Interrupting</a></td><td><a name="test1AssertSCRIPT_task3"></a><a href="activiti/events/52_Timer_BoundaryEvent_SubProcess_Interrupting.html#test1AssertSCRIPT_task3">test1AssertSCRIPT_task3</a></td><td>Success</td><td></td><td>0.008</td>
</tr>
<tr valign="top" class="TableRowColor">
<td><a href="activiti/events/53_Timer_BoundaryEvent_SubProcess_NonInterrupting.html">Timer_BoundaryEvent_SubProcess_NonInterrupting</a></td><td><a name="test1AssertSCRIPT_task1SCRIPT_task2SCRIPT_task3"></a><a href="activiti/events/53_Timer_BoundaryEvent_SubProcess_NonInterrupting.html#test1AssertSCRIPT_task1SCRIPT_task2SCRIPT_task3">test1AssertSCRIPT_task1SCRIPT_task2SCRIPT_task3</a></td><td>Success</td><td></td><td>0.008</td>
</tr>
<tr valign="top" class="TableRowColor">
<td><a href="activiti/events/54_Timer_IntermediateEvent.html">Timer_IntermediateEvent</a></td><td><a name="test1AssertSCRIPT_task1"></a><a href="activiti/events/54_Timer_IntermediateEvent.html#test1AssertSCRIPT_task1">test1AssertSCRIPT_task1</a></td><td>Success</td><td></td><td>0.008</td>
</tr>
<tr valign="top" class="Error">
<td><a href="activiti/events/55_Timer_StartEvent_EventSubProcess_Interrupting.html">Timer_StartEvent_EventSubProcess_Interrupting</a></td><td><a name="test1AssertSCRIPT_task2"></a><a href="activiti/events/55_Timer_StartEvent_EventSubProcess_Interrupting.html#test1AssertSCRIPT_task2">test1AssertSCRIPT_task2</a></td><td>Error</td><td>expected [SCRIPT_task2] but got [ERROR_deployment, ERROR_runtime]: array lengths differed, expected.length=1 actual.length=2<br>
<br>
<code>java.lang.AssertionError: expected [SCRIPT_task2] but got [ERROR_deployment, ERROR_runtime]: array lengths differed, expected.length=1 actual.length=2<br>	at activiti.events.Timer_StartEvent_EventSubProcess_Interrupting.test1AssertSCRIPT_task2(Unknown Source)<br>
</code></td><td>0.012</td>
</tr>
<tr valign="top" class="Error">
<td><a href="activiti/events/56_Timer_StartEvent_EventSubProcess_NonInterrupting.html">Timer_StartEvent_EventSubProcess_NonInterrupting</a></td><td><a name="test1AssertSCRIPT_task1SCRIPT_task2SCRIPT_task3"></a><a href="activiti/events/56_Timer_StartEvent_EventSubProcess_NonInterrupting.html#test1AssertSCRIPT_task1SCRIPT_task2SCRIPT_task3">test1AssertSCRIPT_task1SCRIPT_task2SCRIPT_task3</a></td><td>Error</td><td>expected [SCRIPT_task1, SCRIPT_task2, SCRIPT_task3] but got [ERROR_deployment, ERROR_runtime]: array lengths differed, expected.length=3 actual.length=2<br>
<br>
<code>java.lang.AssertionError: expected [SCRIPT_task1, SCRIPT_task2, SCRIPT_task3] but got [ERROR_deployment, ERROR_runtime]: array lengths differed, expected.length=3 actual.length=2<br>	at activiti.events.Timer_StartEvent_EventSubProcess_NonInterrupting.test1AssertSCRIPT_task1SCRIPT_task2SCRIPT_task3(Unknown Source)<br>
</code></td><td>0.013</td>
</tr>
<tr valign="top" class="Error">
<td><a href="activiti/gateways/57_ComplexGateway.html">ComplexGateway</a></td><td><a name="test1AssertSCRIPT_task1SCRIPT_task4"></a><a href="activiti/gateways/57_ComplexGateway.html#test1AssertSCRIPT_task1SCRIPT_task4">test1AssertSCRIPT_task1SCRIPT_task4</a></td><td>Error</td><td>expected [SCRIPT_task1, SCRIPT_task4] but got [ERROR_deployment, ERROR_runtime]: arrays first differed at element [0]; expected:&lt;[SCRIPT_task1]&gt; but was:&lt;[ERROR_deployment]&gt;<br>
<br>
<code>expected [SCRIPT_task1, SCRIPT_task4] but got [ERROR_deployment, ERROR_runtime]: arrays first differed at element [0]; expected:&lt;[SCRIPT_task1]&gt; but was:&lt;[ERROR_deployment]&gt;<br>	at activiti.gateways.ComplexGateway.test1AssertSCRIPT_task1SCRIPT_task4(Unknown Source)<br>
</code></td><td>0.013</td>
</tr>
<tr valign="top" class="Error">
<td><a href="activiti/gateways/57_ComplexGateway.html">ComplexGateway</a></td><td><a name="test2AssertSCRIPT_task2SCRIPT_task4"></a><a href="activiti/gateways/57_ComplexGateway.html#test2AssertSCRIPT_task2SCRIPT_task4">test2AssertSCRIPT_task2SCRIPT_task4</a></td><td>Error</td><td>expected [SCRIPT_task2, SCRIPT_task4] but got [ERROR_deployment, ERROR_runtime]: arrays first differed at element [0]; expected:&lt;[SCRIPT_task2]&gt; but was:&lt;[ERROR_deployment]&gt;<br>
<br>
<code>expected [SCRIPT_task2, SCRIPT_task4] but got [ERROR_deployment, ERROR_runtime]: arrays first differed at element [0]; expected:&lt;[SCRIPT_task2]&gt; but was:&lt;[ERROR_deployment]&gt;<br>	at activiti.gateways.ComplexGateway.test2AssertSCRIPT_task2SCRIPT_task4(Unknown Source)<br>
</code></td><td>0.013</td>
</tr>
<tr valign="top" class="Error">
<td><a href="activiti/gateways/57_ComplexGateway.html">ComplexGateway</a></td><td><a name="test3AssertSCRIPT_task3SCRIPT_task4"></a><a href="activiti/gateways/57_ComplexGateway.html#test3AssertSCRIPT_task3SCRIPT_task4">test3AssertSCRIPT_task3SCRIPT_task4</a></td><td>Error</td><td>expected [SCRIPT_task3, SCRIPT_task4] but got [ERROR_deployment, ERROR_runtime]: arrays first differed at element [0]; expected:&lt;[SCRIPT_task3]&gt; but was:&lt;[ERROR_deployment]&gt;<br>
<br>
<code>expected [SCRIPT_task3, SCRIPT_task4] but got [ERROR_deployment, ERROR_runtime]: arrays first differed at element [0]; expected:&lt;[SCRIPT_task3]&gt; but was:&lt;[ERROR_deployment]&gt;<br>	at activiti.gateways.ComplexGateway.test3AssertSCRIPT_task3SCRIPT_task4(Unknown Source)<br>
</code></td><td>0.012</td>
</tr>
<tr valign="top" class="Error">
<td><a href="activiti/gateways/57_ComplexGateway.html">ComplexGateway</a></td><td><a name="test4AssertSCRIPT_task1SCRIPT_task2SCRIPT_task4"></a><a href="activiti/gateways/57_ComplexGateway.html#test4AssertSCRIPT_task1SCRIPT_task2SCRIPT_task4">test4AssertSCRIPT_task1SCRIPT_task2SCRIPT_task4</a></td><td>Error</td><td>expected [SCRIPT_task1, SCRIPT_task2, SCRIPT_task4] but got [ERROR_deployment, ERROR_runtime]: array lengths differed, expected.length=3 actual.length=2<br>
<br>
<code>java.lang.AssertionError: expected [SCRIPT_task1, SCRIPT_task2, SCRIPT_task4] but got [ERROR_deployment, ERROR_runtime]: array lengths differed, expected.length=3 actual.length=2<br>	at activiti.gateways.ComplexGateway.test4AssertSCRIPT_task1SCRIPT_task2SCRIPT_task4(Unknown Source)<br>
</code></td><td>0.012</td>
</tr>
<tr valign="top" class="TableRowColor">
<td><a href="activiti/gateways/58_EventBasedGateway_Signals.html">EventBasedGateway_Signals</a></td><td><a name="test1AssertSCRIPT_task1SCRIPT_task2SCRIPT_task4"></a><a href="activiti/gateways/58_EventBasedGateway_Signals.html#test1AssertSCRIPT_task1SCRIPT_task2SCRIPT_task4">test1AssertSCRIPT_task1SCRIPT_task2SCRIPT_task4</a></td><td>Success</td><td></td><td>0.007</td>
</tr>
<tr valign="top" class="TableRowColor">
<td><a href="activiti/gateways/59_EventBasedGateway_Timer.html">EventBasedGateway_Timer</a></td><td><a name="test1AssertSCRIPT_task2"></a><a href="activiti/gateways/59_EventBasedGateway_Timer.html#test1AssertSCRIPT_task2">test1AssertSCRIPT_task2</a></td><td>Success</td><td></td><td>0.007</td>
</tr>
<tr valign="top" class="TableRowColor">
<td><a href="activiti/gateways/60_ExclusiveDiverging_InclusiveConverging.html">ExclusiveDiverging_InclusiveConverging</a></td><td><a name="test1AssertSCRIPT_task2SCRIPT_task3"></a><a href="activiti/gateways/60_ExclusiveDiverging_InclusiveConverging.html#test1AssertSCRIPT_task2SCRIPT_task3">test1AssertSCRIPT_task2SCRIPT_task3</a></td><td>Success</td><td></td><td>0.008</td>
</tr>
<tr valign="top" class="TableRowColor">
<td><a href="activiti/gateways/60_ExclusiveDiverging_InclusiveConverging.html">ExclusiveDiverging_InclusiveConverging</a></td><td><a name="test2AssertSCRIPT_task1SCRIPT_task3"></a><a href="activiti/gateways/60_ExclusiveDiverging_InclusiveConverging.html#test2AssertSCRIPT_task1SCRIPT_task3">test2AssertSCRIPT_task1SCRIPT_task3</a></td><td>Success</td><td></td><td>0.008</td>
</tr>
<tr valign="top" class="TableRowColor">
<td><a href="activiti/gateways/60_ExclusiveDiverging_InclusiveConverging.html">ExclusiveDiverging_InclusiveConverging</a></td><td><a name="test3AssertSCRIPT_task1SCRIPT_task3"></a><a href="activiti/gateways/60_ExclusiveDiverging_InclusiveConverging.html#test3AssertSCRIPT_task1SCRIPT_task3">test3AssertSCRIPT_task1SCRIPT_task3</a></td><td>Success</td><td></td><td>0.008</td>
</tr>
<tr valign="top" class="TableRowColor">
<td><a href="activiti/gateways/61_ExclusiveGatewayMixed.html">ExclusiveGatewayMixed</a></td><td><a name="test1AssertSCRIPT_task2SCRIPT_task4SCRIPT_task5"></a><a href="activiti/gateways/61_ExclusiveGatewayMixed.html#test1AssertSCRIPT_task2SCRIPT_task4SCRIPT_task5">test1AssertSCRIPT_task2SCRIPT_task4SCRIPT_task5</a></td><td>Success</td><td></td><td>0.007</td>
</tr>
<tr valign="top" class="TableRowColor">
<td><a href="activiti/gateways/61_ExclusiveGatewayMixed.html">ExclusiveGatewayMixed</a></td><td><a name="test2AssertSCRIPT_task1SCRIPT_task3SCRIPT_task5"></a><a href="activiti/gateways/61_ExclusiveGatewayMixed.html#test2AssertSCRIPT_task1SCRIPT_task3SCRIPT_task5">test2AssertSCRIPT_task1SCRIPT_task3SCRIPT_task5</a></td><td>Success</td><td></td><td>0.007</td>
</tr>
<tr valign="top" class="TableRowColor">
<td><a href="activiti/gateways/61_ExclusiveGatewayMixed.html">ExclusiveGatewayMixed</a></td><td><a name="test3AssertSCRIPT_task1SCRIPT_task3SCRIPT_task5"></a><a href="activiti/gateways/61_ExclusiveGatewayMixed.html#test3AssertSCRIPT_task1SCRIPT_task3SCRIPT_task5">test3AssertSCRIPT_task1SCRIPT_task3SCRIPT_task5</a></td><td>Success</td><td></td><td>0.008</td>
</tr>
<tr valign="top" class="TableRowColor">
<td><a href="activiti/gateways/62_ExclusiveGateway.html">ExclusiveGateway</a></td><td><a name="test1AssertSCRIPT_task2SCRIPT_task3"></a><a href="activiti/gateways/62_ExclusiveGateway.html#test1AssertSCRIPT_task2SCRIPT_task3">test1AssertSCRIPT_task2SCRIPT_task3</a></td><td>Success</td><td></td><td>0.007</td>
</tr>
<tr valign="top" class="TableRowColor">
<td><a href="activiti/gateways/62_ExclusiveGateway.html">ExclusiveGateway</a></td><td><a name="test2AssertSCRIPT_task1SCRIPT_task3"></a><a href="activiti/gateways/62_ExclusiveGateway.html#test2AssertSCRIPT_task1SCRIPT_task3">test2AssertSCRIPT_task1SCRIPT_task3</a></td><td>Success</td><td></td><td>0.008</td>
</tr>
<tr valign="top" class="TableRowColor">
<td><a href="activiti/gateways/62_ExclusiveGateway.html">ExclusiveGateway</a></td><td><a name="test3AssertSCRIPT_task1SCRIPT_task3"></a><a href="activiti/gateways/62_ExclusiveGateway.html#test3AssertSCRIPT_task1SCRIPT_task3">test3AssertSCRIPT_task1SCRIPT_task3</a></td><td>Success</td><td></td><td>0.007</td>
</tr>
<tr valign="top" class="TableRowColor">
<td><a href="activiti/gateways/62_ExclusiveGateway.html">ExclusiveGateway</a></td><td><a name="test4AssertERROR_runtime"></a><a href="activiti/gateways/62_ExclusiveGateway.html#test4AssertERROR_runtime">test4AssertERROR_runtime</a></td><td>Success</td><td></td><td>0.008</td>
</tr>
<tr valign="top" class="TableRowColor">
<td><a href="activiti/gateways/63_ExclusiveGateway_Default.html">ExclusiveGateway_Default</a></td><td><a name="test1AssertSCRIPT_task2SCRIPT_task4"></a><a href="activiti/gateways/63_ExclusiveGateway_Default.html#test1AssertSCRIPT_task2SCRIPT_task4">test1AssertSCRIPT_task2SCRIPT_task4</a></td><td>Success</td><td></td><td>0.008</td>
</tr>
<tr valign="top" class="TableRowColor">
<td><a href="activiti/gateways/63_ExclusiveGateway_Default.html">ExclusiveGateway_Default</a></td><td><a name="test2AssertSCRIPT_task1SCRIPT_task4"></a><a href="activiti/gateways/63_ExclusiveGateway_Default.html#test2AssertSCRIPT_task1SCRIPT_task4">test2AssertSCRIPT_task1SCRIPT_task4</a></td><td>Success</td><td></td><td>0.008</td>
</tr>
<tr valign="top" class="TableRowColor">
<td><a href="activiti/gateways/63_ExclusiveGateway_Default.html">ExclusiveGateway_Default</a></td><td><a name="test3AssertSCRIPT_task1SCRIPT_task4"></a><a href="activiti/gateways/63_ExclusiveGateway_Default.html#test3AssertSCRIPT_task1SCRIPT_task4">test3AssertSCRIPT_task1SCRIPT_task4</a></td><td>Success</td><td></td><td>0.007</td>
</tr>
<tr valign="top" class="TableRowColor">
<td><a href="activiti/gateways/63_ExclusiveGateway_Default.html">ExclusiveGateway_Default</a></td><td><a name="test4AssertSCRIPT_task3SCRIPT_task4"></a><a href="activiti/gateways/63_ExclusiveGateway_Default.html#test4AssertSCRIPT_task3SCRIPT_task4">test4AssertSCRIPT_task3SCRIPT_task4</a></td><td>Success</td><td></td><td>0.008</td>
</tr>
<tr valign="top" class="TableRowColor">
<td><a href="activiti/gateways/64_InclusiveDiverging_ExclusiveConverging.html">InclusiveDiverging_ExclusiveConverging</a></td><td><a name="test1AssertSCRIPT_task1SCRIPT_task3SCRIPT_task2SCRIPT_task3"></a><a href="activiti/gateways/64_InclusiveDiverging_ExclusiveConverging.html#test1AssertSCRIPT_task1SCRIPT_task3SCRIPT_task2SCRIPT_task3">test1AssertSCRIPT_task1SCRIPT_task3SCRIPT_task2SCRIPT_task3</a></td><td>Success</td><td></td><td>0.008</td>
</tr>
<tr valign="top" class="TableRowColor">
<td><a href="activiti/gateways/64_InclusiveDiverging_ExclusiveConverging.html">InclusiveDiverging_ExclusiveConverging</a></td><td><a name="test2AssertSCRIPT_task1SCRIPT_task3"></a><a href="activiti/gateways/64_InclusiveDiverging_ExclusiveConverging.html#test2AssertSCRIPT_task1SCRIPT_task3">test2AssertSCRIPT_task1SCRIPT_task3</a></td><td>Success</td><td></td><td>0.007</td>
</tr>
<tr valign="top" class="TableRowColor">
<td><a href="activiti/gateways/64_InclusiveDiverging_ExclusiveConverging.html">InclusiveDiverging_ExclusiveConverging</a></td><td><a name="test3AssertSCRIPT_task2SCRIPT_task3"></a><a href="activiti/gateways/64_InclusiveDiverging_ExclusiveConverging.html#test3AssertSCRIPT_task2SCRIPT_task3">test3AssertSCRIPT_task2SCRIPT_task3</a></td><td>Success</td><td></td><td>0.008</td>
</tr>
<tr valign="top" class="TableRowColor">
<td><a href="activiti/gateways/65_InclusiveGateway.html">InclusiveGateway</a></td><td><a name="test1AssertSCRIPT_task1SCRIPT_task2SCRIPT_task3"></a><a href="activiti/gateways/65_InclusiveGateway.html#test1AssertSCRIPT_task1SCRIPT_task2SCRIPT_task3">test1AssertSCRIPT_task1SCRIPT_task2SCRIPT_task3</a></td><td>Success</td><td></td><td>0.007</td>
</tr>
<tr valign="top" class="TableRowColor">
<td><a href="activiti/gateways/65_InclusiveGateway.html">InclusiveGateway</a></td><td><a name="test2AssertSCRIPT_task1SCRIPT_task3"></a><a href="activiti/gateways/65_InclusiveGateway.html#test2AssertSCRIPT_task1SCRIPT_task3">test2AssertSCRIPT_task1SCRIPT_task3</a></td><td>Success</td><td></td><td>0.007</td>
</tr>
<tr valign="top" class="TableRowColor">
<td><a href="activiti/gateways/65_InclusiveGateway.html">InclusiveGateway</a></td><td><a name="test3AssertSCRIPT_task2SCRIPT_task3"></a><a href="activiti/gateways/65_InclusiveGateway.html#test3AssertSCRIPT_task2SCRIPT_task3">test3AssertSCRIPT_task2SCRIPT_task3</a></td><td>Success</td><td></td><td>0.008</td>
</tr>
<tr valign="top" class="TableRowColor">
<td><a href="activiti/gateways/65_InclusiveGateway.html">InclusiveGateway</a></td><td><a name="test4AssertERROR_runtime"></a><a href="activiti/gateways/65_InclusiveGateway.html#test4AssertERROR_runtime">test4AssertERROR_runtime</a></td><td>Success</td><td></td><td>0.007</td>
</tr>
<tr valign="top" class="TableRowColor">
<td><a href="activiti/gateways/66_InclusiveGateway_Default.html">InclusiveGateway_Default</a></td><td><a name="test1AssertSCRIPT_task3SCRIPT_task4"></a><a href="activiti/gateways/66_InclusiveGateway_Default.html#test1AssertSCRIPT_task3SCRIPT_task4">test1AssertSCRIPT_task3SCRIPT_task4</a></td><td>Success</td><td></td><td>0.007</td>
</tr>
<tr valign="top" class="TableRowColor">
<td><a href="activiti/gateways/67_ParallelDiverging_ExclusiveConverging.html">ParallelDiverging_ExclusiveConverging</a></td><td><a name="test1AssertSCRIPT_task1SCRIPT_task3SCRIPT_task2SCRIPT_task3"></a><a href="activiti/gateways/67_ParallelDiverging_ExclusiveConverging.html#test1AssertSCRIPT_task1SCRIPT_task3SCRIPT_task2SCRIPT_task3">test1AssertSCRIPT_task1SCRIPT_task3SCRIPT_task2SCRIPT_task3</a></td><td>Success</td><td></td><td>0.007</td>
</tr>
<tr valign="top" class="TableRowColor">
<td><a href="activiti/gateways/68_ParallelDiverging_InclusiveConverging.html">ParallelDiverging_InclusiveConverging</a></td><td><a name="test1AssertSCRIPT_task1SCRIPT_task2SCRIPT_task3"></a><a href="activiti/gateways/68_ParallelDiverging_InclusiveConverging.html#test1AssertSCRIPT_task1SCRIPT_task2SCRIPT_task3">test1AssertSCRIPT_task1SCRIPT_task2SCRIPT_task3</a></td><td>Success</td><td></td><td>0.007</td>
</tr>
<tr valign="top" class="TableRowColor">
<td><a href="activiti/gateways/69_ParallelGateway.html">ParallelGateway</a></td><td><a name="test1AssertSCRIPT_task1SCRIPT_task2SCRIPT_task3"></a><a href="activiti/gateways/69_ParallelGateway.html#test1AssertSCRIPT_task1SCRIPT_task2SCRIPT_task3">test1AssertSCRIPT_task1SCRIPT_task2SCRIPT_task3</a></td><td>Success</td><td></td><td>0.008</td>
</tr>
<tr valign="top" class="Error">
<td><a href="camunda710/activities/70_CallActivity_GlobalTask.html">CallActivity_GlobalTask</a></td><td><a name="test1AssertSCRIPT_task1SCRIPT_task2"></a><a href="camunda710/activities/70_CallActivity_GlobalTask.html#test1AssertSCRIPT_task1SCRIPT_task2">test1AssertSCRIPT_task1SCRIPT_task2</a></td><td>Error</td><td>expected [SCRIPT_task1, SCRIPT_task2] but got [ERROR_runtime]: array lengths differed, expected.length=2 actual.length=1<br>
<br>
<code>java.lang.AssertionError: expected [SCRIPT_task1, SCRIPT_task2] but got [ERROR_runtime]: array lengths differed, expected.length=2 actual.length=1<br>	at camunda710.activities.CallActivity_GlobalTask.test1AssertSCRIPT_task1SCRIPT_task2(Unknown Source)<br>
</code></td><td>0.012</td>
</tr>
<tr valign="top" class="Error">
<td><a href="camunda710/activities/71_CallActivity_Process.html">CallActivity_Process</a></td><td><a name="test1AssertSCRIPT_task1SCRIPT_task2"></a><a href="camunda710/activities/71_CallActivity_Process.html#test1AssertSCRIPT_task1SCRIPT_task2">test1AssertSCRIPT_task1SCRIPT_task2</a></td><td>Error</td><td>expected [SCRIPT_task1, SCRIPT_task2] but got [ERROR_runtime]: array lengths differed, expected.length=2 actual.length=1<br>
<br>
<code>java.lang.AssertionError: expected [SCRIPT_task1, SCRIPT_task2] but got [ERROR_runtime]: array lengths differed, expected.length=2 actual.length=1<br>	at camunda710.activities.CallActivity_Process.test1AssertSCRIPT_task1SCRIPT_task2(Unknown Source)<br>
</code></td><td>0.012</td>
</tr>
<tr valign="top" class="Error">
<td><a href="camunda710/activities/72_LoopTask_LoopMaximum.html">LoopTask_LoopMaximum</a></td><td><a name="test1AssertSCRIPT_task1SCRIPT_task1SCRIPT_task1SCRIPT_task2"></a><a href="camunda710/activities/72_LoopTask_LoopMaximum.html#test1AssertSCRIPT_task1SCRIPT_task1SCRIPT_task1SCRIPT_task2">test1AssertSCRIPT_task1SCRIPT_task1SCRIPT_task1SCRIPT_task2</a></td><td>Error</td><td>expected [SCRIPT_task1, SCRIPT_task1, SCRIPT_task1, SCRIPT_task2] but got [SCRIPT_task1, SCRIPT_task2]: array lengths differed, expected.length=4 actual.length=2<br>
<br>
<code>java.lang.AssertionError: expected [SCRIPT_task1, SCRIPT_task1, SCRIPT_task1, SCRIPT_task2] but got [SCRIPT_task1, SCRIPT_task2]: array lengths differed, expected.length=4 actual.length=2<br>	at camunda710.activities.LoopTask_LoopMaximum.test1AssertSCRIPT_task1SCRIPT_task1SCRIPT_task1SCRIPT_task2(Unknown Source)<br>
</code></td><td>0.012</td>
</tr>
<tr valign="top" class="TableRowColor">
<td><a href="camunda710/activities/73_LoopTask_NoIteration_TestBeforeFalse.html">LoopTask_NoIteration_TestBeforeFalse</a></td><td><a name="test1AssertSCRIPT_task1SCRIPT_task2"></a><a href="camunda710/activities/73_LoopTask_NoIteration_TestBeforeFalse.html#test1AssertSCRIPT_task1SCRIPT_task2">test1AssertSCRIPT_task1SCRIPT_task2</a></td><td>Success</td><td></td><td>0.008</td>
</tr>
<tr valign="top" class="Error">
<td><a href="camunda710/activities/74_LoopTask_NoIteration_TestBeforeTrue.html">LoopTask_NoIteration_TestBeforeTrue</a></td><td><a name="test1AssertSCRIPT_task2"></a><a href="camunda710/activities/74_LoopTask_NoIteration_TestBeforeTrue.html#test1AssertSCRIPT_task2">test1AssertSCRIPT_task2</a></td><td>Error</td><td>expected [SCRIPT_task2] but got [SCRIPT_task1, SCRIPT_task2]: array lengths differed, expected.length=1 actual.length=2<br>
<br>
<code>java.lang.AssertionError: expected [SCRIPT_task2] but got [SCRIPT_task1, SCRIPT_task2]: array lengths differed, expected.length=1 actual.length=2<br>	at camunda710.activities.LoopTask_NoIteration_TestBeforeTrue.test1AssertSCRIPT_task2(Unknown Source)<br>
</code></td><td>0.013</td>
</tr>
<tr valign="top" class="TableRowColor">
<td><a href="camunda710/activities/75_MultiInstanceTask_AllBehavior.html">MultiInstanceTask_AllBehavior</a></td><td><a name="test1AssertSCRIPT_task1SCRIPT_task1SCRIPT_task1SCRIPT_task2"></a><a href="camunda710/activities/75_MultiInstanceTask_AllBehavior.html#test1AssertSCRIPT_task1SCRIPT_task1SCRIPT_task1SCRIPT_task2">test1AssertSCRIPT_task1SCRIPT_task1SCRIPT_task1SCRIPT_task2</a></td><td>Success</td><td></td><td>0.011</td>
</tr>
<tr valign="top" class="Error">
<td><a href="camunda710/activities/76_MultiInstanceTask_NoneBehavior.html">MultiInstanceTask_NoneBehavior</a></td><td><a name="test1AssertSCRIPT_task1SCRIPT_task3SCRIPT_task1SCRIPT_task3SCRIPT_task1SCRIPT_task3SCRIPT_task2"></a><a href="camunda710/activities/76_MultiInstanceTask_NoneBehavior.html#test1AssertSCRIPT_task1SCRIPT_task3SCRIPT_task1SCRIPT_task3SCRIPT_task1SCRIPT_task3SCRIPT_task2">test1AssertSCRIPT_task1SCRIPT_task3SCRIPT_task1SCRIPT_task3SCRIPT_task1SCRIPT_task3SCRIPT_task2</a></td><td>Error</td><td>expected [SCRIPT_task1, SCRIPT_task1, SCRIPT_task1, SCRIPT_task2, SCRIPT_task3, SCRIPT_task3, SCRIPT_task3] but got [SCRIPT_task1, SCRIPT_task1, SCRIPT_task1, SCRIPT_task2]: array lengths differed, expected.length=7 actual.length=4<br>
<br>
<code>java.lang.AssertionError: expected [SCRIPT_task1, SCRIPT_task1, SCRIPT_task1, SCRIPT_task2, SCRIPT_task3, SCRIPT_task3, SCRIPT_task3] but got [SCRIPT_task1, SCRIPT_task1, SCRIPT_task1, SCRIPT_task2]: array lengths differed, expected.length=7 actual.length=4<br>	at camunda710.activities.MultiInstanceTask_NoneBehavior.test1AssertSCRIPT_task1SCRIPT_task3SCRIPT_task1SCRIPT_task3SCRIPT_task1SCRIPT_task3SCRIPT_task2(Unknown Source)<br>
</code></td><td>0.012</td>
</tr>
<tr valign="top" class="Error">
<td><a href="camunda710/activities/77_MultiInstanceTask_OneBehavior.html">MultiInstanceTask_OneBehavior</a></td><td><a name="test1AssertSCRIPT_task1SCRIPT_task3SCRIPT_task1SCRIPT_task1SCRIPT_task2"></a><a href="camunda710/activities/77_MultiInstanceTask_OneBehavior.html#test1AssertSCRIPT_task1SCRIPT_task3SCRIPT_task1SCRIPT_task1SCRIPT_task2">test1AssertSCRIPT_task1SCRIPT_task3SCRIPT_task1SCRIPT_task1SCRIPT_task2</a></td><td>Error</td><td>expected [SCRIPT_task1, SCRIPT_task1, SCRIPT_task1, SCRIPT_task2, SCRIPT_task3] but got [SCRIPT_task1, SCRIPT_task1, SCRIPT_task1, SCRIPT_task2]: array lengths differed, expected.length=5 actual.length=4<br>
<br>
<code>java.lang.AssertionError: expected [SCRIPT_task1, SCRIPT_task1, SCRIPT_task1, SCRIPT_task2, SCRIPT_task3] but got [SCRIPT_task1, SCRIPT_task1, SCRIPT_task1, SCRIPT_task2]: array lengths differed, expected.length=5 actual.length=4<br>	at camunda710.activities.MultiInstanceTask_OneBehavior.test1AssertSCRIPT_task1SCRIPT_task3SCRIPT_task1SCRIPT_task1SCRIPT_task2(Unknown Source)<br>
</code></td><td>0.012</td>
</tr>
<tr valign="top" class="TableRowColor">
<td><a href="camunda710/activities/78_MultiInstanceTask_Parallel.html">MultiInstanceTask_Parallel</a></td><td><a name="test1AssertSCRIPT_task1SCRIPT_task1SCRIPT_task1SCRIPT_task2"></a><a href="camunda710/activities/78_MultiInstanceTask_Parallel.html#test1AssertSCRIPT_task1SCRIPT_task1SCRIPT_task1SCRIPT_task2">test1AssertSCRIPT_task1SCRIPT_task1SCRIPT_task1SCRIPT_task2</a></td><td>Success</td><td></td><td>0.007</td>
</tr>
<tr valign="top" class="TableRowColor">
<td><a href="camunda710/activities/79_MultiInstanceTask_Sequential.html">MultiInstanceTask_Sequential</a></td><td><a name="test1AssertSCRIPT_task1SCRIPT_task1SCRIPT_task1SCRIPT_task2"></a><a href="camunda710/activities/79_MultiInstanceTask_Sequential.html#test1AssertSCRIPT_task1SCRIPT_task1SCRIPT_task1SCRIPT_task2">test1AssertSCRIPT_task1SCRIPT_task1SCRIPT_task1SCRIPT_task2</a></td><td>Success</td><td></td><td>0.007</td>
</tr>
<tr valign="top" class="TableRowColor">
<td><a href="camunda710/activities/80_SubProcess.html">SubProcess</a></td><td><a name="test1AssertSCRIPT_task1SCRIPT_task2"></a><a href="camunda710/activities/80_SubProcess.html#test1AssertSCRIPT_task1SCRIPT_task2">test1AssertSCRIPT_task1SCRIPT_task2</a></td><td>Success</td><td></td><td>0.008</td>
</tr>
<tr valign="top" class="TableRowColor">
<td><a href="camunda710/activities/81_Transaction.html">Transaction</a></td><td><a name="test1AssertSCRIPT_task1SCRIPT_task2"></a><a href="camunda710/activities/81_Transaction.html#test1AssertSCRIPT_task1SCRIPT_task2">test1AssertSCRIPT_task1SCRIPT_task2</a></td><td>Success</td><td></td><td>0.007</td>
</tr>
<tr valign="top" class="TableRowColor">
<td><a href="camunda710/basics/82_Lanes.html">Lanes</a></td><td><a name="test1AssertSCRIPT_task1SCRIPT_task2SCRIPT_task3"></a><a href="camunda710/basics/82_Lanes.html#test1AssertSCRIPT_task1SCRIPT_task2SCRIPT_task3">test1AssertSCRIPT_task1SCRIPT_task2SCRIPT_task3</a></td><td>Success</td><td></td><td>0.008</td>
</tr>
<tr valign="top" class="TableRowColor">
<td><a href="camunda710/basics/83_Participant.html">Participant</a></td><td><a name="test1AssertSCRIPT_task1"></a><a href="camunda710/basics/83_Participant.html#test1AssertSCRIPT_task1">test1AssertSCRIPT_task1</a></td><td>Success</td><td></td><td>0.008</td>
</tr>
<tr valign="top" class="TableRowColor">
<td><a href="camunda710/basics/84_SequenceFlow.html">SequenceFlow</a></td><td><a name="test1AssertSCRIPT_task1"></a><a href="camunda710/basics/84_SequenceFlow.html#test1AssertSCRIPT_task1">test1AssertSCRIPT_task1</a></td><td>Success</td><td></td><td>0.007</td>
</tr>
<tr valign="top" class="TableRowColor">
<td><a href="camunda710/basics/85_SequenceFlow_ConditionalDefault.html">SequenceFlow_ConditionalDefault</a></td><td><a name="test1AssertSCRIPT_task1"></a><a href="camunda710/basics/85_SequenceFlow_ConditionalDefault.html#test1AssertSCRIPT_task1">test1AssertSCRIPT_task1</a></td><td>Success</td><td></td><td>0.008</td>
</tr>
<tr valign="top" class="TableRowColor">
<td><a href="camunda710/basics/85_SequenceFlow_ConditionalDefault.html">SequenceFlow_ConditionalDefault</a></td><td><a name="test2AssertSCRIPT_task2"></a><a href="camunda710/basics/85_SequenceFlow_ConditionalDefault.html#test2AssertSCRIPT_task2">test2AssertSCRIPT_task2</a></td><td>Success</td><td></td><td>0.007</td>
</tr>
<tr valign="top" class="Error">
<td><a href="camunda710/basics/86_SequenceFlow_ConditionalDefault_Normal.html">SequenceFlow_ConditionalDefault_Normal</a></td><td><a name="test1AssertSCRIPT_task2SCRIPT_task3"></a><a href="camunda710/basics/86_SequenceFlow_ConditionalDefault_Normal.html#test1AssertSCRIPT_task2SCRIPT_task3">test1AssertSCRIPT_task2SCRIPT_task3</a></td><td>Error</td><td>expected [SCRIPT_task2, SCRIPT_task3] but got [SCRIPT_task3]: array lengths differed, expected.length=2 actual.length=1<br>
<br>
<code>java.lang.AssertionError: expected [SCRIPT_task2, SCRIPT_task3] but got [SCRIPT_task3]: array lengths differed, expected.length=2 actual.length=1<br>	at camunda710.basics.SequenceFlow_ConditionalDefault_Normal.test1AssertSCRIPT_task2SCRIPT_task3(Unknown Source)<br>
</code></td><td>0.013</td>
</tr>
<tr valign="top" class="TableRowColor">
<td><a href="camunda710/basics/87_SequenceFlow_Conditional.html">SequenceFlow_Conditional</a></td><td><a name="test1AssertSCRIPT_task1SCRIPT_task2"></a><a href="camunda710/basics/87_SequenceFlow_Conditional.html#test1AssertSCRIPT_task1SCRIPT_task2">test1AssertSCRIPT_task1SCRIPT_task2</a></td><td>Success</td><td></td><td>0.007</td>
</tr>
<tr valign="top" class="TableRowColor">
<td><a href="camunda710/basics/87_SequenceFlow_Conditional.html">SequenceFlow_Conditional</a></td><td><a name="test2AssertSCRIPT_task2"></a><a href="camunda710/basics/87_SequenceFlow_Conditional.html#test2AssertSCRIPT_task2">test2AssertSCRIPT_task2</a></td><td>Success</td><td></td><td>0.008</td>
</tr>
<tr valign="top" class="TableRowColor">
<td><a href="camunda710/errors/88_ExclusiveDiverging_ParallelConverging.html">ExclusiveDiverging_ParallelConverging</a></td><td><a name="test1AssertSCRIPT_task1"></a><a href="camunda710/errors/88_ExclusiveDiverging_ParallelConverging.html#test1AssertSCRIPT_task1">test1AssertSCRIPT_task1</a></td><td>Success</td><td></td><td>0.007</td>
</tr>
<tr valign="top" class="TableRowColor">
<td><a href="camunda710/errors/88_ExclusiveDiverging_ParallelConverging.html">ExclusiveDiverging_ParallelConverging</a></td><td><a name="test2AssertSCRIPT_task2"></a><a href="camunda710/errors/88_ExclusiveDiverging_ParallelConverging.html#test2AssertSCRIPT_task2">test2AssertSCRIPT_task2</a></td><td>Success</td><td></td><td>0.007</td>
</tr>
<tr valign="top" class="TableRowColor">
<td><a href="camunda710/errors/88_ExclusiveDiverging_ParallelConverging.html">ExclusiveDiverging_ParallelConverging</a></td><td><a name="test3AssertSCRIPT_task1"></a><a href="camunda710/errors/88_ExclusiveDiverging_ParallelConverging.html#test3AssertSCRIPT_task1">test3AssertSCRIPT_task1</a></td><td>Success</td><td></td><td>0.008</td>
</tr>
<tr valign="top" class="TableRowColor">
<td><a href="camunda710/errors/89_InclusiveDiverging_ParallelConverging.html">InclusiveDiverging_ParallelConverging</a></td><td><a name="test1AssertSCRIPT_task1"></a><a href="camunda710/errors/89_InclusiveDiverging_ParallelConverging.html#test1AssertSCRIPT_task1">test1AssertSCRIPT_task1</a></td><td>Success</td><td></td><td>0.007</td>
</tr>
<tr valign="top" class="TableRowColor">
<td><a href="camunda710/errors/89_InclusiveDiverging_ParallelConverging.html">InclusiveDiverging_ParallelConverging</a></td><td><a name="test2AssertSCRIPT_task2"></a><a href="camunda710/errors/89_InclusiveDiverging_ParallelConverging.html#test2AssertSCRIPT_task2">test2AssertSCRIPT_task2</a></td><td>Success</td><td></td><td>0.008</td>
</tr>
<tr valign="top" class="TableRowColor">
<td><a href="camunda710/errors/89_InclusiveDiverging_ParallelConverging.html">InclusiveDiverging_ParallelConverging</a></td><td><a name="test3AssertSCRIPT_task1SCRIPT_task2SCRIPT_task3"></a><a href="camunda710/errors/89_InclusiveDiverging_ParallelConverging.html#test3AssertSCRIPT_task1SCRIPT_task2SCRIPT_task3">test3AssertSCRIPT_task1SCRIPT_task2SCRIPT_task3</a></td><td>Success</td><td></td><td>0.007</td>
</tr>
<tr valign="top" class="TableRowColor">
<td><a href="camunda710/errors/90_ParallelGateway_Conditions.html">ParallelGateway_Conditions</a></td><td><a name="test1AssertSCRIPT_task1SCRIPT_task2SCRIPT_task3"></a><a href="camunda710/errors/90_ParallelGateway_Conditions.html#test1AssertSCRIPT_task1SCRIPT_task2SCRIPT_task3">test1AssertSCRIPT_task1SCRIPT_task2SCRIPT_task3</a></td><td>Success</td><td></td><td>0.007</td>
</tr>
<tr valign="top" class="TableRowColor">
<td><a href="camunda710/errors/90_ParallelGateway_Conditions.html">ParallelGateway_Conditions</a></td><td><a name="test2AssertSCRIPT_task1SCRIPT_task2SCRIPT_task3"></a><a href="camunda710/errors/90_ParallelGateway_Conditions.html#test2AssertSCRIPT_task1SCRIPT_task2SCRIPT_task3">test2AssertSCRIPT_task1SCRIPT_task2SCRIPT_task3</a></td><td>Success</td><td></td><td>0.008</td>
</tr>
<tr valign="top" class="TableRowColor">
<td><a href="camunda710/errors/90_ParallelGateway_Conditions.html">ParallelGateway_Conditions</a></td><td><a name="test3AssertSCRIPT_task1SCRIPT_task2SCRIPT_task3"></a><a href="camunda710/errors/90_ParallelGateway_Conditions.html#test3AssertSCRIPT_task1SCRIPT_task2SCRIPT_task3">test3AssertSCRIPT_task1SCRIPT_task2SCRIPT_task3</a></td><td>Success</td><td></td><td>0.008</td>
</tr>
<tr valign="top" class="TableRowColor">
<td><a href="camunda710/errors/90_ParallelGateway_Conditions.html">ParallelGateway_Conditions</a></td><td><a name="test4AssertSCRIPT_task1SCRIPT_task2SCRIPT_task3"></a><a href="camunda710/errors/90_ParallelGateway_Conditions.html#test4AssertSCRIPT_task1SCRIPT_task2SCRIPT_task3">test4AssertSCRIPT_task1SCRIPT_task2SCRIPT_task3</a></td><td>Success</td><td></td><td>0.008</td>
</tr>
<tr valign="top" class="TableRowColor">
<td><a href="camunda710/events/91_Cancel_Event.html">Cancel_Event</a></td><td><a name="test1AssertSCRIPT_task1SCRIPT_task2"></a><a href="camunda710/events/91_Cancel_Event.html#test1AssertSCRIPT_task1SCRIPT_task2">test1AssertSCRIPT_task1SCRIPT_task2</a></td><td>Success</td><td></td><td>0.008</td>
</tr>
<tr valign="top" class="Error">
<td><a href="camunda710/events/92_Compensation_BoundaryEvent_SubProcess.html">Compensation_BoundaryEvent_SubProcess</a></td><td><a name="test1AssertSCRIPT_task1"></a><a href="camunda710/events/92_Compensation_BoundaryEvent_SubProcess.html#test1AssertSCRIPT_task1">test1AssertSCRIPT_task1</a></td><td>Error</td><td>expected [SCRIPT_task1] but got []: array lengths differed, expected.length=1 actual.length=0<br>
<br>
<code>java.lang.AssertionError: expected [SCRIPT_task1] but got []: array lengths differed, expected.length=1 actual.length=0<br>	at camunda710.events.Compensation_BoundaryEvent_SubProcess.test1AssertSCRIPT_task1(Unknown Source)<br>
</code></td><td>0.012</td>
</tr>
<tr valign="top" class="Error">
<td><a href="camunda710/events/93_Compensation_EndEvent_SubProcess.html">Compensation_EndEvent_SubProcess</a></td><td><a name="test1AssertSCRIPT_task1"></a><a href="camunda710/events/93_Compensation_EndEvent_SubProcess.html#test1AssertSCRIPT_task1">test1AssertSCRIPT_task1</a></td><td>Error</td><td>expected [SCRIPT_task1] but got []: array lengths differed, expected.length=1 actual.length=0<br>
<br>
<code>java.lang.AssertionError: expected [SCRIPT_task1] but got []: array lengths differed, expected.length=1 actual.length=0<br>	at camunda710.events.Compensation_EndEvent_SubProcess.test1AssertSCRIPT_task1(Unknown Source)<br>
</code></td><td>0.012</td>
</tr>
<tr valign="top" class="Error">
<td><a href="camunda710/events/94_Compensation_EndEvent_TopLevel.html">Compensation_EndEvent_TopLevel</a></td><td><a name="test1AssertSCRIPT_task1"></a><a href="camunda710/events/94_Compensation_EndEvent_TopLevel.html#test1AssertSCRIPT_task1">test1AssertSCRIPT_task1</a></td><td>Error</td><td>expected [SCRIPT_task1] but got []: array lengths differed, expected.length=1 actual.length=0<br>
<br>
<code>java.lang.AssertionError: expected [SCRIPT_task1] but got []: array lengths differed, expected.length=1 actual.length=0<br>	at camunda710.events.Compensation_EndEvent_TopLevel.test1AssertSCRIPT_task1(Unknown Source)<br>
</code></td><td>0.013</td>
</tr>
<tr valign="top" class="TableRowColor">
<td><a href="camunda710/events/95_Compensation_IntermediateEvent.html">Compensation_IntermediateEvent</a></td><td><a name="test1AssertSCRIPT_task1"></a><a href="camunda710/events/95_Compensation_IntermediateEvent.html#test1AssertSCRIPT_task1">test1AssertSCRIPT_task1</a></td><td>Success</td><td></td><td>0.008</td>
</tr>
<tr valign="top" class="Error">
<td><a href="camunda710/events/96_Compensation_StartEvent_EventSubProcess.html">Compensation_StartEvent_EventSubProcess</a></td><td><a name="test1AssertSCRIPT_task1"></a><a href="camunda710/events/96_Compensation_StartEvent_EventSubProcess.html#test1AssertSCRIPT_task1">test1AssertSCRIPT_task1</a></td><td>Error</td><td>expected [SCRIPT_task1] but got [ERROR_deployment, ERROR_runtime]: array lengths differed, expected.length=1 actual.length=2<br>
<br>
<code>java.lang.AssertionError: expected [SCRIPT_task1] but got [ERROR_deployment, ERROR_runtime]: array lengths differed, expected.length=1 actual.length=2<br>	at camunda710.events.Compensation_StartEvent_EventSubProcess.test1AssertSCRIPT_task1(Unknown Source)<br>
</code></td><td>0.012</td>
</tr>
<tr valign="top" class="TableRowColor">
<td><a href="camunda710/events/97_Compensation_TriggeredByCancel.html">Compensation_TriggeredByCancel</a></td><td><a name="test1AssertSCRIPT_task1"></a><a href="camunda710/events/97_Compensation_TriggeredByCancel.html#test1AssertSCRIPT_task1">test1AssertSCRIPT_task1</a></td><td>Success</td><td></td><td>0.008</td>
</tr>
<tr valign="top" class="Error">
<td><a href="camunda710/events/98_Conditional_BoundaryEvent_SubProcess_Interrupting.html">Conditional_BoundaryEvent_SubProcess_Interrupting</a></td><td><a name="test1AssertSCRIPT_task3"></a><a href="camunda710/events/98_Conditional_BoundaryEvent_SubProcess_Interrupting.html#test1AssertSCRIPT_task3">test1AssertSCRIPT_task3</a></td><td>Error</td><td>expected [SCRIPT_task3] but got [ERROR_deployment, ERROR_runtime]: array lengths differed, expected.length=1 actual.length=2<br>
<br>
<code>java.lang.AssertionError: expected [SCRIPT_task3] but got [ERROR_deployment, ERROR_runtime]: array lengths differed, expected.length=1 actual.length=2<br>	at camunda710.events.Conditional_BoundaryEvent_SubProcess_Interrupting.test1AssertSCRIPT_task3(Unknown Source)<br>
</code></td><td>0.012</td>
</tr>
<tr valign="top" class="Error">
<td><a href="camunda710/events/98_Conditional_BoundaryEvent_SubProcess_Interrupting.html">Conditional_BoundaryEvent_SubProcess_Interrupting</a></td><td><a name="test2AssertSCRIPT_task1SCRIPT_task2"></a><a href="camunda710/events/98_Conditional_BoundaryEvent_SubProcess_Interrupting.html#test2AssertSCRIPT_task1SCRIPT_task2">test2AssertSCRIPT_task1SCRIPT_task2</a></td><td>Error</td><td>expected [SCRIPT_task1, SCRIPT_task2] but got [ERROR_deployment, ERROR_runtime]: arrays first differed at element [0]; expected:&lt;[SCRIPT_task1]&gt; but was:&lt;[ERROR_deployment]&gt;<br>
<br>
<code>expected [SCRIPT_task1, SCRIPT_task2] but got [ERROR_deployment, ERROR_runtime]: arrays first differed at element [0]; expected:&lt;[SCRIPT_task1]&gt; but was:&lt;[ERROR_deployment]&gt;<br>	at camunda710.events.Conditional_BoundaryEvent_SubProcess_Interrupting.test2AssertSCRIPT_task1SCRIPT_task2(Unknown Source)<br>
</code></td><td>0.013</td>
</tr>
<tr valign="top" class="Error">
<td><a href="camunda710/events/99_Conditional_BoundaryEvent_SubProcess_NonInterrupting.html">Conditional_BoundaryEvent_SubProcess_NonInterrupting</a></td><td><a name="test1AssertSCRIPT_task1SCRIPT_task2SCRIPT_task3"></a><a href="camunda710/events/99_Conditional_BoundaryEvent_SubProcess_NonInterrupting.html#test1AssertSCRIPT_task1SCRIPT_task2SCRIPT_task3">test1AssertSCRIPT_task1SCRIPT_task2SCRIPT_task3</a></td><td>Error</td><td>expected [SCRIPT_task1, SCRIPT_task2, SCRIPT_task3] but got [ERROR_deployment, ERROR_runtime]: array lengths differed, expected.length=3 actual.length=2<br>
<br>
<code>java.lang.AssertionError: expected [SCRIPT_task1, SCRIPT_task2, SCRIPT_task3] but got [ERROR_deployment, ERROR_runtime]: array lengths differed, expected.length=3 actual.length=2<br>	at camunda710.events.Conditional_BoundaryEvent_SubProcess_NonInterrupting.test1AssertSCRIPT_task1SCRIPT_task2SCRIPT_task3(Unknown Source)<br>
</code></td><td>0.012</td>
</tr>
<tr valign="top" class="Error">
<td><a href="camunda710/events/99_Conditional_BoundaryEvent_SubProcess_NonInterrupting.html">Conditional_BoundaryEvent_SubProcess_NonInterrupting</a></td><td><a name="test2AssertSCRIPT_task1SCRIPT_task2"></a><a href="camunda710/events/99_Conditional_BoundaryEvent_SubProcess_NonInterrupting.html#test2AssertSCRIPT_task1SCRIPT_task2">test2AssertSCRIPT_task1SCRIPT_task2</a></td><td>Error</td><td>expected [SCRIPT_task1, SCRIPT_task2] but got [ERROR_deployment, ERROR_runtime]: arrays first differed at element [0]; expected:&lt;[SCRIPT_task1]&gt; but was:&lt;[ERROR_deployment]&gt;<br>
<br>
<code>expected [SCRIPT_task1, SCRIPT_task2] but got [ERROR_deployment, ERROR_runtime]: arrays first differed at element [0]; expected:&lt;[SCRIPT_task1]&gt; but was:&lt;[ERROR_deployment]&gt;<br>	at camunda710.events.Conditional_BoundaryEvent_SubProcess_NonInterrupting.test2AssertSCRIPT_task1SCRIPT_task2(Unknown Source)<br>
</code></td><td>0.013</td>
</tr>
<tr valign="top" class="Error">
<td><a href="camunda710/events/100_Conditional_IntermediateEvent.html">Conditional_IntermediateEvent</a></td><td><a name="test1AssertSCRIPT_task1"></a><a href="camunda710/events/100_Conditional_IntermediateEvent.html#test1AssertSCRIPT_task1">test1AssertSCRIPT_task1</a></td><td>Error</td><td>expected [SCRIPT_task1] but got [ERROR_deployment, ERROR_runtime]: array lengths differed, expected.length=1 actual.length=2<br>
<br>
<code>java.lang.AssertionError: expected [SCRIPT_task1] but got [ERROR_deployment, ERROR_runtime]: array lengths differed, expected.length=1 actual.length=2<br>	at camunda710.events.Conditional_IntermediateEvent.test1AssertSCRIPT_task1(Unknown Source)<br>
</code></td><td>0.012</td>
</tr>
<tr valign="top" class="Error">
<td><a href="camunda710/events/100_Conditional_IntermediateEvent.html">Conditional_IntermediateEvent</a></td><td><a name="test2Assert"></a><a href="camunda710/events/100_Conditional_IntermediateEvent.html#test2Assert">test2Assert</a></td><td>Error</td><td>expected [] but got [ERROR_deployment, ERROR_runtime]: array lengths differed, expected.length=0 actual.length=2<br>
<br>
<code>java.lang.AssertionError: expected [] but got [ERROR_deployment, ERROR_runtime]: array lengths differed, expected.length=0 actual.length=2<br>	at camunda710.events.Conditional_IntermediateEvent.test2Assert(Unknown Source)<br>
</code></td><td>0.013</td>
</tr>
<tr valign="top" class="Error">
<td><a href="camunda710/events/101_Conditional_StartEvent_EventSubProcess_Interrupting.html">Conditional_StartEvent_EventSubProcess_Interrupting</a></td><td><a name="test1AssertSCRIPT_task1"></a><a href="camunda710/events/101_Conditional_StartEvent_EventSubProcess_Interrupting.html#test1AssertSCRIPT_task1">test1AssertSCRIPT_task1</a></td><td>Error</td><td>expected [SCRIPT_task1] but got [ERROR_deployment, ERROR_runtime]: array lengths differed, expected.length=1 actual.length=2<br>
<br>
<code>java.lang.AssertionError: expected [SCRIPT_task1] but got [ERROR_deployment, ERROR_runtime]: array lengths differed, expected.length=1 actual.length=2<br>	at camunda710.events.Conditional_StartEvent_EventSubProcess_Interrupting.test1AssertSCRIPT_task1(Unknown Source)<br>
</code></td><td>0.012</td>
</tr>
<tr valign="top" class="Error">
<td><a href="camunda710/events/102_Conditional_StartEvent_EventSubProcess_NonInterrupting.html">Conditional_StartEvent_EventSubProcess_NonInterrupting</a></td><td><a name="test1AssertSCRIPT_task1SCRIPT_task2"></a><a href="camunda710/events/102_Conditional_StartEvent_EventSubProcess_NonInterrupting.html#test1AssertSCRIPT_task1SCRIPT_task2">test1AssertSCRIPT_task1SCRIPT_task2</a></td><td>Error</td><td>expected [SCRIPT_task1, SCRIPT_task2] but got [ERROR_deployment, ERROR_runtime]: arrays first differed at element [0]; expected:&lt;[SCRIPT_task1]&gt; but was:&lt;[ERROR_deployment]&gt;<br>
<br>
<code>expected [SCRIPT_task1, SCRIPT_task2] but got [ERROR_deployment, ERROR_runtime]: arrays first differed at element [0]; expected:&lt;[SCRIPT_task1]&gt; but was:&lt;[ERROR_deployment]&gt;<br>	at camunda710.events.Conditional_StartEvent_EventSubProcess_NonInterrupting.test1AssertSCRIPT_task1SCRIPT_task2(Unknown Source)<br>
</code></td><td>0.013</td>
</tr>
<tr valign="top" class="TableRowColor">
<td><a href="camunda710/events/103_Error_BoundaryEvent_SubProcess_Interrupting.html">Error_BoundaryEvent_SubProcess_Interrupting</a></td><td><a name="test1AssertSCRIPT_task1SCRIPT_task2"></a><a href="camunda710/events/103_Error_BoundaryEvent_SubProcess_Interrupting.html#test1AssertSCRIPT_task1SCRIPT_task2">test1AssertSCRIPT_task1SCRIPT_task2</a></td><td>Success</td><td></td><td>0.008</td>
</tr>
<tr valign="top" class="TableRowColor">
<td><a href="camunda710/events/104_Error_BoundaryEvent_Transaction_Interrupting.html">Error_BoundaryEvent_Transaction_Interrupting</a></td><td><a name="test1AssertSCRIPT_task1SCRIPT_task2"></a><a href="camunda710/events/104_Error_BoundaryEvent_Transaction_Interrupting.html#test1AssertSCRIPT_task1SCRIPT_task2">test1AssertSCRIPT_task1SCRIPT_task2</a></td><td>Success</td><td></td><td>0.008</td>
</tr>
<tr valign="top" class="TableRowColor">
<td><a href="camunda710/events/105_Error_EndEvent_TopLevel.html">Error_EndEvent_TopLevel</a></td><td><a name="test1AssertSCRIPT_task1ERROR_thrownErrorEvent"></a><a href="camunda710/events/105_Error_EndEvent_TopLevel.html#test1AssertSCRIPT_task1ERROR_thrownErrorEvent">test1AssertSCRIPT_task1ERROR_thrownErrorEvent</a></td><td>Success</td><td></td><td>0.008</td>
</tr>
<tr valign="top" class="TableRowColor">
<td><a href="camunda710/events/106_Error_StartEvent_EventSubProcess_Interrupting.html">Error_StartEvent_EventSubProcess_Interrupting</a></td><td><a name="test1AssertSCRIPT_task1SCRIPT_task2SCRIPT_task3"></a><a href="camunda710/events/106_Error_StartEvent_EventSubProcess_Interrupting.html#test1AssertSCRIPT_task1SCRIPT_task2SCRIPT_task3">test1AssertSCRIPT_task1SCRIPT_task2SCRIPT_task3</a></td><td>Success</td><td></td><td>0.007</td>
</tr>
<tr valign="top" class="Error">
<td><a href="camunda710/events/107_Escalation_BoundaryEvent_SubProcess_Interrupting.html">Escalation_BoundaryEvent_SubProcess_Interrupting</a></td><td><a name="test1AssertSCRIPT_task1SCRIPT_task3"></a><a href="camunda710/events/107_Escalation_BoundaryEvent_SubProcess_Interrupting.html#test1AssertSCRIPT_task1SCRIPT_task3">test1AssertSCRIPT_task1SCRIPT_task3</a></td><td>Error</td><td>expected [SCRIPT_task1, SCRIPT_task3] but got [ERROR_deployment, ERROR_runtime]: arrays first differed at element [0]; expected:&lt;[SCRIPT_task1]&gt; but was:&lt;[ERROR_deployment]&gt;<br>
<br>
<code>expected [SCRIPT_task1, SCRIPT_task3] but got [ERROR_deployment, ERROR_runtime]: arrays first differed at element [0]; expected:&lt;[SCRIPT_task1]&gt; but was:&lt;[ERROR_deployment]&gt;<br>	at camunda710.events.Escalation_BoundaryEvent_SubProcess_Interrupting.test1AssertSCRIPT_task1SCRIPT_task3(Unknown Source)<br>
</code></td><td>0.013</td>
</tr>
<tr valign="top" class="Error">
<td><a href="camunda710/events/108_Escalation_BoundaryEvent_SubProcess_NonInterrupting.html">Escalation_BoundaryEvent_SubProcess_NonInterrupting</a></td><td><a name="test1AssertSCRIPT_task1SCRIPT_task2SCRIPT_task3SCRIPT_task4"></a><a href="camunda710/events/108_Escalation_BoundaryEvent_SubProcess_NonInterrupting.html#test1AssertSCRIPT_task1SCRIPT_task2SCRIPT_task3SCRIPT_task4">test1AssertSCRIPT_task1SCRIPT_task2SCRIPT_task3SCRIPT_task4</a></td><td>Error</td><td>expected [SCRIPT_task1, SCRIPT_task2, SCRIPT_task3, SCRIPT_task4] but got [ERROR_deployment, ERROR_runtime]: array lengths differed, expected.length=4 actual.length=2<br>
<br>
<code>java.lang.AssertionError: expected [SCRIPT_task1, SCRIPT_task2, SCRIPT_task3, SCRIPT_task4] but got [ERROR_deployment, ERROR_runtime]: array lengths differed, expected.length=4 actual.length=2<br>	at camunda710.events.Escalation_BoundaryEvent_SubProcess_NonInterrupting.test1AssertSCRIPT_task1SCRIPT_task2SCRIPT_task3SCRIPT_task4(Unknown Source)<br>
</code></td><td>0.012</td>
</tr>
<tr valign="top" class="Error">
<td><a href="camunda710/events/109_Escalation_EndEvent_SubProcess.html">Escalation_EndEvent_SubProcess</a></td><td><a name="test1AssertSCRIPT_task1"></a><a href="camunda710/events/109_Escalation_EndEvent_SubProcess.html#test1AssertSCRIPT_task1">test1AssertSCRIPT_task1</a></td><td>Error</td><td>expected [SCRIPT_task1] but got [ERROR_deployment, ERROR_runtime]: array lengths differed, expected.length=1 actual.length=2<br>
<br>
<code>java.lang.AssertionError: expected [SCRIPT_task1] but got [ERROR_deployment, ERROR_runtime]: array lengths differed, expected.length=1 actual.length=2<br>	at camunda710.events.Escalation_EndEvent_SubProcess.test1AssertSCRIPT_task1(Unknown Source)<br>
</code></td><td>0.012</td>
</tr>
<tr valign="top" class="Error">
<td><a href="camunda710/events/110_Escalation_EndEvent_TopLevel.html">Escalation_EndEvent_TopLevel</a></td><td><a name="test1AssertSCRIPT_task1ERROR_thrownEscalationEvent"></a><a href="camunda710/events/110_Escalation_EndEvent_TopLevel.html#test1AssertSCRIPT_task1ERROR_thrownEscalationEvent">test1AssertSCRIPT_task1ERROR_thrownEscalationEvent</a></td><td>Error</td><td>expected [ERROR_thrownEscalationEvent, SCRIPT_task1] but got [SCRIPT_task1]: array lengths differed, expected.length=2 actual.length=1<br>
<br>
<code>java.lang.AssertionError: expected [ERROR_thrownEscalationEvent, SCRIPT_task1] but got [SCRIPT_task1]: array lengths differed, expected.length=2 actual.length=1<br>	at camunda710.events.Escalation_EndEvent_TopLevel.test1AssertSCRIPT_task1ERROR_thrownEscalationEvent(Unknown Source)<br>
</code></td><td>0.013</td>
</tr>
<tr valign="top" class="Error">
<td><a href="camunda710/events/111_Escalation_IntermediateThrowEvent.html">Escalation_IntermediateThrowEvent</a></td><td><a name="test1AssertSCRIPT_task1"></a><a href="camunda710/events/111_Escalation_IntermediateThrowEvent.html#test1AssertSCRIPT_task1">test1AssertSCRIPT_task1</a></td><td>Error</td><td>expected [SCRIPT_task1] but got [ERROR_deployment, ERROR_runtime]: array lengths differed, expected.length=1 actual.length=2<br>
<br>
<code>java.lang.AssertionError: expected [SCRIPT_task1] but got [ERROR_deployment, ERROR_runtime]: array lengths differed, expected.length=1 actual.length=2<br>	at camunda710.events.Escalation_IntermediateThrowEvent.test1AssertSCRIPT_task1(Unknown Source)<br>
</code></td><td>0.012</td>
</tr>
<tr valign="top" class="Error">
<td><a href="camunda710/events/112_Escalation_StartEvent_EventSubProcess_Interrupting.html">Escalation_StartEvent_EventSubProcess_Interrupting</a></td><td><a name="test1AssertSCRIPT_task2"></a><a href="camunda710/events/112_Escalation_StartEvent_EventSubProcess_Interrupting.html#test1AssertSCRIPT_task2">test1AssertSCRIPT_task2</a></td><td>Error</td><td>expected [SCRIPT_task2] but got [ERROR_deployment, ERROR_runtime]: array lengths differed, expected.length=1 actual.length=2<br>
<br>
<code>java.lang.AssertionError: expected [SCRIPT_task2] but got [ERROR_deployment, ERROR_runtime]: array lengths differed, expected.length=1 actual.length=2<br>	at camunda710.events.Escalation_StartEvent_EventSubProcess_Interrupting.test1AssertSCRIPT_task2(Unknown Source)<br>
</code></td><td>0.012</td>
</tr>
<tr valign="top" class="Error">
<td><a href="camunda710/events/113_Escalation_StartEvent_EventSubProcess_NonInterrupting.html">Escalation_StartEvent_EventSubProcess_NonInterrupting</a></td><td><a name="test1AssertSCRIPT_task1SCRIPT_task2SCRIPT_task3"></a><a href="camunda710/events/113_Escalation_StartEvent_EventSubProcess_NonInterrupting.html#test1AssertSCRIPT_task1SCRIPT_task2SCRIPT_task3">test1AssertSCRIPT_task1SCRIPT_task2SCRIPT_task3</a></td><td>Error</td><td>expected [SCRIPT_task1, SCRIPT_task2, SCRIPT_task3] but got [ERROR_deployment, ERROR_runtime]: array lengths differed, expected.length=3 actual.length=2<br>
<br>
<code>java.lang.AssertionError: expected [SCRIPT_task1, SCRIPT_task2, SCRIPT_task3] but got [ERROR_deployment, ERROR_runtime]: array lengths differed, expected.length=3 actual.length=2<br>	at camunda710.events.Escalation_StartEvent_EventSubProcess_NonInterrupting.test1AssertSCRIPT_task1SCRIPT_task2SCRIPT_task3(Unknown Source)<br>
</code></td><td>0.012</td>
</tr>
<tr valign="top" class="TableRowColor">
<td><a href="camunda710/events/114_Link_Event.html">Link_Event</a></td><td><a name="test1AssertSCRIPT_task1"></a><a href="camunda710/events/114_Link_Event.html#test1AssertSCRIPT_task1">test1AssertSCRIPT_task1</a></td><td>Success</td><td></td><td>0.008</td>
</tr>
<tr valign="top" class="Error">
<td><a href="camunda710/events/115_Signal_BoundaryEvent_SubProcess_Interrupting.html">Signal_BoundaryEvent_SubProcess_Interrupting</a></td><td><a name="test1AssertSCRIPT_task1SCRIPT_task3"></a><a href="camunda710/events/115_Signal_BoundaryEvent_SubProcess_Interrupting.html#test1AssertSCRIPT_task1SCRIPT_task3">test1AssertSCRIPT_task1SCRIPT_task3</a></td><td>Error</td><td>expected [SCRIPT_task1, SCRIPT_task3] but got [ERROR_runtime, SCRIPT_task1, SCRIPT_task3]: array lengths differed, expected.length=2 actual.length=3<br>
<br>
<code>java.lang.AssertionError: expected [SCRIPT_task1, SCRIPT_task3] but got [ERROR_runtime, SCRIPT_task1, SCRIPT_task3]: array lengths differed, expected.length=2 actual.length=3<br>	at camunda710.events.Signal_BoundaryEvent_SubProcess_Interrupting.test1AssertSCRIPT_task1SCRIPT_task3(Unknown Source)<br>
</code></td><td>0.013</td>
</tr>
<tr valign="top" class="TableRowColor">
<td><a href="camunda710/events/116_Signal_BoundaryEvent_SubProcess_NonInterrupting.html">Signal_BoundaryEvent_SubProcess_NonInterrupting</a></td><td><a name="test1AssertSCRIPT_task1SCRIPT_task2SCRIPT_task3SCRIPT_task4"></a><a href="camunda710/events/116_Signal_BoundaryEvent_SubProcess_NonInterrupting.html#test1AssertSCRIPT_task1SCRIPT_task2SCRIPT_task3SCRIPT_task4">test1AssertSCRIPT_task1SCRIPT_task2SCRIPT_task3SCRIPT_task4</a></td><td>Success</td><td></td><td>0.008</td>
</tr>
<tr valign="top" class="TableRowColor">
<td><a href="camunda710/events/117_Signal_EndEvent_SubProcess.html">Signal_EndEvent_SubProcess</a></td><td><a name="test1AssertSCRIPT_task1"></a><a href="camunda710/events/117_Signal_EndEvent_SubProcess.html#test1AssertSCRIPT_task1">test1AssertSCRIPT_task1</a></td><td>Success</td><td></td><td>0.007</td>
</tr>
<tr valign="top" class="TableRowColor">
<td><a href="camunda710/events/118_Signal_IntermediateEvent_ThrowAndCatch.html">Signal_IntermediateEvent_ThrowAndCatch</a></td><td><a name="test1AssertSCRIPT_task1"></a><a href="camunda710/events/118_Signal_IntermediateEvent_ThrowAndCatch.html#test1AssertSCRIPT_task1">test1AssertSCRIPT_task1</a></td><td>Success</td><td></td><td>0.007</td>
</tr>
<tr valign="top" class="Error">
<td><a href="camunda710/events/119_Signal_StartEvent_EventSubProcess_Interrupting.html">Signal_StartEvent_EventSubProcess_Interrupting</a></td><td><a name="test1AssertSCRIPT_task2"></a><a href="camunda710/events/119_Signal_StartEvent_EventSubProcess_Interrupting.html#test1AssertSCRIPT_task2">test1AssertSCRIPT_task2</a></td><td>Error</td><td>expected [SCRIPT_task2] but got [ERROR_runtime, SCRIPT_task2]: array lengths differed, expected.length=1 actual.length=2<br>
<br>
<code>java.lang.AssertionError: expected [SCRIPT_task2] but got [ERROR_runtime, SCRIPT_task2]: array lengths differed, expected.length=1 actual.length=2<br>	at camunda710.events.Signal_StartEvent_EventSubProcess_Interrupting.test1AssertSCRIPT_task2(Unknown Source)<br>
</code></td><td>0.012</td>
</tr>
<tr valign="top" class="TableRowColor">
<td><a href="camunda710/events/120_Signal_StartEvent_EventSubProcess_NonInterrupting.html">Signal_StartEvent_EventSubProcess_NonInterrupting</a></td><td><a name="test1AssertSCRIPT_task1SCRIPT_task2SCRIPT_task3"></a><a href="camunda710/events/120_Signal_StartEvent_EventSubProcess_NonInterrupting.html#test1AssertSCRIPT_task1SCRIPT_task2SCRIPT_task3">test1AssertSCRIPT_task1SCRIPT_task2SCRIPT_task3</a></td><td>Success</td><td></td><td>0.008</td>
</tr>
<tr valign="top" class="TableRowColor">
<td><a href="camunda710/events/121_Terminate_Event.html">Terminate_Event</a></td><td><a name="test1Assert"></a><a href="camunda710/events/121_Terminate_Event.html#test1Assert">test1Assert</a></td><td>Success</td><td></td><td>0.007</td>
</tr>
<tr valign="top" class="TableRowColor">
<td><a href="camunda710/events/122_Timer_BoundaryEvent_SubProcess_Interrupting.html">Timer_BoundaryEvent_SubProcess_Interrupting</a></td><td><a name="test1AssertSCRIPT_task3"></a><a href="camunda710/events/122_Timer_BoundaryEvent_SubProcess_Interrupting.html#test1AssertSCRIPT_task3">test1AssertSCRIPT_task3</a></td><td>Success</td><td></td><td>0.007</td>
</tr>
<tr valign="top" class="TableRowColor">
<td><a href="camunda710/events/123_Timer_BoundaryEvent_SubProcess_NonInterrupting.html">Timer_BoundaryEvent_SubProcess_NonInterrupting</a></td><td><a name="test1AssertSCRIPT_task1SCRIPT_task2SCRIPT_task3"></a><a href="camunda710/events/123_Timer_BoundaryEvent_SubProcess_NonInterrupting.html#test1AssertSCRIPT_task1SCRIPT_task2SCRIPT_task3">test1AssertSCRIPT_task1SCRIPT_task2SCRIPT_task3</a></td><td>Success</td><td></td><td>0.008</td>
</tr>
<tr valign="top" class="TableRowColor">
<td><a href="camunda710/events/124_Timer_IntermediateEvent.html">Timer_IntermediateEvent</a></td><td><a name="test1AssertSCRIPT_task1"></a><a href="camunda710/events/124_Timer_IntermediateEvent.html#test1AssertSCRIPT_task1">test1AssertSCRIPT_task1</a></td><td>Success</td><td></td><td>0.007</td>
</tr>
<tr valign="top" class="TableRowColor">
<td><a href="camunda710/events/125_Timer_StartEvent_EventSubProcess_Interrupting.html">Timer_StartEvent_EventSubProcess_Interrupting</a></td><td><a name="test1AssertSCRIPT_task2"></a><a href="camunda710/events/125_Timer_StartEvent_EventSubProcess_Interrupting.html#test1AssertSCRIPT_task2">test1AssertSCRIPT_task2</a></td><td>Success</td><td></td><td>0.008</td>
</tr>
<tr valign="top" class="TableRowColor">
<td><a href="camunda710/events/126_Timer_StartEvent_EventSubProcess_NonInterrupting.html">Timer_StartEvent_EventSubProcess_NonInterrupting</a></td><td><a name="test1AssertSCRIPT_task1SCRIPT_task2SCRIPT_task3"></a><a href="camunda710/events/126_Timer_StartEvent_EventSubProcess_NonInterrupting.html#test1AssertSCRIPT_task1SCRIPT_task2SCRIPT_task3">test1AssertSCRIPT_task1SCRIPT_task2SCRIPT_task3</a></td><td>Success</td><td></td><td>0.007</td>
</tr>
<tr valign="top" class="Error">
<td><a href="camunda710/gateways/127_ComplexGateway.html">ComplexGateway</a></td><td><a name="test1AssertSCRIPT_task1SCRIPT_task4"></a><a href="camunda710/gateways/127_ComplexGateway.html#test1AssertSCRIPT_task1SCRIPT_task4">test1AssertSCRIPT_task1SCRIPT_task4</a></td><td>Error</td><td>expected [SCRIPT_task1, SCRIPT_task4] but got [ERROR_deployment, ERROR_runtime]: arrays first differed at element [0]; expected:&lt;[SCRIPT_task1]&gt; but was:&lt;[ERROR_deployment]&gt;<br>
<br>
<code>expected [SCRIPT_task1, SCRIPT_task4] but got [ERROR_deployment, ERROR_runtime]: arrays first differed at element [0]; expected:&lt;[SCRIPT_task1]&gt; but was:&lt;[ERROR_deployment]&gt;<br>	at camunda710.gateways.ComplexGateway.test1AssertSCRIPT_task1SCRIPT_task4(Unknown Source)<br>
</code></td><td>0.013</td>
</tr>
<tr valign="top" class="Error">
<td><a href="camunda710/gateways/127_ComplexGateway.html">ComplexGateway</a></td><td><a name="test2AssertSCRIPT_task2SCRIPT_task4"></a><a href="camunda710/gateways/127_ComplexGateway.html#test2AssertSCRIPT_task2SCRIPT_task4">test2AssertSCRIPT_task2SCRIPT_task4</a></td><td>Error</td><td>expected [SCRIPT_task2, SCRIPT_task4] but got [ERROR_deployment, ERROR_runtime]: arrays first differed at element [0]; expected:&lt;[SCRIPT_task2]&gt; but was:&lt;[ERROR_deployment]&gt;<br>
<br>
<code>expected [SCRIPT_task2, SCRIPT_task4] but got [ERROR_deployment, ERROR_runtime]: arrays first differed at element [0]; expected:&lt;[SCRIPT_task2]&gt; but was:&lt;[ERROR_deployment]&gt;<br>	at camunda710.gateways.ComplexGateway.test2AssertSCRIPT_task2SCRIPT_task4(Unknown Source)<br>
</code></td><td>0.013</td>
</tr>
<tr valign="top" class="Error">
<td><a href="camunda710/gateways/127_ComplexGateway.html">ComplexGateway</a></td><td><a name="test3AssertSCRIPT_task3SCRIPT_task4"></a><a href="camunda710/gateways/127_ComplexGateway.html#test3AssertSCRIPT_task3SCRIPT_task4">test3AssertSCRIPT_task3SCRIPT_task4</a></td><td>Error</td><td>expected [SCRIPT_task3, SCRIPT_task4] but got [ERROR_deployment, ERROR_runtime]: arrays first differed at element [0]; expected:&lt;[SCRIPT_task3]&gt; but was:&lt;[ERROR_deployment]&gt;<br>
<br>
<code>expected [SCRIPT_task3, SCRIPT_task4] but got [ERROR_deployment, ERROR_runtime]: arrays first differed at element [0]; expected:&lt;[SCRIPT_task3]&gt; but was:&lt;[ERROR_deployment]&gt;<br>	at camunda710.gateways.ComplexGateway.test3AssertSCRIPT_task3SCRIPT_task4(Unknown Source)<br>
</code></td><td>0.013</td>
</tr>
<tr valign="top" class="Error">
<td><a href="camunda710/gateways/127_ComplexGateway.html">ComplexGateway</a></td><td><a name="test4AssertSCRIPT_task1SCRIPT_task2SCRIPT_task4"></a><a href="camunda710/gateways/127_ComplexGateway.html#test4AssertSCRIPT_task1SCRIPT_task2SCRIPT_task4">test4AssertSCRIPT_task1SCRIPT_task2SCRIPT_task4</a></td><td>Error</td><td>expected [SCRIPT_task1, SCRIPT_task2, SCRIPT_task4] but got [ERROR_deployment, ERROR_runtime]: array lengths differed, expected.length=3 actual.length=2<br>
<br>
<code>java.lang.AssertionError: expected [SCRIPT_task1, SCRIPT_task2, SCRIPT_task4] but got [ERROR_deployment, ERROR_runtime]: array lengths differed, expected.length=3 actual.length=2<br>	at camunda710.gateways.ComplexGateway.test4AssertSCRIPT_task1SCRIPT_task2SCRIPT_task4(Unknown Source)<br>
</code></td><td>0.012</td>
</tr>
<tr valign="top" class="TableRowColor">
<td><a href="camunda710/gateways/128_EventBasedGateway_Signals.html">EventBasedGateway_Signals</a></td><td><a name="test1AssertSCRIPT_task1SCRIPT_task2SCRIPT_task4"></a><a href="camunda710/gateways/128_EventBasedGateway_Signals.html#test1AssertSCRIPT_task1SCRIPT_task2SCRIPT_task4">test1AssertSCRIPT_task1SCRIPT_task2SCRIPT_task4</a></td><td>Success</td><td></td><td>0.008</td>
</tr>
<tr valign="top" class="TableRowColor">
<td><a href="camunda710/gateways/129_EventBasedGateway_Timer.html">EventBasedGateway_Timer</a></td><td><a name="test1AssertSCRIPT_task2"></a><a href="camunda710/gateways/129_EventBasedGateway_Timer.html#test1AssertSCRIPT_task2">test1AssertSCRIPT_task2</a></td><td>Success</td><td></td><td>0.007</td>
</tr>
<tr valign="top" class="TableRowColor">
<td><a href="camunda710/gateways/130_ExclusiveDiverging_InclusiveConverging.html">ExclusiveDiverging_InclusiveConverging</a></td><td><a name="test1AssertSCRIPT_task2SCRIPT_task3"></a><a href="camunda710/gateways/130_ExclusiveDiverging_InclusiveConverging.html#test1AssertSCRIPT_task2SCRIPT_task3">test1AssertSCRIPT_task2SCRIPT_task3</a></td><td>Success</td><td></td><td>0.007</td>
</tr>
<tr valign="top" class="TableRowColor">
<td><a href="camunda710/gateways/130_ExclusiveDiverging_InclusiveConverging.html">ExclusiveDiverging_InclusiveConverging</a></td><td><a name="test2AssertSCRIPT_task1SCRIPT_task3"></a><a href="camunda710/gateways/130_ExclusiveDiverging_InclusiveConverging.html#test2AssertSCRIPT_task1SCRIPT_task3">test2AssertSCRIPT_task1SCRIPT_task3</a></td><td>Success</td><td></td><td>0.007</td>
</tr>
<tr valign="top" class="TableRowColor">
<td><a href="camunda710/gateways/130_ExclusiveDiverging_InclusiveConverging.html">ExclusiveDiverging_InclusiveConverging</a></td><td><a name="test3AssertSCRIPT_task1SCRIPT_task3"></a><a href="camunda710/gateways/130_ExclusiveDiverging_InclusiveConverging.html#test3AssertSCRIPT_task1SCRIPT_task3">test3AssertSCRIPT_task1SCRIPT_task3</a></td><td>Success</td><td></td><td>0.008</td>
</tr>
<tr valign="top" class="TableRowColor">
<td><a href="camunda710/gateways/131_ExclusiveGatewayMixed.html">ExclusiveGatewayMixed</a></td><td><a name="test1AssertSCRIPT_task2SCRIPT_task4SCRIPT_task5"></a><a href="camunda710/gateways/131_ExclusiveGatewayMixed.html#test1AssertSCRIPT_task2SCRIPT_task4SCRIPT_task5">test1AssertSCRIPT_task2SCRIPT_task4SCRIPT_task5</a></td><td>Success</td><td></td><td>0.008</td>
</tr>
<tr valign="top" class="TableRowColor">
<td><a href="camunda710/gateways/131_ExclusiveGatewayMixed.html">ExclusiveGatewayMixed</a></td><td><a name="test2AssertSCRIPT_task1SCRIPT_task3SCRIPT_task5"></a><a href="camunda710/gateways/131_ExclusiveGatewayMixed.html#test2AssertSCRIPT_task1SCRIPT_task3SCRIPT_task5">test2AssertSCRIPT_task1SCRIPT_task3SCRIPT_task5</a></td><td>Success</td><td></td><td>0.008</td>
</tr>
<tr valign="top" class="TableRowColor">
<td><a href="camunda710/gateways/131_ExclusiveGatewayMixed.html">ExclusiveGatewayMixed</a></td><td><a name="test3AssertSCRIPT_task1SCRIPT_task3SCRIPT_task5"></a><a href="camunda710/gateways/131_ExclusiveGatewayMixed.html#test3AssertSCRIPT_task1SCRIPT_task3SCRIPT_task5">test3AssertSCRIPT_task1SCRIPT_task3SCRIPT_task5</a></td><td>Success</td><td></td><td>0.009</td>
</tr>
<tr valign="top" class="TableRowColor">
<td><a href="camunda710/gateways/132_ExclusiveGateway.html">ExclusiveGateway</a></td><td><a name="test1AssertSCRIPT_task2SCRIPT_task3"></a><a href="camunda710/gateways/132_ExclusiveGateway.html#test1AssertSCRIPT_task2SCRIPT_task3">test1AssertSCRIPT_task2SCRIPT_task3</a></td><td>Success</td><td></td><td>0.008</td>
</tr>
<tr valign="top" class="TableRowColor">
<td><a href="camunda710/gateways/132_ExclusiveGateway.html">ExclusiveGateway</a></td><td><a name="test2AssertSCRIPT_task1SCRIPT_task3"></a><a href="camunda710/gateways/132_ExclusiveGateway.html#test2AssertSCRIPT_task1SCRIPT_task3">test2AssertSCRIPT_task1SCRIPT_task3</a></td><td>Success</td><td></td><td>0.009</td>
</tr>
<tr valign="top" class="TableRowColor">
<td><a href="camunda710/gateways/132_ExclusiveGateway.html">ExclusiveGateway</a></td><td><a name="test3AssertSCRIPT_task1SCRIPT_task3"></a><a href="camunda710/gateways/132_ExclusiveGateway.html#test3AssertSCRIPT_task1SCRIPT_task3">test3AssertSCRIPT_task1SCRIPT_task3</a></td><td>Success</td><td></td><td>0.008</td>
</tr>
<tr valign="top" class="TableRowColor">
<td><a href="camunda710/gateways/132_ExclusiveGateway.html">ExclusiveGateway</a></td><td><a name="test4AssertERROR_runtime"></a><a href="camunda710/gateways/132_ExclusiveGateway.html#test4AssertERROR_runtime">test4AssertERROR_runtime</a></td><td>Success</td><td></td><td>0.008</td>
</tr>
<tr valign="top" class="TableRowColor">
<td><a href="camunda710/gateways/133_ExclusiveGateway_Default.html">ExclusiveGateway_Default</a></td><td><a name="test1AssertSCRIPT_task2SCRIPT_task4"></a><a href="camunda710/gateways/133_ExclusiveGateway_Default.html#test1AssertSCRIPT_task2SCRIPT_task4">test1AssertSCRIPT_task2SCRIPT_task4</a></td><td>Success</td><td></td><td>0.008</td>
</tr>
<tr valign="top" class="TableRowColor">
<td><a href="camunda710/gateways/133_ExclusiveGateway_Default.html">ExclusiveGateway_Default</a></td><td><a name="test2AssertSCRIPT_task1SCRIPT_task4"></a><a href="camunda710/gateways/133_ExclusiveGateway_Default.html#test2AssertSCRIPT_task1SCRIPT_task4">test2AssertSCRIPT_task1SCRIPT_task4</a></td><td>Success</td><td></td><td>0.008</td>
</tr>
<tr valign="top" class="TableRowColor">
<td><a href="camunda710/gateways/133_ExclusiveGateway_Default.html">ExclusiveGateway_Default</a></td><td><a name="test3AssertSCRIPT_task1SCRIPT_task4"></a><a href="camunda710/gateways/133_ExclusiveGateway_Default.html#test3AssertSCRIPT_task1SCRIPT_task4">test3AssertSCRIPT_task1SCRIPT_task4</a></td><td>Success</td><td></td><td>0.007</td>
</tr>
<tr valign="top" class="TableRowColor">
<td><a href="camunda710/gateways/133_ExclusiveGateway_Default.html">ExclusiveGateway_Default</a></td><td><a name="test4AssertSCRIPT_task3SCRIPT_task4"></a><a href="camunda710/gateways/133_ExclusiveGateway_Default.html#test4AssertSCRIPT_task3SCRIPT_task4">test4AssertSCRIPT_task3SCRIPT_task4</a></td><td>Success</td><td></td><td>0.008</td>
</tr>
<tr valign="top" class="TableRowColor">
<td><a href="camunda710/gateways/134_InclusiveDiverging_ExclusiveConverging.html">InclusiveDiverging_ExclusiveConverging</a></td><td><a name="test1AssertSCRIPT_task1SCRIPT_task3SCRIPT_task2SCRIPT_task3"></a><a href="camunda710/gateways/134_InclusiveDiverging_ExclusiveConverging.html#test1AssertSCRIPT_task1SCRIPT_task3SCRIPT_task2SCRIPT_task3">test1AssertSCRIPT_task1SCRIPT_task3SCRIPT_task2SCRIPT_task3</a></td><td>Success</td><td></td><td>0.008</td>
</tr>
<tr valign="top" class="TableRowColor">
<td><a href="camunda710/gateways/134_InclusiveDiverging_ExclusiveConverging.html">InclusiveDiverging_ExclusiveConverging</a></td><td><a name="test2AssertSCRIPT_task1SCRIPT_task3"></a><a href="camunda710/gateways/134_InclusiveDiverging_ExclusiveConverging.html#test2AssertSCRIPT_task1SCRIPT_task3">test2AssertSCRIPT_task1SCRIPT_task3</a></td><td>Success</td><td></td><td>0.008</td>
</tr>
<tr valign="top" class="TableRowColor">
<td><a href="camunda710/gateways/134_InclusiveDiverging_ExclusiveConverging.html">InclusiveDiverging_ExclusiveConverging</a></td><td><a name="test3AssertSCRIPT_task2SCRIPT_task3"></a><a href="camunda710/gateways/134_InclusiveDiverging_ExclusiveConverging.html#test3AssertSCRIPT_task2SCRIPT_task3">test3AssertSCRIPT_task2SCRIPT_task3</a></td><td>Success</td><td></td><td>0.008</td>
</tr>
<tr valign="top" class="TableRowColor">
<td><a href="camunda710/gateways/135_InclusiveGateway.html">InclusiveGateway</a></td><td><a name="test1AssertSCRIPT_task1SCRIPT_task2SCRIPT_task3"></a><a href="camunda710/gateways/135_InclusiveGateway.html#test1AssertSCRIPT_task1SCRIPT_task2SCRIPT_task3">test1AssertSCRIPT_task1SCRIPT_task2SCRIPT_task3</a></td><td>Success</td><td></td><td>0.008</td>
</tr>
<tr valign="top" class="TableRowColor">
<td><a href="camunda710/gateways/135_InclusiveGateway.html">InclusiveGateway</a></td><td><a name="test2AssertSCRIPT_task1SCRIPT_task3"></a><a href="camunda710/gateways/135_InclusiveGateway.html#test2AssertSCRIPT_task1SCRIPT_task3">test2AssertSCRIPT_task1SCRIPT_task3</a></td><td>Success</td><td></td><td>0.008</td>
</tr>
<tr valign="top" class="TableRowColor">
<td><a href="camunda710/gateways/135_InclusiveGateway.html">InclusiveGateway</a></td><td><a name="test3AssertSCRIPT_task2SCRIPT_task3"></a><a href="camunda710/gateways/135_InclusiveGateway.html#test3AssertSCRIPT_task2SCRIPT_task3">test3AssertSCRIPT_task2SCRIPT_task3</a></td><td>Success</td><td></td><td>0.008</td>
</tr>
<tr valign="top" class="TableRowColor">
<td><a href="camunda710/gateways/135_InclusiveGateway.html">InclusiveGateway</a></td><td><a name="test4AssertERROR_runtime"></a><a href="camunda710/gateways/135_InclusiveGateway.html#test4AssertERROR_runtime">test4AssertERROR_runtime</a></td><td>Success</td><td></td><td>0.008</td>
</tr>
<tr valign="top" class="TableRowColor">
<td><a href="camunda710/gateways/136_InclusiveGateway_Default.html">InclusiveGateway_Default</a></td><td><a name="test1AssertSCRIPT_task3SCRIPT_task4"></a><a href="camunda710/gateways/136_InclusiveGateway_Default.html#test1AssertSCRIPT_task3SCRIPT_task4">test1AssertSCRIPT_task3SCRIPT_task4</a></td><td>Success</td><td></td><td>0.008</td>
</tr>
<tr valign="top" class="TableRowColor">
<td><a href="camunda710/gateways/137_ParallelDiverging_ExclusiveConverging.html">ParallelDiverging_ExclusiveConverging</a></td><td><a name="test1AssertSCRIPT_task1SCRIPT_task3SCRIPT_task2SCRIPT_task3"></a><a href="camunda710/gateways/137_ParallelDiverging_ExclusiveConverging.html#test1AssertSCRIPT_task1SCRIPT_task3SCRIPT_task2SCRIPT_task3">test1AssertSCRIPT_task1SCRIPT_task3SCRIPT_task2SCRIPT_task3</a></td><td>Success</td><td></td><td>0.008</td>
</tr>
<tr valign="top" class="TableRowColor">
<td><a href="camunda710/gateways/138_ParallelDiverging_InclusiveConverging.html">ParallelDiverging_InclusiveConverging</a></td><td><a name="test1AssertSCRIPT_task1SCRIPT_task2SCRIPT_task3"></a><a href="camunda710/gateways/138_ParallelDiverging_InclusiveConverging.html#test1AssertSCRIPT_task1SCRIPT_task2SCRIPT_task3">test1AssertSCRIPT_task1SCRIPT_task2SCRIPT_task3</a></td><td>Success</td><td></td><td>0.007</td>
</tr>
<tr valign="top" class="TableRowColor">
<td><a href="camunda710/gateways/139_ParallelGateway.html">ParallelGateway</a></td><td><a name="test1AssertSCRIPT_task1SCRIPT_task2SCRIPT_task3"></a><a href="camunda710/gateways/139_ParallelGateway.html#test1AssertSCRIPT_task1SCRIPT_task2SCRIPT_task3">test1AssertSCRIPT_task1SCRIPT_task2SCRIPT_task3</a></td><td>Success</td><td></td><td>0.008</td>
</tr>
<tr valign="top" class="Error">
<td><a href="jbpm/activities/140_CallActivity_GlobalTask.html">CallActivity_GlobalTask</a></td><td><a name="test1AssertSCRIPT_task1SCRIPT_task2"></a><a href="jbpm/activities/140_CallActivity_GlobalTask.html#test1AssertSCRIPT_task1SCRIPT_task2">test1AssertSCRIPT_task1SCRIPT_task2</a></td><td>Error</td><td>expected [SCRIPT_task1, SCRIPT_task2] but got [ERROR_runtime]: array lengths differed, expected.length=2 actual.length=1<br>
<br>
<code>java.lang.AssertionError: expected [SCRIPT_task1, SCRIPT_task2] but got [ERROR_runtime]: array lengths differed, expected.length=2 actual.length=1<br>	at jbpm.activities.CallActivity_GlobalTask.test1AssertSCRIPT_task1SCRIPT_task2(Unknown Source)<br>
</code></td><td>0.012</td>
</tr>
<tr valign="top" class="Error">
<td><a href="jbpm/activities/141_CallActivity_Process.html">CallActivity_Process</a></td><td><a name="test1AssertSCRIPT_task1SCRIPT_task2"></a><a href="jbpm/activities/141_CallActivity_Process.html#test1AssertSCRIPT_task1SCRIPT_task2">test1AssertSCRIPT_task1SCRIPT_task2</a></td><td>Error</td><td>expected [SCRIPT_task1, SCRIPT_task2] but got [SCRIPT_task2]: array lengths differed, expected.length=2 actual.length=1<br>
<br>
<code>java.lang.AssertionError: expected [SCRIPT_task1, SCRIPT_task2] but got [SCRIPT_task2]: array lengths differed, expected.length=2 actual.length=1<br>	at jbpm.activities.CallActivity_Process.test1AssertSCRIPT_task1SCRIPT_task2(Unknown Source)<br>
</code></td><td>0.012</td>
</tr>
<tr valign="top" class="Error">
<td><a href="jbpm/activities/142_LoopTask_LoopMaximum.html">LoopTask_LoopMaximum</a></td><td><a name="test1AssertSCRIPT_task1SCRIPT_task1SCRIPT_task1SCRIPT_task2"></a><a href="jbpm/activities/142_LoopTask_LoopMaximum.html#test1AssertSCRIPT_task1SCRIPT_task1SCRIPT_task1SCRIPT_task2">test1AssertSCRIPT_task1SCRIPT_task1SCRIPT_task1SCRIPT_task2</a></td><td>Error</td><td>expected [SCRIPT_task1, SCRIPT_task1, SCRIPT_task1, SCRIPT_task2] but got [SCRIPT_task1, SCRIPT_task2]: array lengths differed, expected.length=4 actual.length=2<br>
<br>
<code>java.lang.AssertionError: expected [SCRIPT_task1, SCRIPT_task1, SCRIPT_task1, SCRIPT_task2] but got [SCRIPT_task1, SCRIPT_task2]: array lengths differed, expected.length=4 actual.length=2<br>	at jbpm.activities.LoopTask_LoopMaximum.test1AssertSCRIPT_task1SCRIPT_task1SCRIPT_task1SCRIPT_task2(Unknown Source)<br>
</code></td><td>0.012</td>
</tr>
<tr valign="top" class="TableRowColor">
<td><a href="jbpm/activities/143_LoopTask_NoIteration_TestBeforeFalse.html">LoopTask_NoIteration_TestBeforeFalse</a></td><td><a name="test1AssertSCRIPT_task1SCRIPT_task2"></a><a href="jbpm/activities/143_LoopTask_NoIteration_TestBeforeFalse.html#test1AssertSCRIPT_task1SCRIPT_task2">test1AssertSCRIPT_task1SCRIPT_task2</a></td><td>Success</td><td></td><td>0.008</td>
</tr>
<tr valign="top" class="Error">
<td><a href="jbpm/activities/144_LoopTask_NoIteration_TestBeforeTrue.html">LoopTask_NoIteration_TestBeforeTrue</a></td><td><a name="test1AssertSCRIPT_task2"></a><a href="jbpm/activities/144_LoopTask_NoIteration_TestBeforeTrue.html#test1AssertSCRIPT_task2">test1AssertSCRIPT_task2</a></td><td>Error</td><td>expected [SCRIPT_task2] but got [SCRIPT_task1, SCRIPT_task2]: array lengths differed, expected.length=1 actual.length=2<br>
<br>
<code>java.lang.AssertionError: expected [SCRIPT_task2] but got [SCRIPT_task1, SCRIPT_task2]: array lengths differed, expected.length=1 actual.length=2<br>	at jbpm.activities.LoopTask_NoIteration_TestBeforeTrue.test1AssertSCRIPT_task2(Unknown Source)<br>
</code></td><td>0.012</td>
</tr>
<tr valign="top" class="Error">
<td><a href="jbpm/activities/145_MultiInstanceTask_AllBehavior.html">MultiInstanceTask_AllBehavior</a></td><td><a name="test1AssertSCRIPT_task1SCRIPT_task1SCRIPT_task1SCRIPT_task2"></a><a href="jbpm/activities/145_MultiInstanceTask_AllBehavior.html#test1AssertSCRIPT_task1SCRIPT_task1SCRIPT_task1SCRIPT_task2">test1AssertSCRIPT_task1SCRIPT_task1SCRIPT_task1SCRIPT_task2</a></td><td>Error</td><td>expected [SCRIPT_task1, SCRIPT_task1, SCRIPT_task1, SCRIPT_task2] but got [ERROR_deployment, ERROR_runtime]: array lengths differed, expected.length=4 actual.length=2<br>
<br>
<code>java.lang.AssertionError: expected [SCRIPT_task1, SCRIPT_task1, SCRIPT_task1, SCRIPT_task2] but got [ERROR_deployment, ERROR_runtime]: array lengths differed, expected.length=4 actual.length=2<br>	at jbpm.activities.MultiInstanceTask_AllBehavior.test1AssertSCRIPT_task1SCRIPT_task1SCRIPT_task1SCRIPT_task2(Unknown Source)<br>
</code></td><td>0.012</td>
</tr>
<tr valign="top" class="Error">
<td><a href="jbpm/activities/146_MultiInstanceTask_NoneBehavior.html">MultiInstanceTask_NoneBehavior</a></td><td><a name="test1AssertSCRIPT_task1SCRIPT_task3SCRIPT_task1SCRIPT_task3SCRIPT_task1SCRIPT_task3SCRIPT_task2"></a><a href="jbpm/activities/146_MultiInstanceTask_NoneBehavior.html#test1AssertSCRIPT_task1SCRIPT_task3SCRIPT_task1SCRIPT_task3SCRIPT_task1SCRIPT_task3SCRIPT_task2">test1AssertSCRIPT_task1SCRIPT_task3SCRIPT_task1SCRIPT_task3SCRIPT_task1SCRIPT_task3SCRIPT_task2</a></td><td>Error</td><td>expected [SCRIPT_task1, SCRIPT_task1, SCRIPT_task1, SCRIPT_task2, SCRIPT_task3, SCRIPT_task3, SCRIPT_task3] but got [ERROR_deployment, ERROR_runtime]: array lengths differed, expected.length=7 actual.length=2<br>
<br>
<code>java.lang.AssertionError: expected [SCRIPT_task1, SCRIPT_task1, SCRIPT_task1, SCRIPT_task2, SCRIPT_task3, SCRIPT_task3, SCRIPT_task3] but got [ERROR_deployment, ERROR_runtime]: array lengths differed, expected.length=7 actual.length=2<br>	at jbpm.activities.MultiInstanceTask_NoneBehavior.test1AssertSCRIPT_task1SCRIPT_task3SCRIPT_task1SCRIPT_task3SCRIPT_task1SCRIPT_task3SCRIPT_task2(Unknown Source)<br>
</code></td><td>0.012</td>
</tr>
<tr valign="top" class="Error">
<td><a href="jbpm/activities/147_MultiInstanceTask_OneBehavior.html">MultiInstanceTask_OneBehavior</a></td><td><a name="test1AssertSCRIPT_task1SCRIPT_task3SCRIPT_task1SCRIPT_task1SCRIPT_task2"></a><a href="jbpm/activities/147_MultiInstanceTask_OneBehavior.html#test1AssertSCRIPT_task1SCRIPT_task3SCRIPT_task1SCRIPT_task1SCRIPT_task2">test1AssertSCRIPT_task1SCRIPT_task3SCRIPT_task1SCRIPT_task1SCRIPT_task2</a></td><td>Error</td><td>expected [SCRIPT_task1, SCRIPT_task1, SCRIPT_task1, SCRIPT_task2, SCRIPT_task3] but got [ERROR_deployment, ERROR_runtime]: array lengths differed, expected.length=5 actual.length=2<br>
<br>
<code>java.lang.AssertionError: expected [SCRIPT_task1, SCRIPT_task1, SCRIPT_task1, SCRIPT_task2, SCRIPT_task3] but got [ERROR_deployment, ERROR_runtime]: array lengths differed, expected.length=5 actual.length=2<br>	at jbpm.activities.MultiInstanceTask_OneBehavior.test1AssertSCRIPT_task1SCRIPT_task3SCRIPT_task1SCRIPT_task1SCRIPT_task2(Unknown Source)<br>
</code></td><td>0.012</td>
</tr>
<tr valign="top" class="Error">
<td><a href="jbpm/activities/148_MultiInstanceTask_Parallel.html">MultiInstanceTask_Parallel</a></td><td><a name="test1AssertSCRIPT_task1SCRIPT_task1SCRIPT_task1SCRIPT_task2"></a><a href="jbpm/activities/148_MultiInstanceTask_Parallel.html#test1AssertSCRIPT_task1SCRIPT_task1SCRIPT_task1SCRIPT_task2">test1AssertSCRIPT_task1SCRIPT_task1SCRIPT_task1SCRIPT_task2</a></td><td>Error</td><td>expected [SCRIPT_task1, SCRIPT_task1, SCRIPT_task1, SCRIPT_task2] but got [SCRIPT_task1, SCRIPT_task2]: array lengths differed, expected.length=4 actual.length=2<br>
<br>
<code>java.lang.AssertionError: expected [SCRIPT_task1, SCRIPT_task1, SCRIPT_task1, SCRIPT_task2] but got [SCRIPT_task1, SCRIPT_task2]: array lengths differed, expected.length=4 actual.length=2<br>	at jbpm.activities.MultiInstanceTask_Parallel.test1AssertSCRIPT_task1SCRIPT_task1SCRIPT_task1SCRIPT_task2(Unknown Source)<br>
</code></td><td>0.012</td>
</tr>
<tr valign="top" class="Error">
<td><a href="jbpm/activities/149_MultiInstanceTask_Sequential.html">MultiInstanceTask_Sequential</a></td><td><a name="test1AssertSCRIPT_task1SCRIPT_task1SCRIPT_task1SCRIPT_task2"></a><a href="jbpm/activities/149_MultiInstanceTask_Sequential.html#test1AssertSCRIPT_task1SCRIPT_task1SCRIPT_task1SCRIPT_task2">test1AssertSCRIPT_task1SCRIPT_task1SCRIPT_task1SCRIPT_task2</a></td><td>Error</td><td>expected [SCRIPT_task1, SCRIPT_task1, SCRIPT_task1, SCRIPT_task2] but got [SCRIPT_task1, SCRIPT_task2]: array lengths differed, expected.length=4 actual.length=2<br>
<br>
<code>java.lang.AssertionError: expected [SCRIPT_task1, SCRIPT_task1, SCRIPT_task1, SCRIPT_task2] but got [SCRIPT_task1, SCRIPT_task2]: array lengths differed, expected.length=4 actual.length=2<br>	at jbpm.activities.MultiInstanceTask_Sequential.test1AssertSCRIPT_task1SCRIPT_task1SCRIPT_task1SCRIPT_task2(Unknown Source)<br>
</code></td><td>0.012</td>
</tr>
<tr valign="top" class="TableRowColor">
<td><a href="jbpm/activities/150_SubProcess.html">SubProcess</a></td><td><a name="test1AssertSCRIPT_task1SCRIPT_task2"></a><a href="jbpm/activities/150_SubProcess.html#test1AssertSCRIPT_task1SCRIPT_task2">test1AssertSCRIPT_task1SCRIPT_task2</a></td><td>Success</td><td></td><td>0.008</td>
</tr>
<tr valign="top" class="TableRowColor">
<td><a href="jbpm/activities/151_Transaction.html">Transaction</a></td><td><a name="test1AssertSCRIPT_task1SCRIPT_task2"></a><a href="jbpm/activities/151_Transaction.html#test1AssertSCRIPT_task1SCRIPT_task2">test1AssertSCRIPT_task1SCRIPT_task2</a></td><td>Success</td><td></td><td>0.008</td>
</tr>
<tr valign="top" class="TableRowColor">
<td><a href="jbpm/basics/152_Lanes.html">Lanes</a></td><td><a name="test1AssertSCRIPT_task1SCRIPT_task2SCRIPT_task3"></a><a href="jbpm/basics/152_Lanes.html#test1AssertSCRIPT_task1SCRIPT_task2SCRIPT_task3">test1AssertSCRIPT_task1SCRIPT_task2SCRIPT_task3</a></td><td>Success</td><td></td><td>0.008</td>
</tr>
<tr valign="top" class="TableRowColor">
<td><a href="jbpm/basics/153_Participant.html">Participant</a></td><td><a name="test1AssertSCRIPT_task1"></a><a href="jbpm/basics/153_Participant.html#test1AssertSCRIPT_task1">test1AssertSCRIPT_task1</a></td><td>Success</td><td></td><td>0.008</td>
</tr>
<tr valign="top" class="TableRowColor">
<td><a href="jbpm/basics/154_SequenceFlow.html">SequenceFlow</a></td><td><a name="test1AssertSCRIPT_task1"></a><a href="jbpm/basics/154_SequenceFlow.html#test1AssertSCRIPT_task1">test1AssertSCRIPT_task1</a></td><td>Success</td><td></td><td>0.008</td>
</tr>
<tr valign="top" class="Error">
<td><a href="jbpm/basics/155_SequenceFlow_ConditionalDefault.html">SequenceFlow_ConditionalDefault</a></td><td><a name="test1AssertSCRIPT_task1"></a><a href="jbpm/basics/155_SequenceFlow_ConditionalDefault.html#test1AssertSCRIPT_task1">test1AssertSCRIPT_task1</a></td><td>Error</td><td>expected [SCRIPT_task1] but got [ERROR_deployment, ERROR_runtime]: array lengths differed, expected.length=1 actual.length=2<br>
<br>
<code>java.lang.AssertionError: expected [SCRIPT_task1] but got [ERROR_deployment, ERROR_runtime]: array lengths differed, expected.length=1 actual.length=2<br>	at jbpm.basics.SequenceFlow_ConditionalDefault.test1AssertSCRIPT_task1(Unknown Source)<br>
</code></td><td>0.012</td>
</tr>
<tr valign="top" class="Error">
<td><a href="jbpm/basics/155_SequenceFlow_ConditionalDefault.html">SequenceFlow_ConditionalDefault</a></td><td><a name="test2AssertSCRIPT_task2"></a><a href="jbpm/basics/155_SequenceFlow_ConditionalDefault.html#test2AssertSCRIPT_task2">test2AssertSCRIPT_task2</a></td><td>Error</td><td>expected [SCRIPT_task2] but got [ERROR_deployment, ERROR_runtime]: array lengths differed, expected.length=1 actual.length=2<br>
<br>
<code>java.lang.AssertionError: expected [SCRIPT_task2] but got [ERROR_deployment, ERROR_runtime]: array lengths differed, expected.length=1 actual.length=2<br>	at jbpm.basics.SequenceFlow_ConditionalDefault.test2AssertSCRIPT_task2(Unknown Source)<br>
</code></td><td>0.012</td>
</tr>
<tr valign="top" class="Error">
<td><a href="jbpm/basics/156_SequenceFlow_ConditionalDefault_Normal.html">SequenceFlow_ConditionalDefault_Normal</a></td><td><a name="test1AssertSCRIPT_task2SCRIPT_task3"></a><a href="jbpm/basics/156_SequenceFlow_ConditionalDefault_Normal.html#test1AssertSCRIPT_task2SCRIPT_task3">test1AssertSCRIPT_task2SCRIPT_task3</a></td><td>Error</td><td>expected [SCRIPT_task2, SCRIPT_task3] but got [ERROR_deployment, ERROR_runtime]: arrays first differed at element [0]; expected:&lt;[SCRIPT_task2]&gt; but was:&lt;[ERROR_deployment]&gt;<br>
<br>
<code>expected [SCRIPT_task2, SCRIPT_task3] but got [ERROR_deployment, ERROR_runtime]: arrays first differed at element [0]; expected:&lt;[SCRIPT_task2]&gt; but was:&lt;[ERROR_deployment]&gt;<br>	at jbpm.basics.SequenceFlow_ConditionalDefault_Normal.test1AssertSCRIPT_task2SCRIPT_task3(Unknown Source)<br>
</code></td><td>0.013</td>
</tr>
<tr valign="top" class="Error">
<td><a href="jbpm/basics/157_SequenceFlow_Conditional.html">SequenceFlow_Conditional</a></td><td><a name="test1AssertSCRIPT_task1SCRIPT_task2"></a><a href="jbpm/basics/157_SequenceFlow_Conditional.html#test1AssertSCRIPT_task1SCRIPT_task2">test1AssertSCRIPT_task1SCRIPT_task2</a></td><td>Error</td><td>expected [SCRIPT_task1, SCRIPT_task2] but got [ERROR_deployment, ERROR_runtime]: arrays first differed at element [0]; expected:&lt;[SCRIPT_task1]&gt; but was:&lt;[ERROR_deployment]&gt;<br>
<br>
<code>expected [SCRIPT_task1, SCRIPT_task2] but got [ERROR_deployment, ERROR_runtime]: arrays first differed at element [0]; expected:&lt;[SCRIPT_task1]&gt; but was:&lt;[ERROR_deployment]&gt;<br>	at jbpm.basics.SequenceFlow_Conditional.test1AssertSCRIPT_task1SCRIPT_task2(Unknown Source)<br>
</code></td><td>0.013</td>
</tr>
<tr valign="top" class="Error">
<td><a href="jbpm/basics/157_SequenceFlow_Conditional.html">SequenceFlow_Conditional</a></td><td><a name="test2AssertSCRIPT_task2"></a><a href="jbpm/basics/157_SequenceFlow_Conditional.html#test2AssertSCRIPT_task2">test2AssertSCRIPT_task2</a></td><td>Error</td><td>expected [SCRIPT_task2] but got [ERROR_deployment, ERROR_runtime]: array lengths differed, expected.length=1 actual.length=2<br>
<br>
<code>java.lang.AssertionError: expected [SCRIPT_task2] but got [ERROR_deployment, ERROR_runtime]: array lengths differed, expected.length=1 actual.length=2<br>	at jbpm.basics.SequenceFlow_Conditional.test2AssertSCRIPT_task2(Unknown Source)<br>
</code></td><td>0.013</td>
</tr>
<tr valign="top" class="TableRowColor">
<td><a href="jbpm/errors/158_ExclusiveDiverging_ParallelConverging.html">ExclusiveDiverging_ParallelConverging</a></td><td><a name="test1AssertSCRIPT_task1"></a><a href="jbpm/errors/158_ExclusiveDiverging_ParallelConverging.html#test1AssertSCRIPT_task1">test1AssertSCRIPT_task1</a></td><td>Success</td><td></td><td>0.007</td>
</tr>
<tr valign="top" class="TableRowColor">
<td><a href="jbpm/errors/158_ExclusiveDiverging_ParallelConverging.html">ExclusiveDiverging_ParallelConverging</a></td><td><a name="test2AssertSCRIPT_task2"></a><a href="jbpm/errors/158_ExclusiveDiverging_ParallelConverging.html#test2AssertSCRIPT_task2">test2AssertSCRIPT_task2</a></td><td>Success</td><td></td><td>0.008</td>
</tr>
<tr valign="top" class="TableRowColor">
<td><a href="jbpm/errors/158_ExclusiveDiverging_ParallelConverging.html">ExclusiveDiverging_ParallelConverging</a></td><td><a name="test3AssertSCRIPT_task1"></a><a href="jbpm/errors/158_ExclusiveDiverging_ParallelConverging.html#test3AssertSCRIPT_task1">test3AssertSCRIPT_task1</a></td><td>Success</td><td></td><td>0.007</td>
</tr>
<tr valign="top" class="TableRowColor">
<td><a href="jbpm/errors/159_InclusiveDiverging_ParallelConverging.html">InclusiveDiverging_ParallelConverging</a></td><td><a name="test1AssertSCRIPT_task1"></a><a href="jbpm/errors/159_InclusiveDiverging_ParallelConverging.html#test1AssertSCRIPT_task1">test1AssertSCRIPT_task1</a></td><td>Success</td><td></td><td>0.008</td>
</tr>
<tr valign="top" class="TableRowColor">
<td><a href="jbpm/errors/159_InclusiveDiverging_ParallelConverging.html">InclusiveDiverging_ParallelConverging</a></td><td><a name="test2AssertSCRIPT_task2"></a><a href="jbpm/errors/159_InclusiveDiverging_ParallelConverging.html#test2AssertSCRIPT_task2">test2AssertSCRIPT_task2</a></td><td>Success</td><td></td><td>0.007</td>
</tr>
<tr valign="top" class="TableRowColor">
<td><a href="jbpm/errors/159_InclusiveDiverging_ParallelConverging.html">InclusiveDiverging_ParallelConverging</a></td><td><a name="test3AssertSCRIPT_task1SCRIPT_task2SCRIPT_task3"></a><a href="jbpm/errors/159_InclusiveDiverging_ParallelConverging.html#test3AssertSCRIPT_task1SCRIPT_task2SCRIPT_task3">test3AssertSCRIPT_task1SCRIPT_task2SCRIPT_task3</a></td><td>Success</td><td></td><td>0.008</td>
</tr>
<tr valign="top" class="TableRowColor">
<td><a href="jbpm/errors/160_ParallelGateway_Conditions.html">ParallelGateway_Conditions</a></td><td><a name="test1AssertSCRIPT_task1SCRIPT_task2SCRIPT_task3"></a><a href="jbpm/errors/160_ParallelGateway_Conditions.html#test1AssertSCRIPT_task1SCRIPT_task2SCRIPT_task3">test1AssertSCRIPT_task1SCRIPT_task2SCRIPT_task3</a></td><td>Success</td><td></td><td>0.008</td>
</tr>
<tr valign="top" class="TableRowColor">
<td><a href="jbpm/errors/160_ParallelGateway_Conditions.html">ParallelGateway_Conditions</a></td><td><a name="test2AssertSCRIPT_task1SCRIPT_task2SCRIPT_task3"></a><a href="jbpm/errors/160_ParallelGateway_Conditions.html#test2AssertSCRIPT_task1SCRIPT_task2SCRIPT_task3">test2AssertSCRIPT_task1SCRIPT_task2SCRIPT_task3</a></td><td>Success</td><td></td><td>0.008</td>
</tr>
<tr valign="top" class="TableRowColor">
<td><a href="jbpm/errors/160_ParallelGateway_Conditions.html">ParallelGateway_Conditions</a></td><td><a name="test3AssertSCRIPT_task1SCRIPT_task2SCRIPT_task3"></a><a href="jbpm/errors/160_ParallelGateway_Conditions.html#test3AssertSCRIPT_task1SCRIPT_task2SCRIPT_task3">test3AssertSCRIPT_task1SCRIPT_task2SCRIPT_task3</a></td><td>Success</td><td></td><td>0.007</td>
</tr>
<tr valign="top" class="TableRowColor">
<td><a href="jbpm/errors/160_ParallelGateway_Conditions.html">ParallelGateway_Conditions</a></td><td><a name="test4AssertSCRIPT_task1SCRIPT_task2SCRIPT_task3"></a><a href="jbpm/errors/160_ParallelGateway_Conditions.html#test4AssertSCRIPT_task1SCRIPT_task2SCRIPT_task3">test4AssertSCRIPT_task1SCRIPT_task2SCRIPT_task3</a></td><td>Success</td><td></td><td>0.008</td>
</tr>
<tr valign="top" class="Error">
<td><a href="jbpm/events/161_Cancel_Event.html">Cancel_Event</a></td><td><a name="test1AssertSCRIPT_task1SCRIPT_task2"></a><a href="jbpm/events/161_Cancel_Event.html#test1AssertSCRIPT_task1SCRIPT_task2">test1AssertSCRIPT_task1SCRIPT_task2</a></td><td>Error</td><td>expected [SCRIPT_task1, SCRIPT_task2] but got [ERROR_deployment, ERROR_runtime]: arrays first differed at element [0]; expected:&lt;[SCRIPT_task1]&gt; but was:&lt;[ERROR_deployment]&gt;<br>
<br>
<code>expected [SCRIPT_task1, SCRIPT_task2] but got [ERROR_deployment, ERROR_runtime]: arrays first differed at element [0]; expected:&lt;[SCRIPT_task1]&gt; but was:&lt;[ERROR_deployment]&gt;<br>	at jbpm.events.Cancel_Event.test1AssertSCRIPT_task1SCRIPT_task2(Unknown Source)<br>
</code></td><td>0.014</td>
</tr>
<tr valign="top" class="TableRowColor">
<td><a href="jbpm/events/162_Compensation_BoundaryEvent_SubProcess.html">Compensation_BoundaryEvent_SubProcess</a></td><td><a name="test1AssertSCRIPT_task1"></a><a href="jbpm/events/162_Compensation_BoundaryEvent_SubProcess.html#test1AssertSCRIPT_task1">test1AssertSCRIPT_task1</a></td><td>Success</td><td></td><td>0.008</td>
</tr>
<tr valign="top" class="TableRowColor">
<td><a href="jbpm/events/163_Compensation_EndEvent_SubProcess.html">Compensation_EndEvent_SubProcess</a></td><td><a name="test1AssertSCRIPT_task1"></a><a href="jbpm/events/163_Compensation_EndEvent_SubProcess.html#test1AssertSCRIPT_task1">test1AssertSCRIPT_task1</a></td><td>Success</td><td></td><td>0.008</td>
</tr>
<tr valign="top" class="TableRowColor">
<td><a href="jbpm/events/164_Compensation_EndEvent_TopLevel.html">Compensation_EndEvent_TopLevel</a></td><td><a name="test1AssertSCRIPT_task1"></a><a href="jbpm/events/164_Compensation_EndEvent_TopLevel.html#test1AssertSCRIPT_task1">test1AssertSCRIPT_task1</a></td><td>Success</td><td></td><td>0.008</td>
</tr>
<tr valign="top" class="TableRowColor">
<td><a href="jbpm/events/165_Compensation_IntermediateEvent.html">Compensation_IntermediateEvent</a></td><td><a name="test1AssertSCRIPT_task1"></a><a href="jbpm/events/165_Compensation_IntermediateEvent.html#test1AssertSCRIPT_task1">test1AssertSCRIPT_task1</a></td><td>Success</td><td></td><td>0.007</td>
</tr>
<tr valign="top" class="TableRowColor">
<td><a href="jbpm/events/166_Compensation_StartEvent_EventSubProcess.html">Compensation_StartEvent_EventSubProcess</a></td><td><a name="test1AssertSCRIPT_task1"></a><a href="jbpm/events/166_Compensation_StartEvent_EventSubProcess.html#test1AssertSCRIPT_task1">test1AssertSCRIPT_task1</a></td><td>Success</td><td></td><td>0.008</td>
</tr>
<tr valign="top" class="Error">
<td><a href="jbpm/events/167_Compensation_TriggeredByCancel.html">Compensation_TriggeredByCancel</a></td><td><a name="test1AssertSCRIPT_task1"></a><a href="jbpm/events/167_Compensation_TriggeredByCancel.html#test1AssertSCRIPT_task1">test1AssertSCRIPT_task1</a></td><td>Error</td><td>expected [SCRIPT_task1] but got [ERROR_deployment, ERROR_runtime]: array lengths differed, expected.length=1 actual.length=2<br>
<br>
<code>java.lang.AssertionError: expected [SCRIPT_task1] but got [ERROR_deployment, ERROR_runtime]: array lengths differed, expected.length=1 actual.length=2<br>	at jbpm.events.Compensation_TriggeredByCancel.test1AssertSCRIPT_task1(Unknown Source)<br>
</code></td><td>0.012</td>
</tr>
<tr valign="top" class="Error">
<td><a href="jbpm/events/168_Conditional_BoundaryEvent_SubProcess_Interrupting.html">Conditional_BoundaryEvent_SubProcess_Interrupting</a></td><td><a name="test1AssertSCRIPT_task3"></a><a href="jbpm/events/168_Conditional_BoundaryEvent_SubProcess_Interrupting.html#test1AssertSCRIPT_task3">test1AssertSCRIPT_task3</a></td><td>Error</td><td>expected [SCRIPT_task3] but got [ERROR_deployment, ERROR_runtime]: array lengths differed, expected.length=1 actual.length=2<br>
<br>
<code>java.lang.AssertionError: expected [SCRIPT_task3] but got [ERROR_deployment, ERROR_runtime]: array lengths differed, expected.length=1 actual.length=2<br>	at jbpm.events.Conditional_BoundaryEvent_SubProcess_Interrupting.test1AssertSCRIPT_task3(Unknown Source)<br>
</code></td><td>0.012</td>
</tr>
<tr valign="top" class="Error">
<td><a href="jbpm/events/168_Conditional_BoundaryEvent_SubProcess_Interrupting.html">Conditional_BoundaryEvent_SubProcess_Interrupting</a></td><td><a name="test2AssertSCRIPT_task1SCRIPT_task2"></a><a href="jbpm/events/168_Conditional_BoundaryEvent_SubProcess_Interrupting.html#test2AssertSCRIPT_task1SCRIPT_task2">test2AssertSCRIPT_task1SCRIPT_task2</a></td><td>Error</td><td>expected [SCRIPT_task1, SCRIPT_task2] but got [ERROR_deployment, ERROR_runtime]: arrays first differed at element [0]; expected:&lt;[SCRIPT_task1]&gt; but was:&lt;[ERROR_deployment]&gt;<br>
<br>
<code>expected [SCRIPT_task1, SCRIPT_task2] but got [ERROR_deployment, ERROR_runtime]: arrays first differed at element [0]; expected:&lt;[SCRIPT_task1]&gt; but was:&lt;[ERROR_deployment]&gt;<br>	at jbpm.events.Conditional_BoundaryEvent_SubProcess_Interrupting.test2AssertSCRIPT_task1SCRIPT_task2(Unknown Source)<br>
</code></td><td>0.013</td>
</tr>
<tr valign="top" class="Error">
<td><a href="jbpm/events/169_Conditional_BoundaryEvent_SubProcess_NonInterrupting.html">Conditional_BoundaryEvent_SubProcess_NonInterrupting</a></td><td><a name="test1AssertSCRIPT_task1SCRIPT_task2SCRIPT_task3"></a><a href="jbpm/events/169_Conditional_BoundaryEvent_SubProcess_NonInterrupting.html#test1AssertSCRIPT_task1SCRIPT_task2SCRIPT_task3">test1AssertSCRIPT_task1SCRIPT_task2SCRIPT_task3</a></td><td>Error</td><td>expected [SCRIPT_task1, SCRIPT_task2, SCRIPT_task3] but got [ERROR_deployment, ERROR_runtime]: array lengths differed, expected.length=3 actual.length=2<br>
<br>
<code>java.lang.AssertionError: expected [SCRIPT_task1, SCRIPT_task2, SCRIPT_task3] but got [ERROR_deployment, ERROR_runtime]: array lengths differed, expected.length=3 actual.length=2<br>	at jbpm.events.Conditional_BoundaryEvent_SubProcess_NonInterrupting.test1AssertSCRIPT_task1SCRIPT_task2SCRIPT_task3(Unknown Source)<br>
</code></td><td>0.012</td>
</tr>
<tr valign="top" class="Error">
<td><a href="jbpm/events/169_Conditional_BoundaryEvent_SubProcess_NonInterrupting.html">Conditional_BoundaryEvent_SubProcess_NonInterrupting</a></td><td><a name="test2AssertSCRIPT_task1SCRIPT_task2"></a><a href="jbpm/events/169_Conditional_BoundaryEvent_SubProcess_NonInterrupting.html#test2AssertSCRIPT_task1SCRIPT_task2">test2AssertSCRIPT_task1SCRIPT_task2</a></td><td>Error</td><td>expected [SCRIPT_task1, SCRIPT_task2] but got [ERROR_deployment, ERROR_runtime]: arrays first differed at element [0]; expected:&lt;[SCRIPT_task1]&gt; but was:&lt;[ERROR_deployment]&gt;<br>
<br>
<code>expected [SCRIPT_task1, SCRIPT_task2] but got [ERROR_deployment, ERROR_runtime]: arrays first differed at element [0]; expected:&lt;[SCRIPT_task1]&gt; but was:&lt;[ERROR_deployment]&gt;<br>	at jbpm.events.Conditional_BoundaryEvent_SubProcess_NonInterrupting.test2AssertSCRIPT_task1SCRIPT_task2(Unknown Source)<br>
</code></td><td>0.012</td>
</tr>
<tr valign="top" class="Error">
<td><a href="jbpm/events/170_Conditional_IntermediateEvent.html">Conditional_IntermediateEvent</a></td><td><a name="test1AssertSCRIPT_task1"></a><a href="jbpm/events/170_Conditional_IntermediateEvent.html#test1AssertSCRIPT_task1">test1AssertSCRIPT_task1</a></td><td>Error</td><td>expected [SCRIPT_task1] but got [ERROR_deployment, ERROR_runtime]: array lengths differed, expected.length=1 actual.length=2<br>
<br>
<code>java.lang.AssertionError: expected [SCRIPT_task1] but got [ERROR_deployment, ERROR_runtime]: array lengths differed, expected.length=1 actual.length=2<br>	at jbpm.events.Conditional_IntermediateEvent.test1AssertSCRIPT_task1(Unknown Source)<br>
</code></td><td>0.012</td>
</tr>
<tr valign="top" class="Error">
<td><a href="jbpm/events/170_Conditional_IntermediateEvent.html">Conditional_IntermediateEvent</a></td><td><a name="test2Assert"></a><a href="jbpm/events/170_Conditional_IntermediateEvent.html#test2Assert">test2Assert</a></td><td>Error</td><td>expected [] but got [ERROR_deployment, ERROR_runtime]: array lengths differed, expected.length=0 actual.length=2<br>
<br>
<code>java.lang.AssertionError: expected [] but got [ERROR_deployment, ERROR_runtime]: array lengths differed, expected.length=0 actual.length=2<br>	at jbpm.events.Conditional_IntermediateEvent.test2Assert(Unknown Source)<br>
</code></td><td>0.012</td>
</tr>
<tr valign="top" class="Error">
<td><a href="jbpm/events/171_Conditional_StartEvent_EventSubProcess_Interrupting.html">Conditional_StartEvent_EventSubProcess_Interrupting</a></td><td><a name="test1AssertSCRIPT_task1"></a><a href="jbpm/events/171_Conditional_StartEvent_EventSubProcess_Interrupting.html#test1AssertSCRIPT_task1">test1AssertSCRIPT_task1</a></td><td>Error</td><td>expected [SCRIPT_task1] but got [ERROR_deployment, ERROR_runtime]: array lengths differed, expected.length=1 actual.length=2<br>
<br>
<code>java.lang.AssertionError: expected [SCRIPT_task1] but got [ERROR_deployment, ERROR_runtime]: array lengths differed, expected.length=1 actual.length=2<br>	at jbpm.events.Conditional_StartEvent_EventSubProcess_Interrupting.test1AssertSCRIPT_task1(Unknown Source)<br>
</code></td><td>0.012</td>
</tr>
<tr valign="top" class="Error">
<td><a href="jbpm/events/172_Conditional_StartEvent_EventSubProcess_NonInterrupting.html">Conditional_StartEvent_EventSubProcess_NonInterrupting</a></td><td><a name="test1AssertSCRIPT_task1SCRIPT_task2"></a><a href="jbpm/events/172_Conditional_StartEvent_EventSubProcess_NonInterrupting.html#test1AssertSCRIPT_task1SCRIPT_task2">test1AssertSCRIPT_task1SCRIPT_task2</a></td><td>Error</td><td>expected [SCRIPT_task1, SCRIPT_task2] but got [ERROR_deployment, ERROR_runtime]: arrays first differed at element [0]; expected:&lt;[SCRIPT_task1]&gt; but was:&lt;[ERROR_deployment]&gt;<br>
<br>
<code>expected [SCRIPT_task1, SCRIPT_task2] but got [ERROR_deployment, ERROR_runtime]: arrays first differed at element [0]; expected:&lt;[SCRIPT_task1]&gt; but was:&lt;[ERROR_deployment]&gt;<br>	at jbpm.events.Conditional_StartEvent_EventSubProcess_NonInterrupting.test1AssertSCRIPT_task1SCRIPT_task2(Unknown Source)<br>
</code></td><td>0.013</td>
</tr>
<tr valign="top" class="TableRowColor">
<td><a href="jbpm/events/173_Error_BoundaryEvent_SubProcess_Interrupting.html">Error_BoundaryEvent_SubProcess_Interrupting</a></td><td><a name="test1AssertSCRIPT_task1SCRIPT_task2"></a><a href="jbpm/events/173_Error_BoundaryEvent_SubProcess_Interrupting.html#test1AssertSCRIPT_task1SCRIPT_task2">test1AssertSCRIPT_task1SCRIPT_task2</a></td><td>Success</td><td></td><td>0.007</td>
</tr>
<tr valign="top" class="TableRowColor">
<td><a href="jbpm/events/174_Error_BoundaryEvent_Transaction_Interrupting.html">Error_BoundaryEvent_Transaction_Interrupting</a></td><td><a name="test1AssertSCRIPT_task1SCRIPT_task2"></a><a href="jbpm/events/174_Error_BoundaryEvent_Transaction_Interrupting.html#test1AssertSCRIPT_task1SCRIPT_task2">test1AssertSCRIPT_task1SCRIPT_task2</a></td><td>Success</td><td></td><td>0.008</td>
</tr>
<tr valign="top" class="TableRowColor">
<td><a href="jbpm/events/175_Error_EndEvent_TopLevel.html">Error_EndEvent_TopLevel</a></td><td><a name="test1AssertSCRIPT_task1ERROR_thrownErrorEvent"></a><a href="jbpm/events/175_Error_EndEvent_TopLevel.html#test1AssertSCRIPT_task1ERROR_thrownErrorEvent">test1AssertSCRIPT_task1ERROR_thrownErrorEvent</a></td><td>Success</td><td></td><td>0.008</td>
</tr>
<tr valign="top" class="TableRowColor">
<td><a href="jbpm/events/176_Error_StartEvent_EventSubProcess_Interrupting.html">Error_StartEvent_EventSubProcess_Interrupting</a></td><td><a name="test1AssertSCRIPT_task1SCRIPT_task2SCRIPT_task3"></a><a href="jbpm/events/176_Error_StartEvent_EventSubProcess_Interrupting.html#test1AssertSCRIPT_task1SCRIPT_task2SCRIPT_task3">test1AssertSCRIPT_task1SCRIPT_task2SCRIPT_task3</a></td><td>Success</td><td></td><td>0.008</td>
</tr>
<tr valign="top" class="Error">
<td><a href="jbpm/events/177_Escalation_BoundaryEvent_SubProcess_Interrupting.html">Escalation_BoundaryEvent_SubProcess_Interrupting</a></td><td><a name="test1AssertSCRIPT_task1SCRIPT_task3"></a><a href="jbpm/events/177_Escalation_BoundaryEvent_SubProcess_Interrupting.html#test1AssertSCRIPT_task1SCRIPT_task3">test1AssertSCRIPT_task1SCRIPT_task3</a></td><td>Error</td><td>expected [SCRIPT_task1, SCRIPT_task3] but got [SCRIPT_task1, SCRIPT_task2, SCRIPT_task3]: array lengths differed, expected.length=2 actual.length=3<br>
<br>
<code>java.lang.AssertionError: expected [SCRIPT_task1, SCRIPT_task3] but got [SCRIPT_task1, SCRIPT_task2, SCRIPT_task3]: array lengths differed, expected.length=2 actual.length=3<br>	at jbpm.events.Escalation_BoundaryEvent_SubProcess_Interrupting.test1AssertSCRIPT_task1SCRIPT_task3(Unknown Source)<br>
</code></td><td>0.012</td>
</tr>
<tr valign="top" class="TableRowColor">
<td><a href="jbpm/events/178_Escalation_BoundaryEvent_SubProcess_NonInterrupting.html">Escalation_BoundaryEvent_SubProcess_NonInterrupting</a></td><td><a name="test1AssertSCRIPT_task1SCRIPT_task2SCRIPT_task3SCRIPT_task4"></a><a href="jbpm/events/178_Escalation_BoundaryEvent_SubProcess_NonInterrupting.html#test1AssertSCRIPT_task1SCRIPT_task2SCRIPT_task3SCRIPT_task4">test1AssertSCRIPT_task1SCRIPT_task2SCRIPT_task3SCRIPT_task4</a></td><td>Success</td><td></td><td>0.007</td>
</tr>
<tr valign="top" class="TableRowColor">
<td><a href="jbpm/events/179_Escalation_EndEvent_SubProcess.html">Escalation_EndEvent_SubProcess</a></td><td><a name="test1AssertSCRIPT_task1"></a><a href="jbpm/events/179_Escalation_EndEvent_SubProcess.html#test1AssertSCRIPT_task1">test1AssertSCRIPT_task1</a></td><td>Success</td><td></td><td>0.008</td>
</tr>
<tr valign="top" class="TableRowColor">
<td><a href="jbpm/events/180_Escalation_EndEvent_TopLevel.html">Escalation_EndEvent_TopLevel</a></td><td><a name="test1AssertSCRIPT_task1ERROR_thrownEscalationEvent"></a><a href="jbpm/events/180_Escalation_EndEvent_TopLevel.html#test1AssertSCRIPT_task1ERROR_thrownEscalationEvent">test1AssertSCRIPT_task1ERROR_thrownEscalationEvent</a></td><td>Success</td><td></td><td>0.007</td>
</tr>
<tr valign="top" class="TableRowColor">
<td><a href="jbpm/events/181_Escalation_IntermediateThrowEvent.html">Escalation_IntermediateThrowEvent</a></td><td><a name="test1AssertSCRIPT_task1"></a><a href="jbpm/events/181_Escalation_IntermediateThrowEvent.html#test1AssertSCRIPT_task1">test1AssertSCRIPT_task1</a></td><td>Success</td><td></td><td>0.007</td>
</tr>
<tr valign="top" class="TableRowColor">
<td><a href="jbpm/events/182_Escalation_StartEvent_EventSubProcess_Interrupting.html">Escalation_StartEvent_EventSubProcess_Interrupting</a></td><td><a name="test1AssertSCRIPT_task2"></a><a href="jbpm/events/182_Escalation_StartEvent_EventSubProcess_Interrupting.html#test1AssertSCRIPT_task2">test1AssertSCRIPT_task2</a></td><td>Success</td><td></td><td>0.007</td>
</tr>
<tr valign="top" class="TableRowColor">
<td><a href="jbpm/events/183_Escalation_StartEvent_EventSubProcess_NonInterrupting.html">Escalation_StartEvent_EventSubProcess_NonInterrupting</a></td><td><a name="test1AssertSCRIPT_task1SCRIPT_task2SCRIPT_task3"></a><a href="jbpm/events/183_Escalation_StartEvent_EventSubProcess_NonInterrupting.html#test1AssertSCRIPT_task1SCRIPT_task2SCRIPT_task3">test1AssertSCRIPT_task1SCRIPT_task2SCRIPT_task3</a></td><td>Success</td><td></td><td>0.008</td>
</tr>
<tr valign="top" class="TableRowColor">
<td><a href="jbpm/events/184_Link_Event.html">Link_Event</a></td><td><a name="test1AssertSCRIPT_task1"></a><a href="jbpm/events/184_Link_Event.html#test1AssertSCRIPT_task1">test1AssertSCRIPT_task1</a></td><td>Success</td><td></td><td>0.007</td>
</tr>
<tr valign="top" class="Error">
<td><a href="jbpm/events/185_Signal_BoundaryEvent_SubProcess_Interrupting.html">Signal_BoundaryEvent_SubProcess_Interrupting</a></td><td><a name="test1AssertSCRIPT_task1SCRIPT_task3"></a><a href="jbpm/events/185_Signal_BoundaryEvent_SubProcess_Interrupting.html#test1AssertSCRIPT_task1SCRIPT_task3">test1AssertSCRIPT_task1SCRIPT_task3</a></td><td>Error</td><td>expected [SCRIPT_task1, SCRIPT_task3] but got [SCRIPT_task1, SCRIPT_task2, SCRIPT_task3]: array lengths differed, expected.length=2 actual.length=3<br>
<br>
<code>java.lang.AssertionError: expected [SCRIPT_task1, SCRIPT_task3] but got [SCRIPT_task1, SCRIPT_task2, SCRIPT_task3]: array lengths differed, expected.length=2 actual.length=3<br>	at jbpm.events.Signal_BoundaryEvent_SubProcess_Interrupting.test1AssertSCRIPT_task1SCRIPT_task3(Unknown Source)<br>
</code></td><td>0.013</td>
</tr>
<tr valign="top" class="TableRowColor">
<td><a href="jbpm/events/186_Signal_BoundaryEvent_SubProcess_NonInterrupting.html">Signal_BoundaryEvent_SubProcess_NonInterrupting</a></td><td><a name="test1AssertSCRIPT_task1SCRIPT_task2SCRIPT_task3SCRIPT_task4"></a><a href="jbpm/events/186_Signal_BoundaryEvent_SubProcess_NonInterrupting.html#test1AssertSCRIPT_task1SCRIPT_task2SCRIPT_task3SCRIPT_task4">test1AssertSCRIPT_task1SCRIPT_task2SCRIPT_task3SCRIPT_task4</a></td><td>Success</td><td></td><td>0.008</td>
</tr>
<tr valign="top" class="TableRowColor">
<td><a href="jbpm/events/187_Signal_EndEvent_SubProcess.html">Signal_EndEvent_SubProcess</a></td><td><a name="test1AssertSCRIPT_task1"></a><a href="jbpm/events/187_Signal_EndEvent_SubProcess.html#test1AssertSCRIPT_task1">test1AssertSCRIPT_task1</a></td><td>Success</td><td></td><td>0.008</td>
</tr>
<tr valign="top" class="TableRowColor">
<td><a href="jbpm/events/188_Signal_IntermediateEvent_ThrowAndCatch.html">Signal_IntermediateEvent_ThrowAndCatch</a></td><td><a name="test1AssertSCRIPT_task1"></a><a href="jbpm/events/188_Signal_IntermediateEvent_ThrowAndCatch.html#test1AssertSCRIPT_task1">test1AssertSCRIPT_task1</a></td><td>Success</td><td></td><td>0.007</td>
</tr>
<tr valign="top" class="TableRowColor">
<td><a href="jbpm/events/189_Signal_StartEvent_EventSubProcess_Interrupting.html">Signal_StartEvent_EventSubProcess_Interrupting</a></td><td><a name="test1AssertSCRIPT_task2"></a><a href="jbpm/events/189_Signal_StartEvent_EventSubProcess_Interrupting.html#test1AssertSCRIPT_task2">test1AssertSCRIPT_task2</a></td><td>Success</td><td></td><td>0.008</td>
</tr>
<tr valign="top" class="TableRowColor">
<td><a href="jbpm/events/190_Signal_StartEvent_EventSubProcess_NonInterrupting.html">Signal_StartEvent_EventSubProcess_NonInterrupting</a></td><td><a name="test1AssertSCRIPT_task1SCRIPT_task2SCRIPT_task3"></a><a href="jbpm/events/190_Signal_StartEvent_EventSubProcess_NonInterrupting.html#test1AssertSCRIPT_task1SCRIPT_task2SCRIPT_task3">test1AssertSCRIPT_task1SCRIPT_task2SCRIPT_task3</a></td><td>Success</td><td></td><td>0.007</td>
</tr>
<tr valign="top" class="TableRowColor">
<td><a href="jbpm/events/191_Terminate_Event.html">Terminate_Event</a></td><td><a name="test1Assert"></a><a href="jbpm/events/191_Terminate_Event.html#test1Assert">test1Assert</a></td><td>Success</td><td></td><td>0.007</td>
</tr>
<tr valign="top" class="TableRowColor">
<td><a href="jbpm/events/192_Timer_BoundaryEvent_SubProcess_Interrupting.html">Timer_BoundaryEvent_SubProcess_Interrupting</a></td><td><a name="test1AssertSCRIPT_task3"></a><a href="jbpm/events/192_Timer_BoundaryEvent_SubProcess_Interrupting.html#test1AssertSCRIPT_task3">test1AssertSCRIPT_task3</a></td><td>Success</td><td></td><td>0.008</td>
</tr>
<tr valign="top" class="TableRowColor">
<td><a href="jbpm/events/193_Timer_BoundaryEvent_SubProcess_NonInterrupting.html">Timer_BoundaryEvent_SubProcess_NonInterrupting</a></td><td><a name="test1AssertSCRIPT_task1SCRIPT_task2SCRIPT_task3"></a><a href="jbpm/events/193_Timer_BoundaryEvent_SubProcess_NonInterrupting.html#test1AssertSCRIPT_task1SCRIPT_task2SCRIPT_task3">test1AssertSCRIPT_task1SCRIPT_task2SCRIPT_task3</a></td><td>Success</td><td></td><td>0.008</td>
</tr>
<tr valign="top" class="TableRowColor">
<td><a href="jbpm/events/194_Timer_IntermediateEvent.html">Timer_IntermediateEvent</a></td><td><a name="test1AssertSCRIPT_task1"></a><a href="jbpm/events/194_Timer_IntermediateEvent.html#test1AssertSCRIPT_task1">test1AssertSCRIPT_task1</a></td><td>Success</td><td></td><td>0.008</td>
</tr>
<tr valign="top" class="Error">
<td><a href="jbpm/events/195_Timer_StartEvent_EventSubProcess_Interrupting.html">Timer_StartEvent_EventSubProcess_Interrupting</a></td><td><a name="test1AssertSCRIPT_task2"></a><a href="jbpm/events/195_Timer_StartEvent_EventSubProcess_Interrupting.html#test1AssertSCRIPT_task2">test1AssertSCRIPT_task2</a></td><td>Error</td><td>expected [SCRIPT_task2] but got []: array lengths differed, expected.length=1 actual.length=0<br>
<br>
<code>java.lang.AssertionError: expected [SCRIPT_task2] but got []: array lengths differed, expected.length=1 actual.length=0<br>	at jbpm.events.Timer_StartEvent_EventSubProcess_Interrupting.test1AssertSCRIPT_task2(Unknown Source)<br>
</code></td><td>0.012</td>
</tr>
<tr valign="top" class="Error">
<td><a href="jbpm/events/196_Timer_StartEvent_EventSubProcess_NonInterrupting.html">Timer_StartEvent_EventSubProcess_NonInterrupting</a></td><td><a name="test1AssertSCRIPT_task1SCRIPT_task2SCRIPT_task3"></a><a href="jbpm/events/196_Timer_StartEvent_EventSubProcess_NonInterrupting.html#test1AssertSCRIPT_task1SCRIPT_task2SCRIPT_task3">test1AssertSCRIPT_task1SCRIPT_task2SCRIPT_task3</a></td><td>Error</td><td>expected [SCRIPT_task1, SCRIPT_task2, SCRIPT_task3] but got [SCRIPT_task1, SCRIPT_task3]: array lengths differed, expected.length=3 actual.length=2<br>
<br>
<code>java.lang.AssertionError: expected [SCRIPT_task1, SCRIPT_task2, SCRIPT_task3] but got [SCRIPT_task1, SCRIPT_task3]: array lengths differed, expected.length=3 actual.length=2<br>	at jbpm.events.Timer_StartEvent_EventSubProcess_NonInterrupting.test1AssertSCRIPT_task1SCRIPT_task2SCRIPT_task3(Unknown Source)<br>
</code></td><td>0.013</td>
</tr>
<tr valign="top" class="Error">
<td><a href="jbpm/gateways/197_ComplexGateway.html">ComplexGateway</a></td><td><a name="test1AssertSCRIPT_task1SCRIPT_task4"></a><a href="jbpm/gateways/197_ComplexGateway.html#test1AssertSCRIPT_task1SCRIPT_task4">test1AssertSCRIPT_task1SCRIPT_task4</a></td><td>Error</td><td>expected [SCRIPT_task1, SCRIPT_task4] but got [ERROR_deployment, ERROR_runtime]: arrays first differed at element [0]; expected:&lt;[SCRIPT_task1]&gt; but was:&lt;[ERROR_deployment]&gt;<br>
<br>
<code>expected [SCRIPT_task1, SCRIPT_task4] but got [ERROR_deployment, ERROR_runtime]: arrays first differed at element [0]; expected:&lt;[SCRIPT_task1]&gt; but was:&lt;[ERROR_deployment]&gt;<br>	at jbpm.gateways.ComplexGateway.test1AssertSCRIPT_task1SCRIPT_task4(Unknown Source)<br>
</code></td><td>0.013</td>
</tr>
<tr valign="top" class="Error">
<td><a href="jbpm/gateways/197_ComplexGateway.html">ComplexGateway</a></td><td><a name="test2AssertSCRIPT_task2SCRIPT_task4"></a><a href="jbpm/gateways/197_ComplexGateway.html#test2AssertSCRIPT_task2SCRIPT_task4">test2AssertSCRIPT_task2SCRIPT_task4</a></td><td>Error</td><td>expected [SCRIPT_task2, SCRIPT_task4] but got [ERROR_deployment, ERROR_runtime]: arrays first differed at element [0]; expected:&lt;[SCRIPT_task2]&gt; but was:&lt;[ERROR_deployment]&gt;<br>
<br>
<code>expected [SCRIPT_task2, SCRIPT_task4] but got [ERROR_deployment, ERROR_runtime]: arrays first differed at element [0]; expected:&lt;[SCRIPT_task2]&gt; but was:&lt;[ERROR_deployment]&gt;<br>	at jbpm.gateways.ComplexGateway.test2AssertSCRIPT_task2SCRIPT_task4(Unknown Source)<br>
</code></td><td>0.013</td>
</tr>
<tr valign="top" class="Error">
<td><a href="jbpm/gateways/197_ComplexGateway.html">ComplexGateway</a></td><td><a name="test3AssertSCRIPT_task3SCRIPT_task4"></a><a href="jbpm/gateways/197_ComplexGateway.html#test3AssertSCRIPT_task3SCRIPT_task4">test3AssertSCRIPT_task3SCRIPT_task4</a></td><td>Error</td><td>expected [SCRIPT_task3, SCRIPT_task4] but got [ERROR_deployment, ERROR_runtime]: arrays first differed at element [0]; expected:&lt;[SCRIPT_task3]&gt; but was:&lt;[ERROR_deployment]&gt;<br>
<br>
<code>expected [SCRIPT_task3, SCRIPT_task4] but got [ERROR_deployment, ERROR_runtime]: arrays first differed at element [0]; expected:&lt;[SCRIPT_task3]&gt; but was:&lt;[ERROR_deployment]&gt;<br>	at jbpm.gateways.ComplexGateway.test3AssertSCRIPT_task3SCRIPT_task4(Unknown Source)<br>
</code></td><td>0.013</td>
</tr>
<tr valign="top" class="Error">
<td><a href="jbpm/gateways/197_ComplexGateway.html">ComplexGateway</a></td><td><a name="test4AssertSCRIPT_task1SCRIPT_task2SCRIPT_task4"></a><a href="jbpm/gateways/197_ComplexGateway.html#test4AssertSCRIPT_task1SCRIPT_task2SCRIPT_task4">test4AssertSCRIPT_task1SCRIPT_task2SCRIPT_task4</a></td><td>Error</td><td>expected [SCRIPT_task1, SCRIPT_task2, SCRIPT_task4] but got [ERROR_deployment, ERROR_runtime]: array lengths differed, expected.length=3 actual.length=2<br>
<br>
<code>java.lang.AssertionError: expected [SCRIPT_task1, SCRIPT_task2, SCRIPT_task4] but got [ERROR_deployment, ERROR_runtime]: array lengths differed, expected.length=3 actual.length=2<br>	at jbpm.gateways.ComplexGateway.test4AssertSCRIPT_task1SCRIPT_task2SCRIPT_task4(Unknown Source)<br>
</code></td><td>0.012</td>
</tr>
<tr valign="top" class="TableRowColor">
<td><a href="jbpm/gateways/198_EventBasedGateway_Signals.html">EventBasedGateway_Signals</a></td><td><a name="test1AssertSCRIPT_task1SCRIPT_task2SCRIPT_task4"></a><a href="jbpm/gateways/198_EventBasedGateway_Signals.html#test1AssertSCRIPT_task1SCRIPT_task2SCRIPT_task4">test1AssertSCRIPT_task1SCRIPT_task2SCRIPT_task4</a></td><td>Success</td><td></td><td>0.007</td>
</tr>
<tr valign="top" class="TableRowColor">
<td><a href="jbpm/gateways/199_EventBasedGateway_Timer.html">EventBasedGateway_Timer</a></td><td><a name="test1AssertSCRIPT_task2"></a><a href="jbpm/gateways/199_EventBasedGateway_Timer.html#test1AssertSCRIPT_task2">test1AssertSCRIPT_task2</a></td><td>Success</td><td></td><td>0.007</td>
</tr>
<tr valign="top" class="TableRowColor">
<td><a href="jbpm/gateways/200_ExclusiveDiverging_InclusiveConverging.html">ExclusiveDiverging_InclusiveConverging</a></td><td><a name="test1AssertSCRIPT_task2SCRIPT_task3"></a><a href="jbpm/gateways/200_ExclusiveDiverging_InclusiveConverging.html#test1AssertSCRIPT_task2SCRIPT_task3">test1AssertSCRIPT_task2SCRIPT_task3</a></td><td>Success</td><td></td><td>0.007</td>
</tr>
<tr valign="top" class="TableRowColor">
<td><a href="jbpm/gateways/200_ExclusiveDiverging_InclusiveConverging.html">ExclusiveDiverging_InclusiveConverging</a></td><td><a name="test2AssertSCRIPT_task1SCRIPT_task3"></a><a href="jbpm/gateways/200_ExclusiveDiverging_InclusiveConverging.html#test2AssertSCRIPT_task1SCRIPT_task3">test2AssertSCRIPT_task1SCRIPT_task3</a></td><td>Success</td><td></td><td>0.007</td>
</tr>
<tr valign="top" class="TableRowColor">
<td><a href="jbpm/gateways/200_ExclusiveDiverging_InclusiveConverging.html">ExclusiveDiverging_InclusiveConverging</a></td><td><a name="test3AssertSCRIPT_task1SCRIPT_task3"></a><a href="jbpm/gateways/200_ExclusiveDiverging_InclusiveConverging.html#test3AssertSCRIPT_task1SCRIPT_task3">test3AssertSCRIPT_task1SCRIPT_task3</a></td><td>Success</td><td></td><td>0.008</td>
</tr>
<tr valign="top" class="Error">
<td><a href="jbpm/gateways/201_ExclusiveGatewayMixed.html">ExclusiveGatewayMixed</a></td><td><a name="test1AssertSCRIPT_task2SCRIPT_task4SCRIPT_task5"></a><a href="jbpm/gateways/201_ExclusiveGatewayMixed.html#test1AssertSCRIPT_task2SCRIPT_task4SCRIPT_task5">test1AssertSCRIPT_task2SCRIPT_task4SCRIPT_task5</a></td><td>Error</td><td>expected [SCRIPT_task2, SCRIPT_task4, SCRIPT_task5] but got [ERROR_deployment, ERROR_runtime]: array lengths differed, expected.length=3 actual.length=2<br>
<br>
<code>java.lang.AssertionError: expected [SCRIPT_task2, SCRIPT_task4, SCRIPT_task5] but got [ERROR_deployment, ERROR_runtime]: array lengths differed, expected.length=3 actual.length=2<br>	at jbpm.gateways.ExclusiveGatewayMixed.test1AssertSCRIPT_task2SCRIPT_task4SCRIPT_task5(Unknown Source)<br>
</code></td><td>0.012</td>
</tr>
<tr valign="top" class="Error">
<td><a href="jbpm/gateways/201_ExclusiveGatewayMixed.html">ExclusiveGatewayMixed</a></td><td><a name="test2AssertSCRIPT_task1SCRIPT_task3SCRIPT_task5"></a><a href="jbpm/gateways/201_ExclusiveGatewayMixed.html#test2AssertSCRIPT_task1SCRIPT_task3SCRIPT_task5">test2AssertSCRIPT_task1SCRIPT_task3SCRIPT_task5</a></td><td>Error</td><td>expected [SCRIPT_task1, SCRIPT_task3, SCRIPT_task5] but got [ERROR_deployment, ERROR_runtime]: array lengths differed, expected.length=3 actual.length=2<br>
<br>
<code>java.lang.AssertionError: expected [SCRIPT_task1, SCRIPT_task3, SCRIPT_task5] but got [ERROR_deployment, ERROR_runtime]: array lengths differed, expected.length=3 actual.length=2<br>	at jbpm.gateways.ExclusiveGatewayMixed.test2AssertSCRIPT_task1SCRIPT_task3SCRIPT_task5(Unknown Source)<br>
</code></td><td>0.012</td>
</tr>
<tr valign="top" class="Error">
<td><a href="jbpm/gateways/201_ExclusiveGatewayMixed.html">ExclusiveGatewayMixed</a></td><td><a name="test3AssertSCRIPT_task1SCRIPT_task3SCRIPT_task5"></a><a href="jbpm/gateways/201_ExclusiveGatewayMixed.html#test3AssertSCRIPT_task1SCRIPT_task3SCRIPT_task5">test3AssertSCRIPT_task1SCRIPT_task3SCRIPT_task5</a></td><td>Error</td><td>expected [SCRIPT_task1, SCRIPT_task3, SCRIPT_task5] but got [ERROR_deployment, ERROR_runtime]: array lengths differed, expected.length=3 actual.length=2<br>
<br>
<code>java.lang.AssertionError: expected [SCRIPT_task1, SCRIPT_task3, SCRIPT_task5] but got [ERROR_deployment, ERROR_runtime]: array lengths differed, expected.length=3 actual.length=2<br>	at jbpm.gateways.ExclusiveGatewayMixed.test3AssertSCRIPT_task1SCRIPT_task3SCRIPT_task5(Unknown Source)<br>
</code></td><td>0.011</td>
</tr>
<tr valign="top" class="TableRowColor">
<td><a href="jbpm/gateways/202_ExclusiveGateway.html">ExclusiveGateway</a></td><td><a name="test1AssertSCRIPT_task2SCRIPT_task3"></a><a href="jbpm/gateways/202_ExclusiveGateway.html#test1AssertSCRIPT_task2SCRIPT_task3">test1AssertSCRIPT_task2SCRIPT_task3</a></td><td>Success</td><td></td><td>0.008</td>
</tr>
<tr valign="top" class="TableRowColor">
<td><a href="jbpm/gateways/202_ExclusiveGateway.html">ExclusiveGateway</a></td><td><a name="test2AssertSCRIPT_task1SCRIPT_task3"></a><a href="jbpm/gateways/202_ExclusiveGateway.html#test2AssertSCRIPT_task1SCRIPT_task3">test2AssertSCRIPT_task1SCRIPT_task3</a></td><td>Success</td><td></td><td>0.008</td>
</tr>
<tr valign="top" class="TableRowColor">
<td><a href="jbpm/gateways/202_ExclusiveGateway.html">ExclusiveGateway</a></td><td><a name="test3AssertSCRIPT_task1SCRIPT_task3"></a><a href="jbpm/gateways/202_ExclusiveGateway.html#test3AssertSCRIPT_task1SCRIPT_task3">test3AssertSCRIPT_task1SCRIPT_task3</a></td><td>Success</td><td></td><td>0.008</td>
</tr>
<tr valign="top" class="TableRowColor">
<td><a href="jbpm/gateways/202_ExclusiveGateway.html">ExclusiveGateway</a></td><td><a name="test4AssertERROR_runtime"></a><a href="jbpm/gateways/202_ExclusiveGateway.html#test4AssertERROR_runtime">test4AssertERROR_runtime</a></td><td>Success</td><td></td><td>0.008</td>
</tr>
<tr valign="top" class="TableRowColor">
<td><a href="jbpm/gateways/203_ExclusiveGateway_Default.html">ExclusiveGateway_Default</a></td><td><a name="test1AssertSCRIPT_task2SCRIPT_task4"></a><a href="jbpm/gateways/203_ExclusiveGateway_Default.html#test1AssertSCRIPT_task2SCRIPT_task4">test1AssertSCRIPT_task2SCRIPT_task4</a></td><td>Success</td><td></td><td>0.007</td>
</tr>
<tr valign="top" class="TableRowColor">
<td><a href="jbpm/gateways/203_ExclusiveGateway_Default.html">ExclusiveGateway_Default</a></td><td><a name="test2AssertSCRIPT_task1SCRIPT_task4"></a><a href="jbpm/gateways/203_ExclusiveGateway_Default.html#test2AssertSCRIPT_task1SCRIPT_task4">test2AssertSCRIPT_task1SCRIPT_task4</a></td><td>Success</td><td></td><td>0.007</td>
</tr>
<tr valign="top" class="TableRowColor">
<td><a href="jbpm/gateways/203_ExclusiveGateway_Default.html">ExclusiveGateway_Default</a></td><td><a name="test3AssertSCRIPT_task1SCRIPT_task4"></a><a href="jbpm/gateways/203_ExclusiveGateway_Default.html#test3AssertSCRIPT_task1SCRIPT_task4">test3AssertSCRIPT_task1SCRIPT_task4</a></td><td>Success</td><td></td><td>0.008</td>
</tr>
<tr valign="top" class="TableRowColor">
<td><a href="jbpm/gateways/203_ExclusiveGateway_Default.html">ExclusiveGateway_Default</a></td><td><a name="test4AssertSCRIPT_task3SCRIPT_task4"></a><a href="jbpm/gateways/203_ExclusiveGateway_Default.html#test4AssertSCRIPT_task3SCRIPT_task4">test4AssertSCRIPT_task3SCRIPT_task4</a></td><td>Success</td><td></td><td>0.007</td>
</tr>
<tr valign="top" class="TableRowColor">
<td><a href="jbpm/gateways/204_InclusiveDiverging_ExclusiveConverging.html">InclusiveDiverging_ExclusiveConverging</a></td><td><a name="test1AssertSCRIPT_task1SCRIPT_task3SCRIPT_task2SCRIPT_task3"></a><a href="jbpm/gateways/204_InclusiveDiverging_ExclusiveConverging.html#test1AssertSCRIPT_task1SCRIPT_task3SCRIPT_task2SCRIPT_task3">test1AssertSCRIPT_task1SCRIPT_task3SCRIPT_task2SCRIPT_task3</a></td><td>Success</td><td></td><td>0.008</td>
</tr>
<tr valign="top" class="TableRowColor">
<td><a href="jbpm/gateways/204_InclusiveDiverging_ExclusiveConverging.html">InclusiveDiverging_ExclusiveConverging</a></td><td><a name="test2AssertSCRIPT_task1SCRIPT_task3"></a><a href="jbpm/gateways/204_InclusiveDiverging_ExclusiveConverging.html#test2AssertSCRIPT_task1SCRIPT_task3">test2AssertSCRIPT_task1SCRIPT_task3</a></td><td>Success</td><td></td><td>0.008</td>
</tr>
<tr valign="top" class="TableRowColor">
<td><a href="jbpm/gateways/204_InclusiveDiverging_ExclusiveConverging.html">InclusiveDiverging_ExclusiveConverging</a></td><td><a name="test3AssertSCRIPT_task2SCRIPT_task3"></a><a href="jbpm/gateways/204_InclusiveDiverging_ExclusiveConverging.html#test3AssertSCRIPT_task2SCRIPT_task3">test3AssertSCRIPT_task2SCRIPT_task3</a></td><td>Success</td><td></td><td>0.008</td>
</tr>
<tr valign="top" class="TableRowColor">
<td><a href="jbpm/gateways/205_InclusiveGateway.html">InclusiveGateway</a></td><td><a name="test1AssertSCRIPT_task1SCRIPT_task2SCRIPT_task3"></a><a href="jbpm/gateways/205_InclusiveGateway.html#test1AssertSCRIPT_task1SCRIPT_task2SCRIPT_task3">test1AssertSCRIPT_task1SCRIPT_task2SCRIPT_task3</a></td><td>Success</td><td></td><td>0.008</td>
</tr>
<tr valign="top" class="TableRowColor">
<td><a href="jbpm/gateways/205_InclusiveGateway.html">InclusiveGateway</a></td><td><a name="test2AssertSCRIPT_task1SCRIPT_task3"></a><a href="jbpm/gateways/205_InclusiveGateway.html#test2AssertSCRIPT_task1SCRIPT_task3">test2AssertSCRIPT_task1SCRIPT_task3</a></td><td>Success</td><td></td><td>0.007</td>
</tr>
<tr valign="top" class="TableRowColor">
<td><a href="jbpm/gateways/205_InclusiveGateway.html">InclusiveGateway</a></td><td><a name="test3AssertSCRIPT_task2SCRIPT_task3"></a><a href="jbpm/gateways/205_InclusiveGateway.html#test3AssertSCRIPT_task2SCRIPT_task3">test3AssertSCRIPT_task2SCRIPT_task3</a></td><td>Success</td><td></td><td>0.007</td>
</tr>
<tr valign="top" class="TableRowColor">
<td><a href="jbpm/gateways/205_InclusiveGateway.html">InclusiveGateway</a></td><td><a name="test4AssertERROR_runtime"></a><a href="jbpm/gateways/205_InclusiveGateway.html#test4AssertERROR_runtime">test4AssertERROR_runtime</a></td><td>Success</td><td></td><td>0.008</td>
</tr>
<tr valign="top" class="Error">
<td><a href="jbpm/gateways/206_InclusiveGateway_Default.html">InclusiveGateway_Default</a></td><td><a name="test1AssertSCRIPT_task3SCRIPT_task4"></a><a href="jbpm/gateways/206_InclusiveGateway_Default.html#test1AssertSCRIPT_task3SCRIPT_task4">test1AssertSCRIPT_task3SCRIPT_task4</a></td><td>Error</td><td>expected [SCRIPT_task3, SCRIPT_task4] but got [ERROR_runtime]: array lengths differed, expected.length=2 actual.length=1<br>
<br>
<code>java.lang.AssertionError: expected [SCRIPT_task3, SCRIPT_task4] but got [ERROR_runtime]: array lengths differed, expected.length=2 actual.length=1<br>	at jbpm.gateways.InclusiveGateway_Default.test1AssertSCRIPT_task3SCRIPT_task4(Unknown Source)<br>
</code></td><td>0.012</td>
</tr>
<tr valign="top" class="TableRowColor">
<td><a href="jbpm/gateways/207_ParallelDiverging_ExclusiveConverging.html">ParallelDiverging_ExclusiveConverging</a></td><td><a name="test1AssertSCRIPT_task1SCRIPT_task3SCRIPT_task2SCRIPT_task3"></a><a href="jbpm/gateways/207_ParallelDiverging_ExclusiveConverging.html#test1AssertSCRIPT_task1SCRIPT_task3SCRIPT_task2SCRIPT_task3">test1AssertSCRIPT_task1SCRIPT_task3SCRIPT_task2SCRIPT_task3</a></td><td>Success</td><td></td><td>0.008</td>
</tr>
<tr valign="top" class="TableRowColor">
<td><a href="jbpm/gateways/208_ParallelDiverging_InclusiveConverging.html">ParallelDiverging_InclusiveConverging</a></td><td><a name="test1AssertSCRIPT_task1SCRIPT_task2SCRIPT_task3"></a><a href="jbpm/gateways/208_ParallelDiverging_InclusiveConverging.html#test1AssertSCRIPT_task1SCRIPT_task2SCRIPT_task3">test1AssertSCRIPT_task1SCRIPT_task2SCRIPT_task3</a></td><td>Success</td><td></td><td>0.008</td>
</tr>
<tr valign="top" class="TableRowColor">
<td><a href="jbpm/gateways/209_ParallelGateway.html">ParallelGateway</a></td><td><a name="test1AssertSCRIPT_task1SCRIPT_task2SCRIPT_task3"></a><a href="jbpm/gateways/209_ParallelGateway.html#test1AssertSCRIPT_task1SCRIPT_task2SCRIPT_task3">test1AssertSCRIPT_task1SCRIPT_task2SCRIPT_task3</a></td><td>Success</td><td></td><td>0.007</td>
</tr>
</table>
</body>
</html>
